{"name":"beforeTest","status":"broken","statusDetails":{"known":false,"muted":false,"flaky":false,"message":"Unable to create a new remote session. Please check the server log for more details. Original error: An unknown server-side error occurred while processing the command. Original error: App with bundle identifier 'com.weather.TWC' unknown\nBuild info: version: '3.141.59', revision: 'e82be7d358', time: '2018-11-14T08:17:03'\nSystem info: host: 'Aswinikumars-MacBook-Pro.local', ip: 'fe80:0:0:0:1c4c:3a2c:9eb:20e8%en0', os.name: 'Mac OS X', os.arch: 'x86_64', os.version: '10.16', java.version: '1.8.0_311'\nDriver info: driver.version: IOSDriver\nremote stacktrace: UnknownError: An unknown server-side error occurred while processing the command. Original error: App with bundle identifier 'com.weather.TWC' unknown\n    at getResponseForW3CError (/usr/local/lib/node_modules/appium/node_modules/appium-base-driver/lib/protocol/errors.js:804:9)\n    at asyncHandler (/usr/local/lib/node_modules/appium/node_modules/appium-base-driver/lib/protocol/protocol.js:380:37)\nBuild info: version: '3.141.59', revision: 'e82be7d358', time: '2018-11-14T08:17:03'\nSystem info: host: 'Aswinikumars-MacBook-Pro.local', ip: 'fe80:0:0:0:1c4c:3a2c:9eb:20e8%en0', os.name: 'Mac OS X', os.arch: 'x86_64', os.version: '10.16', java.version: '1.8.0_311'\nDriver info: driver.version: IOSDriver","trace":"org.openqa.selenium.SessionNotCreatedException: Unable to create a new remote session. Please check the server log for more details. Original error: An unknown server-side error occurred while processing the command. Original error: App with bundle identifier 'com.weather.TWC' unknown\nBuild info: version: '3.141.59', revision: 'e82be7d358', time: '2018-11-14T08:17:03'\nSystem info: host: 'Aswinikumars-MacBook-Pro.local', ip: 'fe80:0:0:0:1c4c:3a2c:9eb:20e8%en0', os.name: 'Mac OS X', os.arch: 'x86_64', os.version: '10.16', java.version: '1.8.0_311'\nDriver info: driver.version: IOSDriver\nremote stacktrace: UnknownError: An unknown server-side error occurred while processing the command. Original error: App with bundle identifier 'com.weather.TWC' unknown\n    at getResponseForW3CError (/usr/local/lib/node_modules/appium/node_modules/appium-base-driver/lib/protocol/errors.js:804:9)\n    at asyncHandler (/usr/local/lib/node_modules/appium/node_modules/appium-base-driver/lib/protocol/protocol.js:380:37)\nBuild info: version: '3.141.59', revision: 'e82be7d358', time: '2018-11-14T08:17:03'\nSystem info: host: 'Aswinikumars-MacBook-Pro.local', ip: 'fe80:0:0:0:1c4c:3a2c:9eb:20e8%en0', os.name: 'Mac OS X', os.arch: 'x86_64', os.version: '10.16', java.version: '1.8.0_311'\nDriver info: driver.version: IOSDriver\n\tat io.appium.java_client.remote.AppiumCommandExecutor$1.createSession(AppiumCommandExecutor.java:208)\n\tat io.appium.java_client.remote.AppiumCommandExecutor.createSession(AppiumCommandExecutor.java:217)\n\tat io.appium.java_client.remote.AppiumCommandExecutor.execute(AppiumCommandExecutor.java:239)\n\tat org.openqa.selenium.remote.RemoteWebDriver.execute(RemoteWebDriver.java:552)\n\tat io.appium.java_client.DefaultGenericMobileDriver.execute(DefaultGenericMobileDriver.java:41)\n\tat io.appium.java_client.AppiumDriver.execute(AppiumDriver.java:1)\n\tat io.appium.java_client.ios.IOSDriver.execute(IOSDriver.java:1)\n\tat org.openqa.selenium.remote.RemoteWebDriver.startSession(RemoteWebDriver.java:213)\n\tat io.appium.java_client.AppiumDriver.startSession(AppiumDriver.java:336)\n\tat org.openqa.selenium.remote.RemoteWebDriver.<init>(RemoteWebDriver.java:131)\n\tat io.appium.java_client.DefaultGenericMobileDriver.<init>(DefaultGenericMobileDriver.java:37)\n\tat io.appium.java_client.AppiumDriver.<init>(AppiumDriver.java:88)\n\tat io.appium.java_client.AppiumDriver.<init>(AppiumDriver.java:98)\n\tat io.appium.java_client.ios.IOSDriver.<init>(IOSDriver.java:90)\n\tat com.twc.ios.app.functions.Functions.launchtheApp(Functions.java:392)\n\tat com.twc.ios.app.testcases.SmokeTest.beforeTest(SmokeTest.java:116)\n\tat sun.reflect.NativeMethodAccessorImpl.invoke0(Native Method)\n\tat sun.reflect.NativeMethodAccessorImpl.invoke(NativeMethodAccessorImpl.java:62)\n\tat sun.reflect.DelegatingMethodAccessorImpl.invoke(DelegatingMethodAccessorImpl.java:43)\n\tat java.lang.reflect.Method.invoke(Method.java:498)\n\tat org.testng.internal.MethodInvocationHelper.invokeMethod(MethodInvocationHelper.java:86)\n\tat org.testng.internal.Invoker.invokeMethod(Invoker.java:643)\n\tat org.testng.internal.Invoker.invokeTestMethod(Invoker.java:820)\n\tat org.testng.internal.Invoker.invokeTestMethods(Invoker.java:1128)\n\tat org.testng.internal.TestMethodWorker.invokeTestMethods(TestMethodWorker.java:129)\n\tat org.testng.internal.TestMethodWorker.run(TestMethodWorker.java:112)\n\tat org.testng.TestRunner.privateRun(TestRunner.java:782)\n\tat org.testng.TestRunner.run(TestRunner.java:632)\n\tat org.testng.SuiteRunner.runTest(SuiteRunner.java:366)\n\tat org.testng.SuiteRunner.runSequentially(SuiteRunner.java:361)\n\tat org.testng.SuiteRunner.privateRun(SuiteRunner.java:319)\n\tat org.testng.SuiteRunner.run(SuiteRunner.java:268)\n\tat org.testng.SuiteRunnerWorker.runSuite(SuiteRunnerWorker.java:52)\n\tat org.testng.SuiteRunnerWorker.run(SuiteRunnerWorker.java:86)\n\tat org.testng.TestNG.runSuitesSequentially(TestNG.java:1244)\n\tat org.testng.TestNG.runSuitesLocally(TestNG.java:1169)\n\tat org.testng.TestNG.run(TestNG.java:1064)\n\tat org.testng.remote.AbstractRemoteTestNG.run(AbstractRemoteTestNG.java:115)\n\tat org.testng.remote.RemoteTestNG.initAndRun(RemoteTestNG.java:251)\n\tat org.testng.remote.RemoteTestNG.main(RemoteTestNG.java:77)\nCaused by: java.lang.reflect.InvocationTargetException\n\tat sun.reflect.NativeMethodAccessorImpl.invoke0(Native Method)\n\tat sun.reflect.NativeMethodAccessorImpl.invoke(NativeMethodAccessorImpl.java:62)\n\tat sun.reflect.DelegatingMethodAccessorImpl.invoke(DelegatingMethodAccessorImpl.java:43)\n\tat java.lang.reflect.Method.invoke(Method.java:498)\n\tat io.appium.java_client.remote.AppiumCommandExecutor$1.createSession(AppiumCommandExecutor.java:186)\n\t... 39 more\nCaused by: org.openqa.selenium.WebDriverException: An unknown server-side error occurred while processing the command. Original error: App with bundle identifier 'com.weather.TWC' unknown\nBuild info: version: '3.141.59', revision: 'e82be7d358', time: '2018-11-14T08:17:03'\nSystem info: host: 'Aswinikumars-MacBook-Pro.local', ip: 'fe80:0:0:0:1c4c:3a2c:9eb:20e8%en0', os.name: 'Mac OS X', os.arch: 'x86_64', os.version: '10.16', java.version: '1.8.0_311'\nDriver info: driver.version: IOSDriver\nremote stacktrace: UnknownError: An unknown server-side error occurred while processing the command. Original error: App with bundle identifier 'com.weather.TWC' unknown\n    at getResponseForW3CError (/usr/local/lib/node_modules/appium/node_modules/appium-base-driver/lib/protocol/errors.js:804:9)\n    at asyncHandler (/usr/local/lib/node_modules/appium/node_modules/appium-base-driver/lib/protocol/protocol.js:380:37)\n\tat sun.reflect.NativeConstructorAccessorImpl.newInstance0(Native Method)\n\tat sun.reflect.NativeConstructorAccessorImpl.newInstance(NativeConstructorAccessorImpl.java:62)\n\tat sun.reflect.DelegatingConstructorAccessorImpl.newInstance(DelegatingConstructorAccessorImpl.java:45)\n\tat java.lang.reflect.Constructor.newInstance(Constructor.java:423)\n\tat org.openqa.selenium.remote.W3CHandshakeResponse.lambda$errorHandler$0(W3CHandshakeResponse.java:62)\n\tat org.openqa.selenium.remote.HandshakeResponse.lambda$getResponseFunction$0(HandshakeResponse.java:30)\n\tat org.openqa.selenium.remote.ProtocolHandshake.lambda$createSession$0(ProtocolHandshake.java:126)\n\tat java.util.stream.ReferencePipeline$3$1.accept(ReferencePipeline.java:193)\n\tat java.util.Spliterators$ArraySpliterator.tryAdvance(Spliterators.java:958)\n\tat java.util.stream.ReferencePipeline.forEachWithCancel(ReferencePipeline.java:126)\n\tat java.util.stream.AbstractPipeline.copyIntoWithCancel(AbstractPipeline.java:499)\n\tat java.util.stream.AbstractPipeline.copyInto(AbstractPipeline.java:486)\n\tat java.util.stream.AbstractPipeline.wrapAndCopyInto(AbstractPipeline.java:472)\n\tat java.util.stream.FindOps$FindOp.evaluateSequential(FindOps.java:152)\n\tat java.util.stream.AbstractPipeline.evaluate(AbstractPipeline.java:234)\n\tat java.util.stream.ReferencePipeline.findFirst(ReferencePipeline.java:464)\n\tat org.openqa.selenium.remote.ProtocolHandshake.createSession(ProtocolHandshake.java:128)\n\t... 44 more\n"},"stage":"finished","description":"Updating Device Proxy Details and Launch the App","steps":[{"name":"****** Updating Device Proxy Details and Launch the App test case Started","status":"passed","stage":"finished","steps":[],"attachments":[],"parameters":[{"name":"stepName","value":"****** Updating Device Proxy Details and Launch the App test case Started"}],"start":1646117930707,"stop":1646117930707},{"name":"Current IP Address is : 10.128.66.94","status":"passed","stage":"finished","steps":[],"attachments":[],"parameters":[{"name":"stepName","value":"Current IP Address is : 10.128.66.94"}],"start":1646117971405,"stop":1646117971405},{"name":"Previous IP Address Value :192.168.1.100-----Current IP Address Value :10.128.66.94","status":"passed","stage":"finished","steps":[],"attachments":[],"parameters":[{"name":"stepName","value":"Previous IP Address Value :192.168.1.100-----Current IP Address Value :10.128.66.94"}],"start":1646117971411,"stop":1646117971411},{"name":"Since IP Check is ignored, updating proxy settings of iPhone","status":"passed","stage":"finished","steps":[],"attachments":[],"parameters":[{"name":"stepName","value":"Since IP Check is ignored, updating proxy settings of iPhone"}],"start":1646117971411,"stop":1646117971411},{"name":"Settings app launched","status":"passed","stage":"finished","steps":[],"attachments":[],"parameters":[{"name":"stepName","value":"Settings app launched"}],"start":1646118058558,"stop":1646118058558},{"name":"Clicked on Wifi on Settings screen","status":"passed","stage":"finished","steps":[],"attachments":[],"parameters":[{"name":"stepName","value":"Clicked on Wifi on Settings screen"}],"start":1646118059813,"stop":1646118059813},{"name":"Not able to click on Desired Wifi Network ","status":"passed","stage":"finished","steps":[],"attachments":[],"parameters":[{"name":"stepName","value":"Not able to click on Desired Wifi Network "}],"start":1646118100145,"stop":1646118100145},{"name":"An exception while updating proxy details in iPhone","status":"passed","stage":"finished","steps":[],"attachments":[],"parameters":[{"name":"stepName","value":"An exception while updating proxy details in iPhone"}],"start":1646118205870,"stop":1646118205870},{"name":"Updating previous IP details in properties file","status":"passed","stage":"finished","steps":[],"attachments":[],"parameters":[{"name":"stepName","value":"Updating previous IP details in properties file"}],"start":1646118205870,"stop":1646118205870},{"name":"Url :http://control.charles/recording/start Responded with status code : 200","status":"passed","stage":"finished","steps":[],"attachments":[],"parameters":[{"name":"stepName","value":"Url :http://control.charles/recording/start Responded with status code : 200"}],"start":1646118205878,"stop":1646118205878},{"name":"Url :http://control.charles/session/clear Responded with status code : 200","status":"passed","stage":"finished","steps":[],"attachments":[],"parameters":[{"name":"stepName","value":"Url :http://control.charles/session/clear Responded with status code : 200"}],"start":1646118205886,"stop":1646118205886},{"name":"Charles Session cleared","status":"passed","stage":"finished","steps":[],"attachments":[],"parameters":[{"name":"stepName","value":"Charles Session cleared"}],"start":1646118205887,"stop":1646118205887}],"attachments":[],"parameters":[],"start":1646117930707,"stop":1646118208877,"uuid":"c3215eec-754a-4759-9ff9-e1d9db706acf","historyId":"587656ae3d98bea76788d92e37d7d310","fullName":"com.twc.ios.app.testcases.SmokeTest.beforeTest","labels":[{"name":"package","value":"com.twc.ios.app.testcases.SmokeTest"},{"name":"testClass","value":"com.twc.ios.app.testcases.SmokeTest"},{"name":"testMethod","value":"beforeTest"},{"name":"parentSuite","value":"Default suite"},{"name":"suite","value":"Default test"},{"name":"subSuite","value":"com.twc.ios.app.testcases.SmokeTest"},{"name":"host","value":"Aswinikumars-MacBook-Pro.local"},{"name":"thread","value":"2367@Aswinikumars-MacBook-Pro.local.main(1)"},{"name":"framework","value":"testng"},{"name":"language","value":"java"}],"links":[]}