{"name":"Verify_Feed_Calls","status":"broken","statusDetails":{"known":false,"muted":false,"flaky":false,"message":"An element could not be located on the page using the given search parameters.\nFor documentation on this error, please visit: https://www.seleniumhq.org/exceptions/no_such_element.html\nBuild info: version: '3.141.59', revision: 'e82be7d358', time: '2018-11-14T08:17:03'\nSystem info: host: 'Aswinikumars-MacBook-Pro.local', ip: 'fe80:0:0:0:1c4c:3a2c:9eb:20e8%en0', os.name: 'Mac OS X', os.arch: 'x86_64', os.version: '10.16', java.version: '1.8.0_311'\nDriver info: io.appium.java_client.ios.IOSDriver\nCapabilities {appPackage: com.weather.TWC, appium-version: 1.18.3, autoLaunch: true, automationName: XCUITest, browserName: , bundleId: com.weather.TWC, clearSystemFiles: true, databaseEnabled: false, device: iPhone, deviceName: =iPhone13, forceIphone: true, javascriptEnabled: true, launchTimeout: 60000, locationContextEnabled: false, networkConnectionEnabled: false, newCommandTimeout: 7200, noReset: true, platform: MAC, platformName: iOS, platformVersion: 15.2, realDeviceLogger: /Users/apple/node_modules/d..., takesScreenshot: true, udid: 00008110-000239112661801E, useNewWDA: true, wdaLocalPort: 7403, webStorageEnabled: false, xcodeConfigfile: /Applications/Appium.app/Co...}\nSession ID: 3cf691af-32a0-4fd3-90e7-bfcb533dad21\n*** Element info: {Using=name, value=settingsButton}","trace":"org.openqa.selenium.NoSuchElementException: An element could not be located on the page using the given search parameters.\nFor documentation on this error, please visit: https://www.seleniumhq.org/exceptions/no_such_element.html\nBuild info: version: '3.141.59', revision: 'e82be7d358', time: '2018-11-14T08:17:03'\nSystem info: host: 'Aswinikumars-MacBook-Pro.local', ip: 'fe80:0:0:0:1c4c:3a2c:9eb:20e8%en0', os.name: 'Mac OS X', os.arch: 'x86_64', os.version: '10.16', java.version: '1.8.0_311'\nDriver info: io.appium.java_client.ios.IOSDriver\nCapabilities {appPackage: com.weather.TWC, appium-version: 1.18.3, autoLaunch: true, automationName: XCUITest, browserName: , bundleId: com.weather.TWC, clearSystemFiles: true, databaseEnabled: false, device: iPhone, deviceName: =iPhone13, forceIphone: true, javascriptEnabled: true, launchTimeout: 60000, locationContextEnabled: false, networkConnectionEnabled: false, newCommandTimeout: 7200, noReset: true, platform: MAC, platformName: iOS, platformVersion: 15.2, realDeviceLogger: /Users/apple/node_modules/d..., takesScreenshot: true, udid: 00008110-000239112661801E, useNewWDA: true, wdaLocalPort: 7403, webStorageEnabled: false, xcodeConfigfile: /Applications/Appium.app/Co...}\nSession ID: 3cf691af-32a0-4fd3-90e7-bfcb533dad21\n*** Element info: {Using=name, value=settingsButton}\n\tat sun.reflect.GeneratedConstructorAccessor56.newInstance(Unknown Source)\n\tat sun.reflect.DelegatingConstructorAccessorImpl.newInstance(DelegatingConstructorAccessorImpl.java:45)\n\tat java.lang.reflect.Constructor.newInstance(Constructor.java:423)\n\tat org.openqa.selenium.remote.http.W3CHttpResponseCodec.createException(W3CHttpResponseCodec.java:187)\n\tat org.openqa.selenium.remote.http.W3CHttpResponseCodec.decode(W3CHttpResponseCodec.java:122)\n\tat org.openqa.selenium.remote.http.W3CHttpResponseCodec.decode(W3CHttpResponseCodec.java:49)\n\tat org.openqa.selenium.remote.HttpCommandExecutor.execute(HttpCommandExecutor.java:158)\n\tat io.appium.java_client.remote.AppiumCommandExecutor.execute(AppiumCommandExecutor.java:239)\n\tat org.openqa.selenium.remote.RemoteWebDriver.execute(RemoteWebDriver.java:552)\n\tat io.appium.java_client.DefaultGenericMobileDriver.execute(DefaultGenericMobileDriver.java:41)\n\tat io.appium.java_client.AppiumDriver.execute(AppiumDriver.java:1)\n\tat io.appium.java_client.ios.IOSDriver.execute(IOSDriver.java:1)\n\tat org.openqa.selenium.remote.RemoteWebDriver.findElement(RemoteWebDriver.java:323)\n\tat io.appium.java_client.DefaultGenericMobileDriver.findElement(DefaultGenericMobileDriver.java:61)\n\tat io.appium.java_client.AppiumDriver.findElement(AppiumDriver.java:1)\n\tat io.appium.java_client.ios.IOSDriver.findElement(IOSDriver.java:1)\n\tat org.openqa.selenium.remote.RemoteWebDriver.findElementByName(RemoteWebDriver.java:404)\n\tat io.appium.java_client.DefaultGenericMobileDriver.findElementByName(DefaultGenericMobileDriver.java:117)\n\tat io.appium.java_client.AppiumDriver.findElementByName(AppiumDriver.java:1)\n\tat io.appium.java_client.ios.IOSDriver.findElementByName(IOSDriver.java:1)\n\tat com.twc.ios.app.pages.SettingsScreen.select_Airlock_Branch(SettingsScreen.java:1398)\n\tat com.twc.ios.app.testcases.SmokeTest.Verify_Feed_Calls(SmokeTest.java:158)\n\tat sun.reflect.NativeMethodAccessorImpl.invoke0(Native Method)\n\tat sun.reflect.NativeMethodAccessorImpl.invoke(NativeMethodAccessorImpl.java:62)\n\tat sun.reflect.DelegatingMethodAccessorImpl.invoke(DelegatingMethodAccessorImpl.java:43)\n\tat java.lang.reflect.Method.invoke(Method.java:498)\n\tat org.testng.internal.MethodInvocationHelper.invokeMethod(MethodInvocationHelper.java:86)\n\tat org.testng.internal.Invoker.invokeMethod(Invoker.java:643)\n\tat org.testng.internal.Invoker.invokeTestMethod(Invoker.java:820)\n\tat org.testng.internal.Invoker.invokeTestMethods(Invoker.java:1128)\n\tat org.testng.internal.TestMethodWorker.invokeTestMethods(TestMethodWorker.java:129)\n\tat org.testng.internal.TestMethodWorker.run(TestMethodWorker.java:112)\n\tat org.testng.TestRunner.privateRun(TestRunner.java:782)\n\tat org.testng.TestRunner.run(TestRunner.java:632)\n\tat org.testng.SuiteRunner.runTest(SuiteRunner.java:366)\n\tat org.testng.SuiteRunner.runSequentially(SuiteRunner.java:361)\n\tat org.testng.SuiteRunner.privateRun(SuiteRunner.java:319)\n\tat org.testng.SuiteRunner.run(SuiteRunner.java:268)\n\tat org.testng.SuiteRunnerWorker.runSuite(SuiteRunnerWorker.java:52)\n\tat org.testng.SuiteRunnerWorker.run(SuiteRunnerWorker.java:86)\n\tat org.testng.TestNG.runSuitesSequentially(TestNG.java:1244)\n\tat org.testng.TestNG.runSuitesLocally(TestNG.java:1169)\n\tat org.testng.TestNG.run(TestNG.java:1064)\n\tat org.testng.remote.AbstractRemoteTestNG.run(AbstractRemoteTestNG.java:115)\n\tat org.testng.remote.RemoteTestNG.initAndRun(RemoteTestNG.java:251)\n\tat org.testng.remote.RemoteTestNG.main(RemoteTestNG.java:77)\n"},"stage":"finished","description":"Feed Calls Validation","steps":[{"name":"Feed Calls Validation test started","status":"passed","stage":"finished","steps":[],"attachments":[],"parameters":[{"name":"stepName","value":"Feed Calls Validation test started"}],"start":1646137064581,"stop":1646137064581},{"name":"Select Airlock Branch: IOSAUTOMATION02","status":"broken","statusDetails":{"known":false,"muted":false,"flaky":false,"message":"An element could not be located on the page using the given search parameters.\nFor documentation on this error, please visit: https://www.seleniumhq.org/exceptions/no_such_element.html\nBuild info: version: '3.141.59', revision: 'e82be7d358', time: '2018-11-14T08:17:03'\nSystem info: host: 'Aswinikumars-MacBook-Pro.local', ip: 'fe80:0:0:0:1c4c:3a2c:9eb:20e8%en0', os.name: 'Mac OS X', os.arch: 'x86_64', os.version: '10.16', java.version: '1.8.0_311'\nDriver info: io.appium.java_client.ios.IOSDriver\nCapabilities {appPackage: com.weather.TWC, appium-version: 1.18.3, autoLaunch: true, automationName: XCUITest, browserName: , bundleId: com.weather.TWC, clearSystemFiles: true, databaseEnabled: false, device: iPhone, deviceName: =iPhone13, forceIphone: true, javascriptEnabled: true, launchTimeout: 60000, locationContextEnabled: false, networkConnectionEnabled: false, newCommandTimeout: 7200, noReset: true, platform: MAC, platformName: iOS, platformVersion: 15.2, realDeviceLogger: /Users/apple/node_modules/d..., takesScreenshot: true, udid: 00008110-000239112661801E, useNewWDA: true, wdaLocalPort: 7403, webStorageEnabled: false, xcodeConfigfile: /Applications/Appium.app/Co...}\nSession ID: 3cf691af-32a0-4fd3-90e7-bfcb533dad21\n*** Element info: {Using=name, value=settingsButton}","trace":"org.openqa.selenium.NoSuchElementException: An element could not be located on the page using the given search parameters.\nFor documentation on this error, please visit: https://www.seleniumhq.org/exceptions/no_such_element.html\nBuild info: version: '3.141.59', revision: 'e82be7d358', time: '2018-11-14T08:17:03'\nSystem info: host: 'Aswinikumars-MacBook-Pro.local', ip: 'fe80:0:0:0:1c4c:3a2c:9eb:20e8%en0', os.name: 'Mac OS X', os.arch: 'x86_64', os.version: '10.16', java.version: '1.8.0_311'\nDriver info: io.appium.java_client.ios.IOSDriver\nCapabilities {appPackage: com.weather.TWC, appium-version: 1.18.3, autoLaunch: true, automationName: XCUITest, browserName: , bundleId: com.weather.TWC, clearSystemFiles: true, databaseEnabled: false, device: iPhone, deviceName: =iPhone13, forceIphone: true, javascriptEnabled: true, launchTimeout: 60000, locationContextEnabled: false, networkConnectionEnabled: false, newCommandTimeout: 7200, noReset: true, platform: MAC, platformName: iOS, platformVersion: 15.2, realDeviceLogger: /Users/apple/node_modules/d..., takesScreenshot: true, udid: 00008110-000239112661801E, useNewWDA: true, wdaLocalPort: 7403, webStorageEnabled: false, xcodeConfigfile: /Applications/Appium.app/Co...}\nSession ID: 3cf691af-32a0-4fd3-90e7-bfcb533dad21\n*** Element info: {Using=name, value=settingsButton}\n\tat sun.reflect.GeneratedConstructorAccessor56.newInstance(Unknown Source)\n\tat sun.reflect.DelegatingConstructorAccessorImpl.newInstance(DelegatingConstructorAccessorImpl.java:45)\n\tat java.lang.reflect.Constructor.newInstance(Constructor.java:423)\n\tat org.openqa.selenium.remote.http.W3CHttpResponseCodec.createException(W3CHttpResponseCodec.java:187)\n\tat org.openqa.selenium.remote.http.W3CHttpResponseCodec.decode(W3CHttpResponseCodec.java:122)\n\tat org.openqa.selenium.remote.http.W3CHttpResponseCodec.decode(W3CHttpResponseCodec.java:49)\n\tat org.openqa.selenium.remote.HttpCommandExecutor.execute(HttpCommandExecutor.java:158)\n\tat io.appium.java_client.remote.AppiumCommandExecutor.execute(AppiumCommandExecutor.java:239)\n\tat org.openqa.selenium.remote.RemoteWebDriver.execute(RemoteWebDriver.java:552)\n\tat io.appium.java_client.DefaultGenericMobileDriver.execute(DefaultGenericMobileDriver.java:41)\n\tat io.appium.java_client.AppiumDriver.execute(AppiumDriver.java:1)\n\tat io.appium.java_client.ios.IOSDriver.execute(IOSDriver.java:1)\n\tat org.openqa.selenium.remote.RemoteWebDriver.findElement(RemoteWebDriver.java:323)\n\tat io.appium.java_client.DefaultGenericMobileDriver.findElement(DefaultGenericMobileDriver.java:61)\n\tat io.appium.java_client.AppiumDriver.findElement(AppiumDriver.java:1)\n\tat io.appium.java_client.ios.IOSDriver.findElement(IOSDriver.java:1)\n\tat org.openqa.selenium.remote.RemoteWebDriver.findElementByName(RemoteWebDriver.java:404)\n\tat io.appium.java_client.DefaultGenericMobileDriver.findElementByName(DefaultGenericMobileDriver.java:117)\n\tat io.appium.java_client.AppiumDriver.findElementByName(AppiumDriver.java:1)\n\tat io.appium.java_client.ios.IOSDriver.findElementByName(IOSDriver.java:1)\n\tat com.twc.ios.app.pages.SettingsScreen.select_Airlock_Branch(SettingsScreen.java:1398)\n\tat com.twc.ios.app.testcases.SmokeTest.Verify_Feed_Calls(SmokeTest.java:158)\n\tat sun.reflect.NativeMethodAccessorImpl.invoke0(Native Method)\n\tat sun.reflect.NativeMethodAccessorImpl.invoke(NativeMethodAccessorImpl.java:62)\n\tat sun.reflect.DelegatingMethodAccessorImpl.invoke(DelegatingMethodAccessorImpl.java:43)\n\tat java.lang.reflect.Method.invoke(Method.java:498)\n\tat org.testng.internal.MethodInvocationHelper.invokeMethod(MethodInvocationHelper.java:86)\n\tat org.testng.internal.Invoker.invokeMethod(Invoker.java:643)\n\tat org.testng.internal.Invoker.invokeTestMethod(Invoker.java:820)\n\tat org.testng.internal.Invoker.invokeTestMethods(Invoker.java:1128)\n\tat org.testng.internal.TestMethodWorker.invokeTestMethods(TestMethodWorker.java:129)\n\tat org.testng.internal.TestMethodWorker.run(TestMethodWorker.java:112)\n\tat org.testng.TestRunner.privateRun(TestRunner.java:782)\n\tat org.testng.TestRunner.run(TestRunner.java:632)\n\tat org.testng.SuiteRunner.runTest(SuiteRunner.java:366)\n\tat org.testng.SuiteRunner.runSequentially(SuiteRunner.java:361)\n\tat org.testng.SuiteRunner.privateRun(SuiteRunner.java:319)\n\tat org.testng.SuiteRunner.run(SuiteRunner.java:268)\n\tat org.testng.SuiteRunnerWorker.runSuite(SuiteRunnerWorker.java:52)\n\tat org.testng.SuiteRunnerWorker.run(SuiteRunnerWorker.java:86)\n\tat org.testng.TestNG.runSuitesSequentially(TestNG.java:1244)\n\tat org.testng.TestNG.runSuitesLocally(TestNG.java:1169)\n\tat org.testng.TestNG.run(TestNG.java:1064)\n\tat org.testng.remote.AbstractRemoteTestNG.run(AbstractRemoteTestNG.java:115)\n\tat org.testng.remote.RemoteTestNG.initAndRun(RemoteTestNG.java:251)\n\tat org.testng.remote.RemoteTestNG.main(RemoteTestNG.java:77)\n"},"stage":"finished","steps":[{"name":"Trying to select Airlock  Branch","status":"passed","stage":"finished","steps":[],"attachments":[],"parameters":[{"name":"stepName","value":"Trying to select Airlock  Branch"}],"start":1646137069592,"stop":1646137069592},{"name":"App Closed SuccessFully","status":"passed","stage":"finished","steps":[],"attachments":[],"parameters":[{"name":"stepName","value":"App Closed SuccessFully"}],"start":1646137087698,"stop":1646137087698},{"name":"App Launched SuccessFully","status":"passed","stage":"finished","steps":[],"attachments":[],"parameters":[{"name":"stepName","value":"App Launched SuccessFully"}],"start":1646137101829,"stop":1646137101829},{"name":"Handle Unwanted Popups during app launch","status":"passed","stage":"finished","steps":[{"name":"Intermittent Ad not displayed on the screen","status":"passed","stage":"finished","steps":[],"attachments":[],"parameters":[{"name":"stepName","value":"Intermittent Ad not displayed on the screen"}],"start":1646137152459,"stop":1646137152459},{"name":"Change to Always Allow button not available on the screen","status":"passed","stage":"finished","steps":[],"attachments":[],"parameters":[{"name":"stepName","value":"Change to Always Allow button not available on the screen"}],"start":1646137198498,"stop":1646137198498},{"name":"App upgrade alert not available on the screen","status":"passed","stage":"finished","steps":[],"attachments":[],"parameters":[{"name":"stepName","value":"App upgrade alert not available on the screen"}],"start":1646137244535,"stop":1646137244535},{"name":"Let's Go/Next button not available on the screen","status":"passed","stage":"finished","steps":[],"attachments":[],"parameters":[{"name":"stepName","value":"Let's Go/Next button not available on the screen"}],"start":1646137290573,"stop":1646137290573},{"name":"Continue button not available on the Apple Tracking Transparency screen","status":"passed","stage":"finished","steps":[],"attachments":[],"parameters":[{"name":"stepName","value":"Continue button not available on the Apple Tracking Transparency screen"}],"start":1646137336602,"stop":1646137336602},{"name":"Allow button not available on the App Tracking screen","status":"passed","stage":"finished","steps":[],"attachments":[],"parameters":[{"name":"stepName","value":"Allow button not available on the App Tracking screen"}],"start":1646137382637,"stop":1646137382637},{"name":"I Understand button not available on the screen","status":"passed","stage":"finished","steps":[],"attachments":[],"parameters":[{"name":"stepName","value":"I Understand button not available on the screen"}],"start":1646137428676,"stop":1646137428676},{"name":"I Understand button not available on the screen","status":"passed","stage":"finished","steps":[],"attachments":[],"parameters":[{"name":"stepName","value":"I Understand button not available on the screen"}],"start":1646137474717,"stop":1646137474717},{"name":"Always Allow button not available on the screen","status":"passed","stage":"finished","steps":[],"attachments":[],"parameters":[{"name":"stepName","value":"Always Allow button not available on the screen"}],"start":1646137520748,"stop":1646137520748},{"name":"Allow While Using App button not available on the screen","status":"passed","stage":"finished","steps":[],"attachments":[],"parameters":[{"name":"stepName","value":"Allow While Using App button not available on the screen"}],"start":1646137566784,"stop":1646137566784},{"name":"Allow button not available on the screen","status":"passed","stage":"finished","steps":[],"attachments":[],"parameters":[{"name":"stepName","value":"Allow button not available on the screen"}],"start":1646137612824,"stop":1646137612824},{"name":"Privacy notification not displayed on the screen","status":"passed","stage":"finished","steps":[],"attachments":[],"parameters":[{"name":"stepName","value":"Privacy notification not displayed on the screen"}],"start":1646137658859,"stop":1646137658859},{"name":"Generating Screenshot","status":"passed","stage":"finished","steps":[{"name":"Generating Screenshot","status":"passed","stage":"finished","steps":[],"attachments":[],"parameters":[{"name":"stepName","value":"Generating Screenshot"}],"start":1646137658859,"stop":1646137658859},{"name":"Failed to capture Screenshot","status":"passed","stage":"finished","steps":[],"attachments":[],"parameters":[{"name":"stepName","value":"Failed to capture Screenshot"}],"start":1646137659893,"stop":1646137659893},{"name":"An unknown server-side error occurred while processing the command. Original error: Could not proxy command to the remote server. Original error: socket hang up\nBuild info: version: '3.141.59', revision: 'e82be7d358', time: '2018-11-14T08:17:03'\nSystem info: host: 'Aswinikumars-MacBook-Pro.local', ip: 'fe80:0:0:0:1c4c:3a2c:9eb:20e8%en0', os.name: 'Mac OS X', os.arch: 'x86_64', os.version: '10.16', java.version: '1.8.0_311'\nDriver info: io.appium.java_client.ios.IOSDriver\nCapabilities {appPackage: com.weather.TWC, appium-version: 1.18.3, autoLaunch: true, automationName: XCUITest, browserName: , bundleId: com.weather.TWC, clearSystemFiles: true, databaseEnabled: false, device: iPhone, deviceName: =iPhone13, forceIphone: true, javascriptEnabled: true, launchTimeout: 60000, locationContextEnabled: false, networkConnectionEnabled: false, newCommandTimeout: 7200, noReset: true, platform: MAC, platformName: iOS, platformVersion: 15.2, realDeviceLogger: /Users/apple/node_modules/d..., takesScreenshot: true, udid: 00008110-000239112661801E, useNewWDA: true, wdaLocalPort: 7403, webStorageEnabled: false, xcodeConfigfile: /Applications/Appium.app/Co...}\nSession ID: 3cf691af-32a0-4fd3-90e7-bfcb533dad21","status":"passed","stage":"finished","steps":[],"attachments":[],"parameters":[{"name":"stepName","value":"An unknown server-side error occurred while processing the command. Original error: Could not proxy command to the remote server. Original error: socket hang up\nBuild info: version: '3.141.59', revision: 'e82be7d358', time: '2018-11-14T08:17:03'\nSystem info: host: 'Aswinikumars-MacBook-Pro.local', ip: 'fe80:0:0:0:1c4c:3a2c:9eb:20e8%en0', os.name: 'Mac OS X', os.arch: 'x86_64', os.version: '10.16', java.version: '1.8.0_311'\nDriver info: io.appium.java_client.ios.IOSDriver\nCapabilities {appPackage: com.weather.TWC, appium-version: 1.18.3, autoLaunch: true, automationName: XCUITest, browserName: , bundleId: com.weather.TWC, clearSystemFiles: true, databaseEnabled: false, device: iPhone, deviceName: =iPhone13, forceIphone: true, javascriptEnabled: true, launchTimeout: 60000, locationContextEnabled: false, networkConnectionEnabled: false, newCommandTimeout: 7200, noReset: true, platform: MAC, platformName: iOS, platformVersion: 15.2, realDeviceLogger: /Users/apple/node_modules/d..., takesScreenshot: true, udid: 00008110-000239112661801E, useNewWDA: true, wdaLocalPort: 7403, webStorageEnabled: false, xcodeConfigfile: /Applications/Appium.app/Co...}\nSession ID: 3cf691af-32a0-4fd3-90e7-bfcb533dad21"}],"start":1646137659895,"stop":1646137659895}],"attachments":[{"name":"Screenshot","source":"272d64ac-25af-4126-b30f-850f7692d76f-attachment"}],"parameters":[],"start":1646137658859,"stop":1646137659896}],"attachments":[],"parameters":[],"start":1646137106835,"stop":1646137659896}],"attachments":[],"parameters":[{"name":"branchName","value":"IOSAUTOMATION02"}],"start":1646137069592,"stop":1646137674905}],"attachments":[],"parameters":[],"start":1646137064581,"stop":1646137674906,"uuid":"cc22751f-1c16-4961-a042-eee4a6f4dd91","historyId":"7282e358dc18c6fbe6ebb13a3655efee","fullName":"com.twc.ios.app.testcases.SmokeTest.Verify_Feed_Calls","labels":[{"name":"package","value":"com.twc.ios.app.testcases.SmokeTest"},{"name":"testClass","value":"com.twc.ios.app.testcases.SmokeTest"},{"name":"testMethod","value":"Verify_Feed_Calls"},{"name":"parentSuite","value":"Default suite"},{"name":"suite","value":"Default test"},{"name":"subSuite","value":"com.twc.ios.app.testcases.SmokeTest"},{"name":"host","value":"Aswinikumars-MacBook-Pro.local"},{"name":"thread","value":"14362@Aswinikumars-MacBook-Pro.local.main(1)"},{"name":"framework","value":"testng"},{"name":"language","value":"java"}],"links":[]}