<!DOCTYPE html PUBLIC "-//W3C//DTD XHTML 1.1//EN" "http://www.w3.org/TR/xhtml11/DTD/xhtml11.dtd">
<html xmlns="http://www.w3.org/1999/xhtml"><head><title>TestNG Report</title><style type="text/css">table {margin-bottom:10px;border-collapse:collapse;empty-cells:show}th,td {border:1px solid #009;padding:.25em .5em}th {vertical-align:bottom}td {vertical-align:top}table a {font-weight:bold}.stripe td {background-color: #E6EBF9}.num {text-align:right}.passedodd td {background-color: #3F3}.passedeven td {background-color: #0A0}.skippedodd td {background-color: #DDD}.skippedeven td {background-color: #CCC}.failedodd td,.attn {background-color: #F33}.failedeven td,.stripe .attn {background-color: #D00}.stacktrace {white-space:pre;font-family:monospace}.totop {font-size:85%;text-align:center;border-bottom:2px solid #000}</style></head><body><table><tr><th>Test</th><th># Passed</th><th># Skipped</th><th># Failed</th><th>Time (ms)</th><th>Included Groups</th><th>Excluded Groups</th></tr><tr><th colspan="7">Default suite</th></tr><tr><td><a href="#t0">Default test</a></td><td class="num">100</td><td class="num">0</td><td class="num attn">29</td><td class="num">4,852,374</td><td></td><td></td></tr></table><table><thead><tr><th>Class</th><th>Method</th><th>Start</th><th>Time (ms)</th></tr></thead><tbody><tr><th colspan="4">Default suite</th></tr></tbody><tbody id="t0"><tr><th colspan="4">Default test &#8212; failed</th></tr><tr class="failedeven"><td rowspan="29">com.twc.ios.app.testcases.SmokeTest</td><td><a href="#m0">Validate_AllergyDetails_Spotlight_Ad_Size</a></td><td rowspan="1">1646235907939</td><td rowspan="1">701</td></tr><tr class="failedeven"><td><a href="#m1">Validate_AllergyDetails_Spotlight_pos_Custom_param</a></td><td rowspan="1">1646235907219</td><td rowspan="1">718</td></tr><tr class="failedeven"><td><a href="#m2">Validate_Amazon_SDK_adsdk_parameter</a></td><td rowspan="1">1646237729007</td><td rowspan="1">151</td></tr><tr class="failedeven"><td><a href="#m3">Validate_Criteo_SDK_Bidder_API_Call_Response_Code</a></td><td rowspan="1">1646237729472</td><td rowspan="1">154</td></tr><tr class="failedeven"><td><a href="#m4">Validate_Criteo_SDK_Initialization_API_Call_Response_Code</a></td><td rowspan="1">1646237729629</td><td rowspan="1">164</td></tr><tr class="failedeven"><td><a href="#m5">Validate_Criteo_SDK_Initialization_API_Call_Response_Parameter_csmEnabled</a></td><td rowspan="1">1646237729795</td><td rowspan="1">175</td></tr><tr class="failedeven"><td><a href="#m6">Validate_Criteo_SDK_Initialization_API_Call_Response_Parameter_liveBiddingEnabled</a></td><td rowspan="1">1646237729972</td><td rowspan="1">151</td></tr><tr class="failedeven"><td><a href="#m7">Validate_Criteo_SDK_Initialization_API_Call_Response_Parameter_prefetchOnInitEnabled</a></td><td rowspan="1">1646237730125</td><td rowspan="1">150</td></tr><tr class="failedeven"><td><a href="#m8">Validate_Criteo_SDK_Initialization_API_Call_Response_Parameter_remoteLogLevel</a></td><td rowspan="1">1646237730277</td><td rowspan="1">148</td></tr><tr class="failedeven"><td><a href="#m9">Validate_Criteo_SDK_config_app_Call_sdkVersion_parameter</a></td><td rowspan="1">1646237729318</td><td rowspan="1">152</td></tr><tr class="failedeven"><td><a href="#m10">Validate_Feed1_adid_Custom_param</a></td><td rowspan="1">1646235848201</td><td rowspan="1">811</td></tr><tr class="failedeven"><td><a href="#m11">Validate_Feed1_cnd_Custom_param</a></td><td rowspan="1">1646235850587</td><td rowspan="1">1733</td></tr><tr class="failedeven"><td><a href="#m12">Validate_Feed1_ct_Custom_param</a></td><td rowspan="1">1646235863071</td><td rowspan="1">2072</td></tr><tr class="failedeven"><td><a href="#m13">Validate_Feed1_dma_Custom_param</a></td><td rowspan="1">1646235853930</td><td rowspan="1">1576</td></tr><tr class="failedeven"><td><a href="#m14">Validate_Feed1_dnt_Custom_param</a></td><td rowspan="1">1646235905799</td><td rowspan="1">705</td></tr><tr class="failedeven"><td><a href="#m15">Validate_Feed1_dynght_Custom_param</a></td><td rowspan="1">1646235870054</td><td rowspan="1">1531</td></tr><tr class="failedeven"><td><a href="#m16">Validate_Feed1_rmid_Custom_param</a></td><td rowspan="1">1646235879762</td><td rowspan="1">701</td></tr><tr class="failedeven"><td><a href="#m17">Validate_Feed1_st_Custom_param</a></td><td rowspan="1">1646235881913</td><td rowspan="1">1637</td></tr><tr class="failedeven"><td><a href="#m18">Validate_Feed1_tmpc_Custom_param</a></td><td rowspan="1">1646235858398</td><td rowspan="1">1521</td></tr><tr class="failedeven"><td><a href="#m19">Validate_Feed1_zip_Custom_param</a></td><td rowspan="1">1646235844295</td><td rowspan="1">1622</td></tr><tr class="failedeven"><td><a href="#m20">Validate_Marquee_adid_Custom_param</a></td><td rowspan="1">1646235847472</td><td rowspan="1">726</td></tr><tr class="failedeven"><td><a href="#m21">Validate_Marquee_dnt_Custom_param</a></td><td rowspan="1">1646235905068</td><td rowspan="1">729</td></tr><tr class="failedeven"><td><a href="#m22">Validate_Marquee_rmid_Custom_param</a></td><td rowspan="1">1646235879060</td><td rowspan="1">699</td></tr><tr class="failedeven"><td><a href="#m23">Validate_PreRollVideo_dnt_Custom_param</a></td><td rowspan="1">1646237449644</td><td rowspan="1">146</td></tr><tr class="failedeven"><td><a href="#m24">Validate_SafetyAndPreparednessCard_Call_Response</a></td><td rowspan="1">1646235840415</td><td rowspan="1">831</td></tr><tr class="failedeven"><td><a href="#m25">Validate_daily_details_fcnd_Custom_param</a></td><td rowspan="1">1646235885068</td><td rowspan="1">1687</td></tr><tr class="failedeven"><td><a href="#m26">Validate_daily_details_fdynght_Custom_param</a></td><td rowspan="1">1646235886758</td><td rowspan="1">1579</td></tr><tr class="failedeven"><td><a href="#m27">Verify_AllergyDetails_Spotlight_AdCall</a></td><td rowspan="1">1646235906506</td><td rowspan="1">711</td></tr><tr class="failedeven"><td><a href="#m28">Verify_Lotame_Call_On_KillAndLaunch</a></td><td rowspan="1">1646237728353</td><td rowspan="1">169</td></tr><tr><th colspan="4">Default test &#8212; passed</th></tr><tr class="passedeven"><td rowspan="100">com.twc.ios.app.testcases.SmokeTest</td><td><a href="#m29">Validate_DailyDetails_Banner_Ad_cxtg_Custom_param</a></td><td rowspan="1">1646237244948</td><td rowspan="1">807</td></tr><tr class="passedeven"><td><a href="#m30">Validate_DailyDetails_Banner_Ad_hzcs_Custom_param</a></td><td rowspan="1">1646237246519</td><td rowspan="1">762</td></tr><tr class="passedeven"><td><a href="#m31">Validate_DailyDetails_Banner_Ad_nzcs_Custom_param</a></td><td rowspan="1">1646237247282</td><td rowspan="1">797</td></tr><tr class="passedeven"><td><a href="#m32">Validate_DailyDetails_Banner_Ad_wfxtg_Custom_param</a></td><td rowspan="1">1646237244015</td><td rowspan="1">931</td></tr><tr class="passedeven"><td><a href="#m33">Validate_DailyDetails_Banner_Ad_zcs_Custom_param</a></td><td rowspan="1">1646237245756</td><td rowspan="1">762</td></tr><tr class="passedeven"><td><a href="#m34">Validate_DailyDetails_tf_Custom_param</a></td><td rowspan="1">1646235884340</td><td rowspan="1">727</td></tr><tr class="passedeven"><td><a href="#m35">Validate_Feed1_aid_Custom_param</a></td><td rowspan="1">1646235867532</td><td rowspan="1">718</td></tr><tr class="passedeven"><td><a href="#m36">Validate_Feed1_fhic_Custom_param</a></td><td rowspan="1">1646235891998</td><td rowspan="1">739</td></tr><tr class="passedeven"><td><a href="#m37">Validate_Feed1_floc_Custom_param</a></td><td rowspan="1">1646235893470</td><td rowspan="1">712</td></tr><tr class="passedeven"><td><a href="#m38">Validate_Feed1_fltmpc_Custom_param</a></td><td rowspan="1">1646235894888</td><td rowspan="1">710</td></tr><tr class="passedeven"><td><a href="#m39">Validate_Feed1_ftl_Custom_param</a></td><td rowspan="1">1646235896282</td><td rowspan="1">677</td></tr><tr class="passedeven"><td><a href="#m40">Validate_Feed1_h2o_Custom_param</a></td><td rowspan="1">1646235897635</td><td rowspan="1">676</td></tr><tr class="passedeven"><td><a href="#m41">Validate_Feed1_hmid_Custom_param</a></td><td rowspan="1">1646235898989</td><td rowspan="1">663</td></tr><tr class="passedeven"><td><a href="#m42">Validate_Feed1_lang_Custom_param</a></td><td rowspan="1">1646235865989</td><td rowspan="1">735</td></tr><tr class="passedeven"><td><a href="#m43">Validate_Feed1_layer_Custom_param</a></td><td rowspan="1">1646235900322</td><td rowspan="1">667</td></tr><tr class="passedeven"><td><a href="#m44">Validate_Feed1_locale_Custom_param</a></td><td rowspan="1">1646235873203</td><td rowspan="1">1498</td></tr><tr class="passedeven"><td><a href="#m45">Validate_Feed1_ltv_Custom_param</a></td><td rowspan="1">1646235890544</td><td rowspan="1">737</td></tr><tr class="passedeven"><td><a href="#m46">Validate_Feed1_mr_Custom_param</a></td><td rowspan="1">1646235904317</td><td rowspan="1">750</td></tr><tr class="passedeven"><td><a href="#m47">Validate_Feed1_ord_Custom_param</a></td><td rowspan="1">1646235878345</td><td rowspan="1">714</td></tr><tr class="passedeven"><td><a href="#m48">Validate_Feed1_plat_Custom_param</a></td><td rowspan="1">1646235846734</td><td rowspan="1">736</td></tr><tr class="passedeven"><td><a href="#m49">Validate_Feed1_sod_Custom_param</a></td><td rowspan="1">1646235842011</td><td rowspan="1">759</td></tr><tr class="passedeven"><td><a href="#m50">Validate_Feed1_tile_Custom_param</a></td><td rowspan="1">1646235875457</td><td rowspan="1">704</td></tr><tr class="passedeven"><td><a href="#m51">Validate_Feed1_tmp_Custom_param</a></td><td rowspan="1">1646235856292</td><td rowspan="1">704</td></tr><tr class="passedeven"><td><a href="#m52">Validate_Feed1_tmpr_Custom_param</a></td><td rowspan="1">1646235860664</td><td rowspan="1">685</td></tr><tr class="passedeven"><td><a href="#m53">Validate_Feed1_uv_Custom_param</a></td><td rowspan="1">1646235901655</td><td rowspan="1">675</td></tr><tr class="passedeven"><td><a href="#m54">Validate_Feed1_ver_Custom_param</a></td><td rowspan="1">1646235876889</td><td rowspan="1">732</td></tr><tr class="passedeven"><td><a href="#m55">Validate_Feed1_wind_Custom_param</a></td><td rowspan="1">1646235902999</td><td rowspan="1">660</td></tr><tr class="passedeven"><td><a href="#m56">Validate_GMA_SDK_version</a></td><td rowspan="1">1646237729160</td><td rowspan="1">157</td></tr><tr class="passedeven"><td><a href="#m57">Validate_HomeScreen_Call_tf_Custom_param</a></td><td rowspan="1">1646235883554</td><td rowspan="1">785</td></tr><tr class="passedeven"><td><a href="#m58">Validate_IMA_SDK_version</a></td><td rowspan="1">1646237450535</td><td rowspan="1">142</td></tr><tr class="passedeven"><td><a href="#m59">Validate_MapDetails_cxtg_Custom_param</a></td><td rowspan="1">1646236912845</td><td rowspan="1">846</td></tr><tr class="passedeven"><td><a href="#m60">Validate_MapDetails_hzcs_Custom_param</a></td><td rowspan="1">1646236914583</td><td rowspan="1">941</td></tr><tr class="passedeven"><td><a href="#m61">Validate_MapDetails_nzcs_Custom_param</a></td><td rowspan="1">1646236915525</td><td rowspan="1">829</td></tr><tr class="passedeven"><td><a href="#m62">Validate_MapDetails_wfxtg_Custom_param</a></td><td rowspan="1">1646236911744</td><td rowspan="1">1100</td></tr><tr class="passedeven"><td><a href="#m63">Validate_MapDetails_zcs_Custom_param</a></td><td rowspan="1">1646236913692</td><td rowspan="1">890</td></tr><tr class="passedeven"><td><a href="#m64">Validate_Marquee_aid_Custom_param</a></td><td rowspan="1">1646235866725</td><td rowspan="1">806</td></tr><tr class="passedeven"><td><a href="#m65">Validate_Marquee_cnd_Custom_param</a></td><td rowspan="1">1646235849015</td><td rowspan="1">1571</td></tr><tr class="passedeven"><td><a href="#m66">Validate_Marquee_ct_Custom_param</a></td><td rowspan="1">1646235861350</td><td rowspan="1">1718</td></tr><tr class="passedeven"><td><a href="#m67">Validate_Marquee_dma_Custom_param</a></td><td rowspan="1">1646235852323</td><td rowspan="1">1605</td></tr><tr class="passedeven"><td><a href="#m68">Validate_Marquee_dynght_Custom_param</a></td><td rowspan="1">1646235868251</td><td rowspan="1">1801</td></tr><tr class="passedeven"><td><a href="#m69">Validate_Marquee_fhic_Custom_param</a></td><td rowspan="1">1646235891282</td><td rowspan="1">715</td></tr><tr class="passedeven"><td><a href="#m70">Validate_Marquee_floc_Custom_param</a></td><td rowspan="1">1646235892739</td><td rowspan="1">731</td></tr><tr class="passedeven"><td><a href="#m71">Validate_Marquee_fltmpc_Custom_param</a></td><td rowspan="1">1646235894183</td><td rowspan="1">704</td></tr><tr class="passedeven"><td><a href="#m72">Validate_Marquee_ftl_Custom_param</a></td><td rowspan="1">1646235895599</td><td rowspan="1">680</td></tr><tr class="passedeven"><td><a href="#m73">Validate_Marquee_h2o_Custom_param</a></td><td rowspan="1">1646235896960</td><td rowspan="1">675</td></tr><tr class="passedeven"><td><a href="#m74">Validate_Marquee_hmid_Custom_param</a></td><td rowspan="1">1646235898313</td><td rowspan="1">674</td></tr><tr class="passedeven"><td><a href="#m75">Validate_Marquee_lang_Custom_param</a></td><td rowspan="1">1646235865146</td><td rowspan="1">843</td></tr><tr class="passedeven"><td><a href="#m76">Validate_Marquee_layer_Custom_param</a></td><td rowspan="1">1646235899653</td><td rowspan="1">668</td></tr><tr class="passedeven"><td><a href="#m77">Validate_Marquee_locale_Custom_param</a></td><td rowspan="1">1646235871588</td><td rowspan="1">1613</td></tr><tr class="passedeven"><td><a href="#m78">Validate_Marquee_ltv_Custom_param</a></td><td rowspan="1">1646235889820</td><td rowspan="1">723</td></tr><tr class="passedeven"><td><a href="#m79">Validate_Marquee_ord_Custom_param</a></td><td rowspan="1">1646235877624</td><td rowspan="1">720</td></tr><tr class="passedeven"><td><a href="#m80">Validate_Marquee_plat_Custom_param</a></td><td rowspan="1">1646235845921</td><td rowspan="1">811</td></tr><tr class="passedeven"><td><a href="#m81">Validate_Marquee_st_Custom_param</a></td><td rowspan="1">1646235880467</td><td rowspan="1">1445</td></tr><tr class="passedeven"><td><a href="#m82">Validate_Marquee_tile_Custom_param</a></td><td rowspan="1">1646235874702</td><td rowspan="1">753</td></tr><tr class="passedeven"><td><a href="#m83">Validate_Marquee_tmp_Custom_param</a></td><td rowspan="1">1646235855510</td><td rowspan="1">780</td></tr><tr class="passedeven"><td><a href="#m84">Validate_Marquee_tmpc_Custom_param</a></td><td rowspan="1">1646235856998</td><td rowspan="1">1399</td></tr><tr class="passedeven"><td><a href="#m85">Validate_Marquee_tmpr_Custom_param</a></td><td rowspan="1">1646235859921</td><td rowspan="1">742</td></tr><tr class="passedeven"><td><a href="#m86">Validate_Marquee_uv_Custom_param</a></td><td rowspan="1">1646235900990</td><td rowspan="1">664</td></tr><tr class="passedeven"><td><a href="#m87">Validate_Marquee_ver_Custom_param</a></td><td rowspan="1">1646235876162</td><td rowspan="1">726</td></tr><tr class="passedeven"><td><a href="#m88">Validate_Marquee_wind_Custom_param</a></td><td rowspan="1">1646235902331</td><td rowspan="1">668</td></tr><tr class="passedeven"><td><a href="#m89">Validate_Marquee_zip_Custom_param</a></td><td rowspan="1">1646235842774</td><td rowspan="1">1519</td></tr><tr class="passedeven"><td><a href="#m90">Validate_PreRollVideo_cmsid_Custom_param</a></td><td rowspan="1">1646237448693</td><td rowspan="1">304</td></tr><tr class="passedeven"><td><a href="#m91">Validate_PreRollVideo_cxtg_Custom_param</a></td><td rowspan="1">1646237449947</td><td rowspan="1">144</td></tr><tr class="passedeven"><td><a href="#m92">Validate_PreRollVideo_description_url_Custom_param</a></td><td rowspan="1">1646237449333</td><td rowspan="1">150</td></tr><tr class="passedeven"><td><a href="#m93">Validate_PreRollVideo_hzcs_Custom_param</a></td><td rowspan="1">1646237450246</td><td rowspan="1">147</td></tr><tr class="passedeven"><td><a href="#m94">Validate_PreRollVideo_nzcs_Custom_param</a></td><td rowspan="1">1646237450395</td><td rowspan="1">139</td></tr><tr class="passedeven"><td><a href="#m95">Validate_PreRollVideo_ref_Custom_param</a></td><td rowspan="1">1646237449484</td><td rowspan="1">159</td></tr><tr class="passedeven"><td><a href="#m96">Validate_PreRollVideo_ttid_Custom_param</a></td><td rowspan="1">1646237448998</td><td rowspan="1">156</td></tr><tr class="passedeven"><td><a href="#m97">Validate_PreRollVideo_vid_Custom_param</a></td><td rowspan="1">1646237449155</td><td rowspan="1">177</td></tr><tr class="passedeven"><td><a href="#m98">Validate_PreRollVideo_wfxtg_Custom_param</a></td><td rowspan="1">1646237449792</td><td rowspan="1">154</td></tr><tr class="passedeven"><td><a href="#m99">Validate_PreRollVideo_zcs_Custom_param</a></td><td rowspan="1">1646237450092</td><td rowspan="1">153</td></tr><tr class="passedeven"><td><a href="#m100">Validate_daily_details_dt_Custom_param</a></td><td rowspan="1">1646235888339</td><td rowspan="1">749</td></tr><tr class="passedeven"><td><a href="#m101">Validate_daily_details_mnth_Custom_param</a></td><td rowspan="1">1646235889089</td><td rowspan="1">730</td></tr><tr class="passedeven"><td><a href="#m102">Verify_Air_Quality_Details_AdCall</a></td><td rowspan="1">1646235835451</td><td rowspan="1">740</td></tr><tr class="passedeven"><td><a href="#m103">Verify_AlertCenterAd</a></td><td rowspan="1">1646235838724</td><td rowspan="1">954</td></tr><tr class="passedeven"><td><a href="#m104">Verify_Daily_Details_AdUnits</a></td><td rowspan="1">1646235908642</td><td rowspan="1">297945</td></tr><tr class="passedeven"><td><a href="#m105">Verify_Feed_Calls</a></td><td rowspan="1">1646234156961</td><td rowspan="1">1675417</td></tr><tr class="passedeven"><td><a href="#m106">Verify_Health_Allergy_ContentPage_AdCall</a></td><td rowspan="1">1646235837162</td><td rowspan="1">778</td></tr><tr class="passedeven"><td><a href="#m107">Verify_Health_Running_ContentPage_AdCall</a></td><td rowspan="1">1646235837943</td><td rowspan="1">779</td></tr><tr class="passedeven"><td><a href="#m108">Verify_Homescreen_Adhesive_AdCall</a></td><td rowspan="1">1646235832389</td><td rowspan="1">760</td></tr><tr class="passedeven"><td><a href="#m109">Verify_HourlyDetails_AdCall</a></td><td rowspan="1">1646235833910</td><td rowspan="1">784</td></tr><tr class="passedeven"><td><a href="#m110">Verify_Hourly_Details_BigAd1_Adcall</a></td><td rowspan="1">1646237450677</td><td rowspan="1">166278</td></tr><tr class="passedeven"><td><a href="#m111">Verify_Hourly_Details_BigAd2_Adcall</a></td><td rowspan="1">1646237616956</td><td rowspan="1">188</td></tr><tr class="passedeven"><td><a href="#m112">Verify_Hourly_Details_BigAd3_Adcall</a></td><td rowspan="1">1646237617145</td><td rowspan="1">67</td></tr><tr class="passedeven"><td><a href="#m113">Verify_LocationWFXTriggers_Call_On_KillAndLaunch</a></td><td rowspan="1">1646237728848</td><td rowspan="1">158</td></tr><tr class="passedeven"><td><a href="#m114">Verify_Map_Details_mr_Custom_Parameter</a></td><td rowspan="1">1646236206589</td><td rowspan="1">113504</td></tr><tr class="passedeven"><td><a href="#m115">Verify_MapsDetails_AdCall</a></td><td rowspan="1">1646235836192</td><td rowspan="1">969</td></tr><tr class="passedeven"><td><a href="#m116">Verify_NextGen_IM_AdCall</a></td><td rowspan="1">1646235833150</td><td rowspan="1">759</td></tr><tr class="passedeven"><td><a href="#m117">Verify_PrerollAd</a></td><td rowspan="1">1646237248080</td><td rowspan="1">200612</td></tr><tr class="passedeven"><td><a href="#m118">Verify_SafetyAndPreparednessCard_AdCall</a></td><td rowspan="1">1646235839679</td><td rowspan="1">735</td></tr><tr class="passedeven"><td><a href="#m119">Verify_Seasonal_Hub_Details_Page_AdCall</a></td><td rowspan="1">1646237730428</td><td rowspan="1">755807</td></tr><tr class="passedeven"><td><a href="#m120">Verify_TrendingPage_AdCall</a></td><td rowspan="1">1646235834696</td><td rowspan="1">753</td></tr><tr class="passedeven"><td><a href="#m121">Verify_TurboAPI_Call_On_KillAndLaunch</a></td><td rowspan="1">1646237728525</td><td rowspan="1">166</td></tr><tr class="passedeven"><td><a href="#m122">Verify_WFXTriggers_Call_On_KillAndLaunch</a></td><td rowspan="1">1646237728692</td><td rowspan="1">156</td></tr><tr class="passedeven"><td><a href="#m123">Verify_enable_preConditions_for_WeatherFx_API_Parameters</a></td><td rowspan="1">1646236320095</td><td rowspan="1">591648</td></tr><tr class="passedeven"><td><a href="#m124">Verify_enable_preConditions_for_WeatherFx_API_ParametersFromPlanningCard</a></td><td rowspan="1">1646236916355</td><td rowspan="1">327658</td></tr><tr class="passedeven"><td><a href="#m125">beforeTest</a></td><td rowspan="1">1646233685104</td><td rowspan="1">471744</td></tr><tr class="passedeven"><td><a href="#m126">kill_and_Launch_app_for_api_calls</a></td><td rowspan="1">1646237617213</td><td rowspan="1">111139</td></tr><tr class="passedeven"><td><a href="#m127">validate_Marquee_mr_Custom_param</a></td><td rowspan="1">1646235903660</td><td rowspan="1">656</td></tr><tr class="passedeven"><td><a href="#m128">validate_Marquee_sod_Custom_param</a></td><td rowspan="1">1646235841254</td><td rowspan="1">755</td></tr></tbody></table><h2>Default test</h2><h3 id="m0">com.twc.ios.app.testcases.SmokeTest#Validate_AllergyDetails_Spotlight_Ad_Size</h3><table class="result"><tr><th>Exception</th></tr><tr><td><div class="stacktrace">java.lang.AssertionError: iu=%2F7646%2Fapp_iphone_us%2Fdb_display%2Fcontent%2Fallergy%2Ftips_sl ad call is not present
	at org.testng.Assert.fail(Assert.java:94)
	at com.twc.ios.app.general.Utils.verify_Ad_Size(Utils.java:1900)
	at com.twc.ios.app.testcases.SmokeTest.Validate_AllergyDetails_Spotlight_Ad_Size(SmokeTest.java:1693)
	at sun.reflect.NativeMethodAccessorImpl.invoke0(Native Method)
	at sun.reflect.NativeMethodAccessorImpl.invoke(NativeMethodAccessorImpl.java:62)
	at sun.reflect.DelegatingMethodAccessorImpl.invoke(DelegatingMethodAccessorImpl.java:43)
	at java.lang.reflect.Method.invoke(Method.java:498)
	at org.testng.internal.MethodInvocationHelper.invokeMethod(MethodInvocationHelper.java:86)
	at org.testng.internal.Invoker.invokeMethod(Invoker.java:643)
	at org.testng.internal.Invoker.invokeTestMethod(Invoker.java:820)
	at org.testng.internal.Invoker.invokeTestMethods(Invoker.java:1128)
	at org.testng.internal.TestMethodWorker.invokeTestMethods(TestMethodWorker.java:129)
	at org.testng.internal.TestMethodWorker.run(TestMethodWorker.java:112)
	at org.testng.TestRunner.privateRun(TestRunner.java:782)
	at org.testng.TestRunner.run(TestRunner.java:632)
	at org.testng.SuiteRunner.runTest(SuiteRunner.java:366)
	at org.testng.SuiteRunner.runSequentially(SuiteRunner.java:361)
	at org.testng.SuiteRunner.privateRun(SuiteRunner.java:319)
	at org.testng.SuiteRunner.run(SuiteRunner.java:268)
	at org.testng.SuiteRunnerWorker.runSuite(SuiteRunnerWorker.java:52)
	at org.testng.SuiteRunnerWorker.run(SuiteRunnerWorker.java:86)
	at org.testng.TestNG.runSuitesSequentially(TestNG.java:1244)
	at org.testng.TestNG.runSuitesLocally(TestNG.java:1169)
	at org.testng.TestNG.run(TestNG.java:1064)
	at org.testng.remote.AbstractRemoteTestNG.run(AbstractRemoteTestNG.java:115)
	at org.testng.remote.RemoteTestNG.initAndRun(RemoteTestNG.java:251)
	at org.testng.remote.RemoteTestNG.main(RemoteTestNG.java:77)
</div></td></tr></table><p class="totop"><a href="#summary">back to summary</a></p><h3 id="m1">com.twc.ios.app.testcases.SmokeTest#Validate_AllergyDetails_Spotlight_pos_Custom_param</h3><table class="result"><tr><th>Exception</th></tr><tr><td><div class="stacktrace">java.lang.AssertionError: Ad Call :iu=%2F7646%2Fapp_iphone_us%2Fdb_display%2Fcontent%2Fallergy%2Ftips_sl not found in charles session, hence Custom Parameter: pos validation skipped
	at org.testng.Assert.fail(Assert.java:94)
	at com.twc.ios.app.general.Utils.validate_custom_param_val_of_gampad(Utils.java:7919)
	at com.twc.ios.app.testcases.SmokeTest.Validate_AllergyDetails_Spotlight_pos_Custom_param(SmokeTest.java:1683)
	at sun.reflect.NativeMethodAccessorImpl.invoke0(Native Method)
	at sun.reflect.NativeMethodAccessorImpl.invoke(NativeMethodAccessorImpl.java:62)
	at sun.reflect.DelegatingMethodAccessorImpl.invoke(DelegatingMethodAccessorImpl.java:43)
	at java.lang.reflect.Method.invoke(Method.java:498)
	at org.testng.internal.MethodInvocationHelper.invokeMethod(MethodInvocationHelper.java:86)
	at org.testng.internal.Invoker.invokeMethod(Invoker.java:643)
	at org.testng.internal.Invoker.invokeTestMethod(Invoker.java:820)
	at org.testng.internal.Invoker.invokeTestMethods(Invoker.java:1128)
	at org.testng.internal.TestMethodWorker.invokeTestMethods(TestMethodWorker.java:129)
	at org.testng.internal.TestMethodWorker.run(TestMethodWorker.java:112)
	at org.testng.TestRunner.privateRun(TestRunner.java:782)
	at org.testng.TestRunner.run(TestRunner.java:632)
	at org.testng.SuiteRunner.runTest(SuiteRunner.java:366)
	at org.testng.SuiteRunner.runSequentially(SuiteRunner.java:361)
	at org.testng.SuiteRunner.privateRun(SuiteRunner.java:319)
	at org.testng.SuiteRunner.run(SuiteRunner.java:268)
	at org.testng.SuiteRunnerWorker.runSuite(SuiteRunnerWorker.java:52)
	at org.testng.SuiteRunnerWorker.run(SuiteRunnerWorker.java:86)
	at org.testng.TestNG.runSuitesSequentially(TestNG.java:1244)
	at org.testng.TestNG.runSuitesLocally(TestNG.java:1169)
	at org.testng.TestNG.run(TestNG.java:1064)
	at org.testng.remote.AbstractRemoteTestNG.run(AbstractRemoteTestNG.java:115)
	at org.testng.remote.RemoteTestNG.initAndRun(RemoteTestNG.java:251)
	at org.testng.remote.RemoteTestNG.main(RemoteTestNG.java:77)
</div></td></tr></table><p class="totop"><a href="#summary">back to summary</a></p><h3 id="m2">com.twc.ios.app.testcases.SmokeTest#Validate_Amazon_SDK_adsdk_parameter</h3><table class="result"><tr><th>Exception</th></tr><tr><td><div class="stacktrace">java.lang.AssertionError: amazon-adsystem.com/e/msdk/ads? call is not present in Charles session, hence Custom Parameter: adsdk validation skipped
	at org.testng.Assert.fail(Assert.java:94)
	at com.twc.ios.app.general.Utils.validate_Amazon_aax_call_parameter(Utils.java:10961)
	at com.twc.ios.app.testcases.SmokeTest.Validate_Amazon_SDK_adsdk_parameter(SmokeTest.java:2702)
	at sun.reflect.NativeMethodAccessorImpl.invoke0(Native Method)
	at sun.reflect.NativeMethodAccessorImpl.invoke(NativeMethodAccessorImpl.java:62)
	at sun.reflect.DelegatingMethodAccessorImpl.invoke(DelegatingMethodAccessorImpl.java:43)
	at java.lang.reflect.Method.invoke(Method.java:498)
	at org.testng.internal.MethodInvocationHelper.invokeMethod(MethodInvocationHelper.java:86)
	at org.testng.internal.Invoker.invokeMethod(Invoker.java:643)
	at org.testng.internal.Invoker.invokeTestMethod(Invoker.java:820)
	at org.testng.internal.Invoker.invokeTestMethods(Invoker.java:1128)
	at org.testng.internal.TestMethodWorker.invokeTestMethods(TestMethodWorker.java:129)
	at org.testng.internal.TestMethodWorker.run(TestMethodWorker.java:112)
	at org.testng.TestRunner.privateRun(TestRunner.java:782)
	at org.testng.TestRunner.run(TestRunner.java:632)
	at org.testng.SuiteRunner.runTest(SuiteRunner.java:366)
	at org.testng.SuiteRunner.runSequentially(SuiteRunner.java:361)
	at org.testng.SuiteRunner.privateRun(SuiteRunner.java:319)
	at org.testng.SuiteRunner.run(SuiteRunner.java:268)
	at org.testng.SuiteRunnerWorker.runSuite(SuiteRunnerWorker.java:52)
	at org.testng.SuiteRunnerWorker.run(SuiteRunnerWorker.java:86)
	at org.testng.TestNG.runSuitesSequentially(TestNG.java:1244)
	at org.testng.TestNG.runSuitesLocally(TestNG.java:1169)
	at org.testng.TestNG.run(TestNG.java:1064)
	at org.testng.remote.AbstractRemoteTestNG.run(AbstractRemoteTestNG.java:115)
	at org.testng.remote.RemoteTestNG.initAndRun(RemoteTestNG.java:251)
	at org.testng.remote.RemoteTestNG.main(RemoteTestNG.java:77)
</div></td></tr></table><p class="totop"><a href="#summary">back to summary</a></p><h3 id="m3">com.twc.ios.app.testcases.SmokeTest#Validate_Criteo_SDK_Bidder_API_Call_Response_Code</h3><table class="result"><tr><th>Exception</th></tr><tr><td><div class="stacktrace">java.lang.AssertionError: bidder.criteo.com/inapp/v2 call is not present in Charles session, hence response code validation is failed
	at org.testng.Assert.fail(Assert.java:94)
	at com.twc.ios.app.general.Utils.verifyCriteo_inapp_v2_Call_ReponseStatusCode(Utils.java:11251)
	at com.twc.ios.app.testcases.SmokeTest.Validate_Criteo_SDK_Bidder_API_Call_Response_Code(SmokeTest.java:2742)
	at sun.reflect.NativeMethodAccessorImpl.invoke0(Native Method)
	at sun.reflect.NativeMethodAccessorImpl.invoke(NativeMethodAccessorImpl.java:62)
	at sun.reflect.DelegatingMethodAccessorImpl.invoke(DelegatingMethodAccessorImpl.java:43)
	at java.lang.reflect.Method.invoke(Method.java:498)
	at org.testng.internal.MethodInvocationHelper.invokeMethod(MethodInvocationHelper.java:86)
	at org.testng.internal.Invoker.invokeMethod(Invoker.java:643)
	at org.testng.internal.Invoker.invokeTestMethod(Invoker.java:820)
	at org.testng.internal.Invoker.invokeTestMethods(Invoker.java:1128)
	at org.testng.internal.TestMethodWorker.invokeTestMethods(TestMethodWorker.java:129)
	at org.testng.internal.TestMethodWorker.run(TestMethodWorker.java:112)
	at org.testng.TestRunner.privateRun(TestRunner.java:782)
	at org.testng.TestRunner.run(TestRunner.java:632)
	at org.testng.SuiteRunner.runTest(SuiteRunner.java:366)
	at org.testng.SuiteRunner.runSequentially(SuiteRunner.java:361)
	at org.testng.SuiteRunner.privateRun(SuiteRunner.java:319)
	at org.testng.SuiteRunner.run(SuiteRunner.java:268)
	at org.testng.SuiteRunnerWorker.runSuite(SuiteRunnerWorker.java:52)
	at org.testng.SuiteRunnerWorker.run(SuiteRunnerWorker.java:86)
	at org.testng.TestNG.runSuitesSequentially(TestNG.java:1244)
	at org.testng.TestNG.runSuitesLocally(TestNG.java:1169)
	at org.testng.TestNG.run(TestNG.java:1064)
	at org.testng.remote.AbstractRemoteTestNG.run(AbstractRemoteTestNG.java:115)
	at org.testng.remote.RemoteTestNG.initAndRun(RemoteTestNG.java:251)
	at org.testng.remote.RemoteTestNG.main(RemoteTestNG.java:77)
</div></td></tr></table><p class="totop"><a href="#summary">back to summary</a></p><h3 id="m4">com.twc.ios.app.testcases.SmokeTest#Validate_Criteo_SDK_Initialization_API_Call_Response_Code</h3><table class="result"><tr><th>Exception</th></tr><tr><td><div class="stacktrace">java.lang.AssertionError: bidder.criteo.com/config/app call is not present in Charles session, hence response code validation is failed
	at org.testng.Assert.fail(Assert.java:94)
	at com.twc.ios.app.general.Utils.verifyCriteo_config_app_Call_ReponseStatusCode(Utils.java:11295)
	at com.twc.ios.app.testcases.SmokeTest.Validate_Criteo_SDK_Initialization_API_Call_Response_Code(SmokeTest.java:2755)
	at sun.reflect.NativeMethodAccessorImpl.invoke0(Native Method)
	at sun.reflect.NativeMethodAccessorImpl.invoke(NativeMethodAccessorImpl.java:62)
	at sun.reflect.DelegatingMethodAccessorImpl.invoke(DelegatingMethodAccessorImpl.java:43)
	at java.lang.reflect.Method.invoke(Method.java:498)
	at org.testng.internal.MethodInvocationHelper.invokeMethod(MethodInvocationHelper.java:86)
	at org.testng.internal.Invoker.invokeMethod(Invoker.java:643)
	at org.testng.internal.Invoker.invokeTestMethod(Invoker.java:820)
	at org.testng.internal.Invoker.invokeTestMethods(Invoker.java:1128)
	at org.testng.internal.TestMethodWorker.invokeTestMethods(TestMethodWorker.java:129)
	at org.testng.internal.TestMethodWorker.run(TestMethodWorker.java:112)
	at org.testng.TestRunner.privateRun(TestRunner.java:782)
	at org.testng.TestRunner.run(TestRunner.java:632)
	at org.testng.SuiteRunner.runTest(SuiteRunner.java:366)
	at org.testng.SuiteRunner.runSequentially(SuiteRunner.java:361)
	at org.testng.SuiteRunner.privateRun(SuiteRunner.java:319)
	at org.testng.SuiteRunner.run(SuiteRunner.java:268)
	at org.testng.SuiteRunnerWorker.runSuite(SuiteRunnerWorker.java:52)
	at org.testng.SuiteRunnerWorker.run(SuiteRunnerWorker.java:86)
	at org.testng.TestNG.runSuitesSequentially(TestNG.java:1244)
	at org.testng.TestNG.runSuitesLocally(TestNG.java:1169)
	at org.testng.TestNG.run(TestNG.java:1064)
	at org.testng.remote.AbstractRemoteTestNG.run(AbstractRemoteTestNG.java:115)
	at org.testng.remote.RemoteTestNG.initAndRun(RemoteTestNG.java:251)
	at org.testng.remote.RemoteTestNG.main(RemoteTestNG.java:77)
</div></td></tr></table><p class="totop"><a href="#summary">back to summary</a></p><h3 id="m5">com.twc.ios.app.testcases.SmokeTest#Validate_Criteo_SDK_Initialization_API_Call_Response_Parameter_csmEnabled</h3><table class="result"><tr><th>Exception</th></tr><tr><td><div class="stacktrace">java.lang.AssertionError: bidder.criteo.com/config/app call is not present in Charles session, hence Custom Parameter: csmEnabled validation skipped
	at org.testng.Assert.fail(Assert.java:94)
	at com.twc.ios.app.general.Utils.validate_Criteo_SDK_config_app_call_response_parameter(Utils.java:11549)
	at com.twc.ios.app.testcases.SmokeTest.Validate_Criteo_SDK_Initialization_API_Call_Response_Parameter_csmEnabled(SmokeTest.java:2770)
	at sun.reflect.NativeMethodAccessorImpl.invoke0(Native Method)
	at sun.reflect.NativeMethodAccessorImpl.invoke(NativeMethodAccessorImpl.java:62)
	at sun.reflect.DelegatingMethodAccessorImpl.invoke(DelegatingMethodAccessorImpl.java:43)
	at java.lang.reflect.Method.invoke(Method.java:498)
	at org.testng.internal.MethodInvocationHelper.invokeMethod(MethodInvocationHelper.java:86)
	at org.testng.internal.Invoker.invokeMethod(Invoker.java:643)
	at org.testng.internal.Invoker.invokeTestMethod(Invoker.java:820)
	at org.testng.internal.Invoker.invokeTestMethods(Invoker.java:1128)
	at org.testng.internal.TestMethodWorker.invokeTestMethods(TestMethodWorker.java:129)
	at org.testng.internal.TestMethodWorker.run(TestMethodWorker.java:112)
	at org.testng.TestRunner.privateRun(TestRunner.java:782)
	at org.testng.TestRunner.run(TestRunner.java:632)
	at org.testng.SuiteRunner.runTest(SuiteRunner.java:366)
	at org.testng.SuiteRunner.runSequentially(SuiteRunner.java:361)
	at org.testng.SuiteRunner.privateRun(SuiteRunner.java:319)
	at org.testng.SuiteRunner.run(SuiteRunner.java:268)
	at org.testng.SuiteRunnerWorker.runSuite(SuiteRunnerWorker.java:52)
	at org.testng.SuiteRunnerWorker.run(SuiteRunnerWorker.java:86)
	at org.testng.TestNG.runSuitesSequentially(TestNG.java:1244)
	at org.testng.TestNG.runSuitesLocally(TestNG.java:1169)
	at org.testng.TestNG.run(TestNG.java:1064)
	at org.testng.remote.AbstractRemoteTestNG.run(AbstractRemoteTestNG.java:115)
	at org.testng.remote.RemoteTestNG.initAndRun(RemoteTestNG.java:251)
	at org.testng.remote.RemoteTestNG.main(RemoteTestNG.java:77)
</div></td></tr></table><p class="totop"><a href="#summary">back to summary</a></p><h3 id="m6">com.twc.ios.app.testcases.SmokeTest#Validate_Criteo_SDK_Initialization_API_Call_Response_Parameter_liveBiddingEnabled</h3><table class="result"><tr><th>Exception</th></tr><tr><td><div class="stacktrace">java.lang.AssertionError: bidder.criteo.com/config/app call is not present in Charles session, hence Custom Parameter: liveBiddingEnabled validation skipped
	at org.testng.Assert.fail(Assert.java:94)
	at com.twc.ios.app.general.Utils.validate_Criteo_SDK_config_app_call_response_parameter(Utils.java:11549)
	at com.twc.ios.app.testcases.SmokeTest.Validate_Criteo_SDK_Initialization_API_Call_Response_Parameter_liveBiddingEnabled(SmokeTest.java:2785)
	at sun.reflect.NativeMethodAccessorImpl.invoke0(Native Method)
	at sun.reflect.NativeMethodAccessorImpl.invoke(NativeMethodAccessorImpl.java:62)
	at sun.reflect.DelegatingMethodAccessorImpl.invoke(DelegatingMethodAccessorImpl.java:43)
	at java.lang.reflect.Method.invoke(Method.java:498)
	at org.testng.internal.MethodInvocationHelper.invokeMethod(MethodInvocationHelper.java:86)
	at org.testng.internal.Invoker.invokeMethod(Invoker.java:643)
	at org.testng.internal.Invoker.invokeTestMethod(Invoker.java:820)
	at org.testng.internal.Invoker.invokeTestMethods(Invoker.java:1128)
	at org.testng.internal.TestMethodWorker.invokeTestMethods(TestMethodWorker.java:129)
	at org.testng.internal.TestMethodWorker.run(TestMethodWorker.java:112)
	at org.testng.TestRunner.privateRun(TestRunner.java:782)
	at org.testng.TestRunner.run(TestRunner.java:632)
	at org.testng.SuiteRunner.runTest(SuiteRunner.java:366)
	at org.testng.SuiteRunner.runSequentially(SuiteRunner.java:361)
	at org.testng.SuiteRunner.privateRun(SuiteRunner.java:319)
	at org.testng.SuiteRunner.run(SuiteRunner.java:268)
	at org.testng.SuiteRunnerWorker.runSuite(SuiteRunnerWorker.java:52)
	at org.testng.SuiteRunnerWorker.run(SuiteRunnerWorker.java:86)
	at org.testng.TestNG.runSuitesSequentially(TestNG.java:1244)
	at org.testng.TestNG.runSuitesLocally(TestNG.java:1169)
	at org.testng.TestNG.run(TestNG.java:1064)
	at org.testng.remote.AbstractRemoteTestNG.run(AbstractRemoteTestNG.java:115)
	at org.testng.remote.RemoteTestNG.initAndRun(RemoteTestNG.java:251)
	at org.testng.remote.RemoteTestNG.main(RemoteTestNG.java:77)
</div></td></tr></table><p class="totop"><a href="#summary">back to summary</a></p><h3 id="m7">com.twc.ios.app.testcases.SmokeTest#Validate_Criteo_SDK_Initialization_API_Call_Response_Parameter_prefetchOnInitEnabled</h3><table class="result"><tr><th>Exception</th></tr><tr><td><div class="stacktrace">java.lang.AssertionError: bidder.criteo.com/config/app call is not present in Charles session, hence Custom Parameter: prefetchOnInitEnabled validation skipped
	at org.testng.Assert.fail(Assert.java:94)
	at com.twc.ios.app.general.Utils.validate_Criteo_SDK_config_app_call_response_parameter(Utils.java:11549)
	at com.twc.ios.app.testcases.SmokeTest.Validate_Criteo_SDK_Initialization_API_Call_Response_Parameter_prefetchOnInitEnabled(SmokeTest.java:2820)
	at sun.reflect.NativeMethodAccessorImpl.invoke0(Native Method)
	at sun.reflect.NativeMethodAccessorImpl.invoke(NativeMethodAccessorImpl.java:62)
	at sun.reflect.DelegatingMethodAccessorImpl.invoke(DelegatingMethodAccessorImpl.java:43)
	at java.lang.reflect.Method.invoke(Method.java:498)
	at org.testng.internal.MethodInvocationHelper.invokeMethod(MethodInvocationHelper.java:86)
	at org.testng.internal.Invoker.invokeMethod(Invoker.java:643)
	at org.testng.internal.Invoker.invokeTestMethod(Invoker.java:820)
	at org.testng.internal.Invoker.invokeTestMethods(Invoker.java:1128)
	at org.testng.internal.TestMethodWorker.invokeTestMethods(TestMethodWorker.java:129)
	at org.testng.internal.TestMethodWorker.run(TestMethodWorker.java:112)
	at org.testng.TestRunner.privateRun(TestRunner.java:782)
	at org.testng.TestRunner.run(TestRunner.java:632)
	at org.testng.SuiteRunner.runTest(SuiteRunner.java:366)
	at org.testng.SuiteRunner.runSequentially(SuiteRunner.java:361)
	at org.testng.SuiteRunner.privateRun(SuiteRunner.java:319)
	at org.testng.SuiteRunner.run(SuiteRunner.java:268)
	at org.testng.SuiteRunnerWorker.runSuite(SuiteRunnerWorker.java:52)
	at org.testng.SuiteRunnerWorker.run(SuiteRunnerWorker.java:86)
	at org.testng.TestNG.runSuitesSequentially(TestNG.java:1244)
	at org.testng.TestNG.runSuitesLocally(TestNG.java:1169)
	at org.testng.TestNG.run(TestNG.java:1064)
	at org.testng.remote.AbstractRemoteTestNG.run(AbstractRemoteTestNG.java:115)
	at org.testng.remote.RemoteTestNG.initAndRun(RemoteTestNG.java:251)
	at org.testng.remote.RemoteTestNG.main(RemoteTestNG.java:77)
</div></td></tr></table><p class="totop"><a href="#summary">back to summary</a></p><h3 id="m8">com.twc.ios.app.testcases.SmokeTest#Validate_Criteo_SDK_Initialization_API_Call_Response_Parameter_remoteLogLevel</h3><table class="result"><tr><th>Exception</th></tr><tr><td><div class="stacktrace">java.lang.AssertionError: bidder.criteo.com/config/app call is not present in Charles session, hence Custom Parameter: remoteLogLevel validation skipped
	at org.testng.Assert.fail(Assert.java:94)
	at com.twc.ios.app.general.Utils.validate_Criteo_SDK_config_app_call_response_parameter(Utils.java:11549)
	at com.twc.ios.app.testcases.SmokeTest.Validate_Criteo_SDK_Initialization_API_Call_Response_Parameter_remoteLogLevel(SmokeTest.java:2835)
	at sun.reflect.NativeMethodAccessorImpl.invoke0(Native Method)
	at sun.reflect.NativeMethodAccessorImpl.invoke(NativeMethodAccessorImpl.java:62)
	at sun.reflect.DelegatingMethodAccessorImpl.invoke(DelegatingMethodAccessorImpl.java:43)
	at java.lang.reflect.Method.invoke(Method.java:498)
	at org.testng.internal.MethodInvocationHelper.invokeMethod(MethodInvocationHelper.java:86)
	at org.testng.internal.Invoker.invokeMethod(Invoker.java:643)
	at org.testng.internal.Invoker.invokeTestMethod(Invoker.java:820)
	at org.testng.internal.Invoker.invokeTestMethods(Invoker.java:1128)
	at org.testng.internal.TestMethodWorker.invokeTestMethods(TestMethodWorker.java:129)
	at org.testng.internal.TestMethodWorker.run(TestMethodWorker.java:112)
	at org.testng.TestRunner.privateRun(TestRunner.java:782)
	at org.testng.TestRunner.run(TestRunner.java:632)
	at org.testng.SuiteRunner.runTest(SuiteRunner.java:366)
	at org.testng.SuiteRunner.runSequentially(SuiteRunner.java:361)
	at org.testng.SuiteRunner.privateRun(SuiteRunner.java:319)
	at org.testng.SuiteRunner.run(SuiteRunner.java:268)
	at org.testng.SuiteRunnerWorker.runSuite(SuiteRunnerWorker.java:52)
	at org.testng.SuiteRunnerWorker.run(SuiteRunnerWorker.java:86)
	at org.testng.TestNG.runSuitesSequentially(TestNG.java:1244)
	at org.testng.TestNG.runSuitesLocally(TestNG.java:1169)
	at org.testng.TestNG.run(TestNG.java:1064)
	at org.testng.remote.AbstractRemoteTestNG.run(AbstractRemoteTestNG.java:115)
	at org.testng.remote.RemoteTestNG.initAndRun(RemoteTestNG.java:251)
	at org.testng.remote.RemoteTestNG.main(RemoteTestNG.java:77)
</div></td></tr></table><p class="totop"><a href="#summary">back to summary</a></p><h3 id="m9">com.twc.ios.app.testcases.SmokeTest#Validate_Criteo_SDK_config_app_Call_sdkVersion_parameter</h3><table class="result"><tr><th>Exception</th></tr><tr><td><div class="stacktrace">java.lang.AssertionError: bidder.criteo.com/config/app call is not present in Charles session, hence Custom Parameter: sdkVersion validation skipped
	at org.testng.Assert.fail(Assert.java:94)
	at com.twc.ios.app.general.Utils.validate_Criteo_SDK_config_app_call_parameter(Utils.java:9082)
	at com.twc.ios.app.testcases.SmokeTest.Validate_Criteo_SDK_config_app_Call_sdkVersion_parameter(SmokeTest.java:2729)
	at sun.reflect.NativeMethodAccessorImpl.invoke0(Native Method)
	at sun.reflect.NativeMethodAccessorImpl.invoke(NativeMethodAccessorImpl.java:62)
	at sun.reflect.DelegatingMethodAccessorImpl.invoke(DelegatingMethodAccessorImpl.java:43)
	at java.lang.reflect.Method.invoke(Method.java:498)
	at org.testng.internal.MethodInvocationHelper.invokeMethod(MethodInvocationHelper.java:86)
	at org.testng.internal.Invoker.invokeMethod(Invoker.java:643)
	at org.testng.internal.Invoker.invokeTestMethod(Invoker.java:820)
	at org.testng.internal.Invoker.invokeTestMethods(Invoker.java:1128)
	at org.testng.internal.TestMethodWorker.invokeTestMethods(TestMethodWorker.java:129)
	at org.testng.internal.TestMethodWorker.run(TestMethodWorker.java:112)
	at org.testng.TestRunner.privateRun(TestRunner.java:782)
	at org.testng.TestRunner.run(TestRunner.java:632)
	at org.testng.SuiteRunner.runTest(SuiteRunner.java:366)
	at org.testng.SuiteRunner.runSequentially(SuiteRunner.java:361)
	at org.testng.SuiteRunner.privateRun(SuiteRunner.java:319)
	at org.testng.SuiteRunner.run(SuiteRunner.java:268)
	at org.testng.SuiteRunnerWorker.runSuite(SuiteRunnerWorker.java:52)
	at org.testng.SuiteRunnerWorker.run(SuiteRunnerWorker.java:86)
	at org.testng.TestNG.runSuitesSequentially(TestNG.java:1244)
	at org.testng.TestNG.runSuitesLocally(TestNG.java:1169)
	at org.testng.TestNG.run(TestNG.java:1064)
	at org.testng.remote.AbstractRemoteTestNG.run(AbstractRemoteTestNG.java:115)
	at org.testng.remote.RemoteTestNG.initAndRun(RemoteTestNG.java:251)
	at org.testng.remote.RemoteTestNG.main(RemoteTestNG.java:77)
</div></td></tr></table><p class="totop"><a href="#summary">back to summary</a></p><h3 id="m10">com.twc.ios.app.testcases.SmokeTest#Validate_Feed1_adid_Custom_param</h3><table class="result"><tr><th>Exception</th></tr><tr><td><div class="stacktrace">java.lang.AssertionError: Custom Parameter :adid value: nl is not matched with the expected value NotNull
	at org.testng.Assert.fail(Assert.java:94)
	at com.twc.ios.app.general.Utils.validate_custom_param_val_of_gampad(Utils.java:7938)
	at com.twc.ios.app.testcases.SmokeTest.Validate_Feed1_adid_Custom_param(SmokeTest.java:490)
	at sun.reflect.NativeMethodAccessorImpl.invoke0(Native Method)
	at sun.reflect.NativeMethodAccessorImpl.invoke(NativeMethodAccessorImpl.java:62)
	at sun.reflect.DelegatingMethodAccessorImpl.invoke(DelegatingMethodAccessorImpl.java:43)
	at java.lang.reflect.Method.invoke(Method.java:498)
	at org.testng.internal.MethodInvocationHelper.invokeMethod(MethodInvocationHelper.java:86)
	at org.testng.internal.Invoker.invokeMethod(Invoker.java:643)
	at org.testng.internal.Invoker.invokeTestMethod(Invoker.java:820)
	at org.testng.internal.Invoker.invokeTestMethods(Invoker.java:1128)
	at org.testng.internal.TestMethodWorker.invokeTestMethods(TestMethodWorker.java:129)
	at org.testng.internal.TestMethodWorker.run(TestMethodWorker.java:112)
	at org.testng.TestRunner.privateRun(TestRunner.java:782)
	at org.testng.TestRunner.run(TestRunner.java:632)
	at org.testng.SuiteRunner.runTest(SuiteRunner.java:366)
	at org.testng.SuiteRunner.runSequentially(SuiteRunner.java:361)
	at org.testng.SuiteRunner.privateRun(SuiteRunner.java:319)
	at org.testng.SuiteRunner.run(SuiteRunner.java:268)
	at org.testng.SuiteRunnerWorker.runSuite(SuiteRunnerWorker.java:52)
	at org.testng.SuiteRunnerWorker.run(SuiteRunnerWorker.java:86)
	at org.testng.TestNG.runSuitesSequentially(TestNG.java:1244)
	at org.testng.TestNG.runSuitesLocally(TestNG.java:1169)
	at org.testng.TestNG.run(TestNG.java:1064)
	at org.testng.remote.AbstractRemoteTestNG.run(AbstractRemoteTestNG.java:115)
	at org.testng.remote.RemoteTestNG.initAndRun(RemoteTestNG.java:251)
	at org.testng.remote.RemoteTestNG.main(RemoteTestNG.java:77)
</div></td></tr></table><p class="totop"><a href="#summary">back to summary</a></p><h3 id="m11">com.twc.ios.app.testcases.SmokeTest#Validate_Feed1_cnd_Custom_param</h3><table class="result"><tr><th>Exception</th></tr><tr><td><div class="stacktrace">java.lang.AssertionError: Custom Parameter :cnd value: clr is not matched with the expected value: sun
	at org.testng.Assert.fail(Assert.java:94)
	at com.twc.ios.app.general.Utils.validate_custom_param_val_of_gampad(Utils.java:7817)
	at com.twc.ios.app.testcases.SmokeTest.Validate_Feed1_cnd_Custom_param(SmokeTest.java:529)
	at sun.reflect.NativeMethodAccessorImpl.invoke0(Native Method)
	at sun.reflect.NativeMethodAccessorImpl.invoke(NativeMethodAccessorImpl.java:62)
	at sun.reflect.DelegatingMethodAccessorImpl.invoke(DelegatingMethodAccessorImpl.java:43)
	at java.lang.reflect.Method.invoke(Method.java:498)
	at org.testng.internal.MethodInvocationHelper.invokeMethod(MethodInvocationHelper.java:86)
	at org.testng.internal.Invoker.invokeMethod(Invoker.java:643)
	at org.testng.internal.Invoker.invokeTestMethod(Invoker.java:820)
	at org.testng.internal.Invoker.invokeTestMethods(Invoker.java:1128)
	at org.testng.internal.TestMethodWorker.invokeTestMethods(TestMethodWorker.java:129)
	at org.testng.internal.TestMethodWorker.run(TestMethodWorker.java:112)
	at org.testng.TestRunner.privateRun(TestRunner.java:782)
	at org.testng.TestRunner.run(TestRunner.java:632)
	at org.testng.SuiteRunner.runTest(SuiteRunner.java:366)
	at org.testng.SuiteRunner.runSequentially(SuiteRunner.java:361)
	at org.testng.SuiteRunner.privateRun(SuiteRunner.java:319)
	at org.testng.SuiteRunner.run(SuiteRunner.java:268)
	at org.testng.SuiteRunnerWorker.runSuite(SuiteRunnerWorker.java:52)
	at org.testng.SuiteRunnerWorker.run(SuiteRunnerWorker.java:86)
	at org.testng.TestNG.runSuitesSequentially(TestNG.java:1244)
	at org.testng.TestNG.runSuitesLocally(TestNG.java:1169)
	at org.testng.TestNG.run(TestNG.java:1064)
	at org.testng.remote.AbstractRemoteTestNG.run(AbstractRemoteTestNG.java:115)
	at org.testng.remote.RemoteTestNG.initAndRun(RemoteTestNG.java:251)
	at org.testng.remote.RemoteTestNG.main(RemoteTestNG.java:77)
</div></td></tr></table><p class="totop"><a href="#summary">back to summary</a></p><h3 id="m12">com.twc.ios.app.testcases.SmokeTest#Validate_Feed1_ct_Custom_param</h3><table class="result"><tr><th>Exception</th></tr><tr><td><div class="stacktrace">java.lang.AssertionError: Custom Parameter :ct value: Hyderabad is not matched with the expected value: Atlanta
	at org.testng.Assert.fail(Assert.java:94)
	at com.twc.ios.app.general.Utils.validate_custom_param_val_of_gampad(Utils.java:7817)
	at com.twc.ios.app.testcases.SmokeTest.Validate_Feed1_ct_Custom_param(SmokeTest.java:724)
	at sun.reflect.NativeMethodAccessorImpl.invoke0(Native Method)
	at sun.reflect.NativeMethodAccessorImpl.invoke(NativeMethodAccessorImpl.java:62)
	at sun.reflect.DelegatingMethodAccessorImpl.invoke(DelegatingMethodAccessorImpl.java:43)
	at java.lang.reflect.Method.invoke(Method.java:498)
	at org.testng.internal.MethodInvocationHelper.invokeMethod(MethodInvocationHelper.java:86)
	at org.testng.internal.Invoker.invokeMethod(Invoker.java:643)
	at org.testng.internal.Invoker.invokeTestMethod(Invoker.java:820)
	at org.testng.internal.Invoker.invokeTestMethods(Invoker.java:1128)
	at org.testng.internal.TestMethodWorker.invokeTestMethods(TestMethodWorker.java:129)
	at org.testng.internal.TestMethodWorker.run(TestMethodWorker.java:112)
	at org.testng.TestRunner.privateRun(TestRunner.java:782)
	at org.testng.TestRunner.run(TestRunner.java:632)
	at org.testng.SuiteRunner.runTest(SuiteRunner.java:366)
	at org.testng.SuiteRunner.runSequentially(SuiteRunner.java:361)
	at org.testng.SuiteRunner.privateRun(SuiteRunner.java:319)
	at org.testng.SuiteRunner.run(SuiteRunner.java:268)
	at org.testng.SuiteRunnerWorker.runSuite(SuiteRunnerWorker.java:52)
	at org.testng.SuiteRunnerWorker.run(SuiteRunnerWorker.java:86)
	at org.testng.TestNG.runSuitesSequentially(TestNG.java:1244)
	at org.testng.TestNG.runSuitesLocally(TestNG.java:1169)
	at org.testng.TestNG.run(TestNG.java:1064)
	at org.testng.remote.AbstractRemoteTestNG.run(AbstractRemoteTestNG.java:115)
	at org.testng.remote.RemoteTestNG.initAndRun(RemoteTestNG.java:251)
	at org.testng.remote.RemoteTestNG.main(RemoteTestNG.java:77)
</div></td></tr></table><p class="totop"><a href="#summary">back to summary</a></p><h3 id="m13">com.twc.ios.app.testcases.SmokeTest#Validate_Feed1_dma_Custom_param</h3><table class="result"><tr><th>Exception</th></tr><tr><td><div class="stacktrace">java.lang.AssertionError: Custom Parameter :dma value: nl is not matched with the expected value: 524
	at org.testng.Assert.fail(Assert.java:94)
	at com.twc.ios.app.general.Utils.validate_custom_param_val_of_gampad(Utils.java:7817)
	at com.twc.ios.app.testcases.SmokeTest.Validate_Feed1_dma_Custom_param(SmokeTest.java:568)
	at sun.reflect.NativeMethodAccessorImpl.invoke0(Native Method)
	at sun.reflect.NativeMethodAccessorImpl.invoke(NativeMethodAccessorImpl.java:62)
	at sun.reflect.DelegatingMethodAccessorImpl.invoke(DelegatingMethodAccessorImpl.java:43)
	at java.lang.reflect.Method.invoke(Method.java:498)
	at org.testng.internal.MethodInvocationHelper.invokeMethod(MethodInvocationHelper.java:86)
	at org.testng.internal.Invoker.invokeMethod(Invoker.java:643)
	at org.testng.internal.Invoker.invokeTestMethod(Invoker.java:820)
	at org.testng.internal.Invoker.invokeTestMethods(Invoker.java:1128)
	at org.testng.internal.TestMethodWorker.invokeTestMethods(TestMethodWorker.java:129)
	at org.testng.internal.TestMethodWorker.run(TestMethodWorker.java:112)
	at org.testng.TestRunner.privateRun(TestRunner.java:782)
	at org.testng.TestRunner.run(TestRunner.java:632)
	at org.testng.SuiteRunner.runTest(SuiteRunner.java:366)
	at org.testng.SuiteRunner.runSequentially(SuiteRunner.java:361)
	at org.testng.SuiteRunner.privateRun(SuiteRunner.java:319)
	at org.testng.SuiteRunner.run(SuiteRunner.java:268)
	at org.testng.SuiteRunnerWorker.runSuite(SuiteRunnerWorker.java:52)
	at org.testng.SuiteRunnerWorker.run(SuiteRunnerWorker.java:86)
	at org.testng.TestNG.runSuitesSequentially(TestNG.java:1244)
	at org.testng.TestNG.runSuitesLocally(TestNG.java:1169)
	at org.testng.TestNG.run(TestNG.java:1064)
	at org.testng.remote.AbstractRemoteTestNG.run(AbstractRemoteTestNG.java:115)
	at org.testng.remote.RemoteTestNG.initAndRun(RemoteTestNG.java:251)
	at org.testng.remote.RemoteTestNG.main(RemoteTestNG.java:77)
</div></td></tr></table><p class="totop"><a href="#summary">back to summary</a></p><h3 id="m14">com.twc.ios.app.testcases.SmokeTest#Validate_Feed1_dnt_Custom_param</h3><table class="result"><tr><th>Exception</th></tr><tr><td><div class="stacktrace">java.lang.AssertionError: Custom Parameter :dnt value: y is not matched with the expected value n
	at org.testng.Assert.fail(Assert.java:94)
	at com.twc.ios.app.general.Utils.validate_custom_param_val_of_gampad(Utils.java:7956)
	at com.twc.ios.app.testcases.SmokeTest.Validate_Feed1_dnt_Custom_param(SmokeTest.java:1648)
	at sun.reflect.NativeMethodAccessorImpl.invoke0(Native Method)
	at sun.reflect.NativeMethodAccessorImpl.invoke(NativeMethodAccessorImpl.java:62)
	at sun.reflect.DelegatingMethodAccessorImpl.invoke(DelegatingMethodAccessorImpl.java:43)
	at java.lang.reflect.Method.invoke(Method.java:498)
	at org.testng.internal.MethodInvocationHelper.invokeMethod(MethodInvocationHelper.java:86)
	at org.testng.internal.Invoker.invokeMethod(Invoker.java:643)
	at org.testng.internal.Invoker.invokeTestMethod(Invoker.java:820)
	at org.testng.internal.Invoker.invokeTestMethods(Invoker.java:1128)
	at org.testng.internal.TestMethodWorker.invokeTestMethods(TestMethodWorker.java:129)
	at org.testng.internal.TestMethodWorker.run(TestMethodWorker.java:112)
	at org.testng.TestRunner.privateRun(TestRunner.java:782)
	at org.testng.TestRunner.run(TestRunner.java:632)
	at org.testng.SuiteRunner.runTest(SuiteRunner.java:366)
	at org.testng.SuiteRunner.runSequentially(SuiteRunner.java:361)
	at org.testng.SuiteRunner.privateRun(SuiteRunner.java:319)
	at org.testng.SuiteRunner.run(SuiteRunner.java:268)
	at org.testng.SuiteRunnerWorker.runSuite(SuiteRunnerWorker.java:52)
	at org.testng.SuiteRunnerWorker.run(SuiteRunnerWorker.java:86)
	at org.testng.TestNG.runSuitesSequentially(TestNG.java:1244)
	at org.testng.TestNG.runSuitesLocally(TestNG.java:1169)
	at org.testng.TestNG.run(TestNG.java:1064)
	at org.testng.remote.AbstractRemoteTestNG.run(AbstractRemoteTestNG.java:115)
	at org.testng.remote.RemoteTestNG.initAndRun(RemoteTestNG.java:251)
	at org.testng.remote.RemoteTestNG.main(RemoteTestNG.java:77)
</div></td></tr></table><p class="totop"><a href="#summary">back to summary</a></p><h3 id="m15">com.twc.ios.app.testcases.SmokeTest#Validate_Feed1_dynght_Custom_param</h3><table class="result"><tr><th>Exception</th></tr><tr><td><div class="stacktrace">java.lang.AssertionError: Custom Parameter :dynght value: N is not matched with the expected value: D
	at org.testng.Assert.fail(Assert.java:94)
	at com.twc.ios.app.general.Utils.validate_custom_param_val_of_gampad(Utils.java:7817)
	at com.twc.ios.app.testcases.SmokeTest.Validate_Feed1_dynght_Custom_param(SmokeTest.java:844)
	at sun.reflect.NativeMethodAccessorImpl.invoke0(Native Method)
	at sun.reflect.NativeMethodAccessorImpl.invoke(NativeMethodAccessorImpl.java:62)
	at sun.reflect.DelegatingMethodAccessorImpl.invoke(DelegatingMethodAccessorImpl.java:43)
	at java.lang.reflect.Method.invoke(Method.java:498)
	at org.testng.internal.MethodInvocationHelper.invokeMethod(MethodInvocationHelper.java:86)
	at org.testng.internal.Invoker.invokeMethod(Invoker.java:643)
	at org.testng.internal.Invoker.invokeTestMethod(Invoker.java:820)
	at org.testng.internal.Invoker.invokeTestMethods(Invoker.java:1128)
	at org.testng.internal.TestMethodWorker.invokeTestMethods(TestMethodWorker.java:129)
	at org.testng.internal.TestMethodWorker.run(TestMethodWorker.java:112)
	at org.testng.TestRunner.privateRun(TestRunner.java:782)
	at org.testng.TestRunner.run(TestRunner.java:632)
	at org.testng.SuiteRunner.runTest(SuiteRunner.java:366)
	at org.testng.SuiteRunner.runSequentially(SuiteRunner.java:361)
	at org.testng.SuiteRunner.privateRun(SuiteRunner.java:319)
	at org.testng.SuiteRunner.run(SuiteRunner.java:268)
	at org.testng.SuiteRunnerWorker.runSuite(SuiteRunnerWorker.java:52)
	at org.testng.SuiteRunnerWorker.run(SuiteRunnerWorker.java:86)
	at org.testng.TestNG.runSuitesSequentially(TestNG.java:1244)
	at org.testng.TestNG.runSuitesLocally(TestNG.java:1169)
	at org.testng.TestNG.run(TestNG.java:1064)
	at org.testng.remote.AbstractRemoteTestNG.run(AbstractRemoteTestNG.java:115)
	at org.testng.remote.RemoteTestNG.initAndRun(RemoteTestNG.java:251)
	at org.testng.remote.RemoteTestNG.main(RemoteTestNG.java:77)
</div></td></tr></table><p class="totop"><a href="#summary">back to summary</a></p><h3 id="m16">com.twc.ios.app.testcases.SmokeTest#Validate_Feed1_rmid_Custom_param</h3><table class="result"><tr><th>Exception</th></tr><tr><td><div class="stacktrace">java.lang.AssertionError: Custom Parameter :rmid value: nl is not matched with the expected value NotNull
	at org.testng.Assert.fail(Assert.java:94)
	at com.twc.ios.app.general.Utils.validate_custom_param_val_of_gampad(Utils.java:7938)
	at com.twc.ios.app.testcases.SmokeTest.Validate_Feed1_rmid_Custom_param(SmokeTest.java:1039)
	at sun.reflect.NativeMethodAccessorImpl.invoke0(Native Method)
	at sun.reflect.NativeMethodAccessorImpl.invoke(NativeMethodAccessorImpl.java:62)
	at sun.reflect.DelegatingMethodAccessorImpl.invoke(DelegatingMethodAccessorImpl.java:43)
	at java.lang.reflect.Method.invoke(Method.java:498)
	at org.testng.internal.MethodInvocationHelper.invokeMethod(MethodInvocationHelper.java:86)
	at org.testng.internal.Invoker.invokeMethod(Invoker.java:643)
	at org.testng.internal.Invoker.invokeTestMethod(Invoker.java:820)
	at org.testng.internal.Invoker.invokeTestMethods(Invoker.java:1128)
	at org.testng.internal.TestMethodWorker.invokeTestMethods(TestMethodWorker.java:129)
	at org.testng.internal.TestMethodWorker.run(TestMethodWorker.java:112)
	at org.testng.TestRunner.privateRun(TestRunner.java:782)
	at org.testng.TestRunner.run(TestRunner.java:632)
	at org.testng.SuiteRunner.runTest(SuiteRunner.java:366)
	at org.testng.SuiteRunner.runSequentially(SuiteRunner.java:361)
	at org.testng.SuiteRunner.privateRun(SuiteRunner.java:319)
	at org.testng.SuiteRunner.run(SuiteRunner.java:268)
	at org.testng.SuiteRunnerWorker.runSuite(SuiteRunnerWorker.java:52)
	at org.testng.SuiteRunnerWorker.run(SuiteRunnerWorker.java:86)
	at org.testng.TestNG.runSuitesSequentially(TestNG.java:1244)
	at org.testng.TestNG.runSuitesLocally(TestNG.java:1169)
	at org.testng.TestNG.run(TestNG.java:1064)
	at org.testng.remote.AbstractRemoteTestNG.run(AbstractRemoteTestNG.java:115)
	at org.testng.remote.RemoteTestNG.initAndRun(RemoteTestNG.java:251)
	at org.testng.remote.RemoteTestNG.main(RemoteTestNG.java:77)
</div></td></tr></table><p class="totop"><a href="#summary">back to summary</a></p><h3 id="m17">com.twc.ios.app.testcases.SmokeTest#Validate_Feed1_st_Custom_param</h3><table class="result"><tr><th>Exception</th></tr><tr><td><div class="stacktrace">java.lang.AssertionError: Custom Parameter :st value: nl is not matched with the expected value: GA
	at org.testng.Assert.fail(Assert.java:94)
	at com.twc.ios.app.general.Utils.validate_custom_param_val_of_gampad(Utils.java:7817)
	at com.twc.ios.app.testcases.SmokeTest.Validate_Feed1_st_Custom_param(SmokeTest.java:1078)
	at sun.reflect.NativeMethodAccessorImpl.invoke0(Native Method)
	at sun.reflect.NativeMethodAccessorImpl.invoke(NativeMethodAccessorImpl.java:62)
	at sun.reflect.DelegatingMethodAccessorImpl.invoke(DelegatingMethodAccessorImpl.java:43)
	at java.lang.reflect.Method.invoke(Method.java:498)
	at org.testng.internal.MethodInvocationHelper.invokeMethod(MethodInvocationHelper.java:86)
	at org.testng.internal.Invoker.invokeMethod(Invoker.java:643)
	at org.testng.internal.Invoker.invokeTestMethod(Invoker.java:820)
	at org.testng.internal.Invoker.invokeTestMethods(Invoker.java:1128)
	at org.testng.internal.TestMethodWorker.invokeTestMethods(TestMethodWorker.java:129)
	at org.testng.internal.TestMethodWorker.run(TestMethodWorker.java:112)
	at org.testng.TestRunner.privateRun(TestRunner.java:782)
	at org.testng.TestRunner.run(TestRunner.java:632)
	at org.testng.SuiteRunner.runTest(SuiteRunner.java:366)
	at org.testng.SuiteRunner.runSequentially(SuiteRunner.java:361)
	at org.testng.SuiteRunner.privateRun(SuiteRunner.java:319)
	at org.testng.SuiteRunner.run(SuiteRunner.java:268)
	at org.testng.SuiteRunnerWorker.runSuite(SuiteRunnerWorker.java:52)
	at org.testng.SuiteRunnerWorker.run(SuiteRunnerWorker.java:86)
	at org.testng.TestNG.runSuitesSequentially(TestNG.java:1244)
	at org.testng.TestNG.runSuitesLocally(TestNG.java:1169)
	at org.testng.TestNG.run(TestNG.java:1064)
	at org.testng.remote.AbstractRemoteTestNG.run(AbstractRemoteTestNG.java:115)
	at org.testng.remote.RemoteTestNG.initAndRun(RemoteTestNG.java:251)
	at org.testng.remote.RemoteTestNG.main(RemoteTestNG.java:77)
</div></td></tr></table><p class="totop"><a href="#summary">back to summary</a></p><h3 id="m18">com.twc.ios.app.testcases.SmokeTest#Validate_Feed1_tmpc_Custom_param</h3><table class="result"><tr><th>Exception</th></tr><tr><td><div class="stacktrace">java.lang.AssertionError: Custom Parameter :tmpc value: 25 is not matched with the expected value: 15
	at org.testng.Assert.fail(Assert.java:94)
	at com.twc.ios.app.general.Utils.validate_custom_param_val_of_gampad(Utils.java:7817)
	at com.twc.ios.app.testcases.SmokeTest.Validate_Feed1_tmpc_Custom_param(SmokeTest.java:646)
	at sun.reflect.NativeMethodAccessorImpl.invoke0(Native Method)
	at sun.reflect.NativeMethodAccessorImpl.invoke(NativeMethodAccessorImpl.java:62)
	at sun.reflect.DelegatingMethodAccessorImpl.invoke(DelegatingMethodAccessorImpl.java:43)
	at java.lang.reflect.Method.invoke(Method.java:498)
	at org.testng.internal.MethodInvocationHelper.invokeMethod(MethodInvocationHelper.java:86)
	at org.testng.internal.Invoker.invokeMethod(Invoker.java:643)
	at org.testng.internal.Invoker.invokeTestMethod(Invoker.java:820)
	at org.testng.internal.Invoker.invokeTestMethods(Invoker.java:1128)
	at org.testng.internal.TestMethodWorker.invokeTestMethods(TestMethodWorker.java:129)
	at org.testng.internal.TestMethodWorker.run(TestMethodWorker.java:112)
	at org.testng.TestRunner.privateRun(TestRunner.java:782)
	at org.testng.TestRunner.run(TestRunner.java:632)
	at org.testng.SuiteRunner.runTest(SuiteRunner.java:366)
	at org.testng.SuiteRunner.runSequentially(SuiteRunner.java:361)
	at org.testng.SuiteRunner.privateRun(SuiteRunner.java:319)
	at org.testng.SuiteRunner.run(SuiteRunner.java:268)
	at org.testng.SuiteRunnerWorker.runSuite(SuiteRunnerWorker.java:52)
	at org.testng.SuiteRunnerWorker.run(SuiteRunnerWorker.java:86)
	at org.testng.TestNG.runSuitesSequentially(TestNG.java:1244)
	at org.testng.TestNG.runSuitesLocally(TestNG.java:1169)
	at org.testng.TestNG.run(TestNG.java:1064)
	at org.testng.remote.AbstractRemoteTestNG.run(AbstractRemoteTestNG.java:115)
	at org.testng.remote.RemoteTestNG.initAndRun(RemoteTestNG.java:251)
	at org.testng.remote.RemoteTestNG.main(RemoteTestNG.java:77)
</div></td></tr></table><p class="totop"><a href="#summary">back to summary</a></p><h3 id="m19">com.twc.ios.app.testcases.SmokeTest#Validate_Feed1_zip_Custom_param</h3><table class="result"><tr><th>Exception</th></tr><tr><td><div class="stacktrace">java.lang.AssertionError: Custom Parameter :zip value: 500045 is not matched with the expected value: 30303
	at org.testng.Assert.fail(Assert.java:94)
	at com.twc.ios.app.general.Utils.validate_custom_param_val_of_gampad(Utils.java:7817)
	at com.twc.ios.app.testcases.SmokeTest.Validate_Feed1_zip_Custom_param(SmokeTest.java:412)
	at sun.reflect.NativeMethodAccessorImpl.invoke0(Native Method)
	at sun.reflect.NativeMethodAccessorImpl.invoke(NativeMethodAccessorImpl.java:62)
	at sun.reflect.DelegatingMethodAccessorImpl.invoke(DelegatingMethodAccessorImpl.java:43)
	at java.lang.reflect.Method.invoke(Method.java:498)
	at org.testng.internal.MethodInvocationHelper.invokeMethod(MethodInvocationHelper.java:86)
	at org.testng.internal.Invoker.invokeMethod(Invoker.java:643)
	at org.testng.internal.Invoker.invokeTestMethod(Invoker.java:820)
	at org.testng.internal.Invoker.invokeTestMethods(Invoker.java:1128)
	at org.testng.internal.TestMethodWorker.invokeTestMethods(TestMethodWorker.java:129)
	at org.testng.internal.TestMethodWorker.run(TestMethodWorker.java:112)
	at org.testng.TestRunner.privateRun(TestRunner.java:782)
	at org.testng.TestRunner.run(TestRunner.java:632)
	at org.testng.SuiteRunner.runTest(SuiteRunner.java:366)
	at org.testng.SuiteRunner.runSequentially(SuiteRunner.java:361)
	at org.testng.SuiteRunner.privateRun(SuiteRunner.java:319)
	at org.testng.SuiteRunner.run(SuiteRunner.java:268)
	at org.testng.SuiteRunnerWorker.runSuite(SuiteRunnerWorker.java:52)
	at org.testng.SuiteRunnerWorker.run(SuiteRunnerWorker.java:86)
	at org.testng.TestNG.runSuitesSequentially(TestNG.java:1244)
	at org.testng.TestNG.runSuitesLocally(TestNG.java:1169)
	at org.testng.TestNG.run(TestNG.java:1064)
	at org.testng.remote.AbstractRemoteTestNG.run(AbstractRemoteTestNG.java:115)
	at org.testng.remote.RemoteTestNG.initAndRun(RemoteTestNG.java:251)
	at org.testng.remote.RemoteTestNG.main(RemoteTestNG.java:77)
</div></td></tr></table><p class="totop"><a href="#summary">back to summary</a></p><h3 id="m20">com.twc.ios.app.testcases.SmokeTest#Validate_Marquee_adid_Custom_param</h3><table class="result"><tr><th>Exception</th></tr><tr><td><div class="stacktrace">java.lang.AssertionError: Custom Parameter :adid value: nl is not matched with the expected value NotNull
	at org.testng.Assert.fail(Assert.java:94)
	at com.twc.ios.app.general.Utils.validate_custom_param_val_of_gampad(Utils.java:7938)
	at com.twc.ios.app.testcases.SmokeTest.Validate_Marquee_adid_Custom_param(SmokeTest.java:477)
	at sun.reflect.NativeMethodAccessorImpl.invoke0(Native Method)
	at sun.reflect.NativeMethodAccessorImpl.invoke(NativeMethodAccessorImpl.java:62)
	at sun.reflect.DelegatingMethodAccessorImpl.invoke(DelegatingMethodAccessorImpl.java:43)
	at java.lang.reflect.Method.invoke(Method.java:498)
	at org.testng.internal.MethodInvocationHelper.invokeMethod(MethodInvocationHelper.java:86)
	at org.testng.internal.Invoker.invokeMethod(Invoker.java:643)
	at org.testng.internal.Invoker.invokeTestMethod(Invoker.java:820)
	at org.testng.internal.Invoker.invokeTestMethods(Invoker.java:1128)
	at org.testng.internal.TestMethodWorker.invokeTestMethods(TestMethodWorker.java:129)
	at org.testng.internal.TestMethodWorker.run(TestMethodWorker.java:112)
	at org.testng.TestRunner.privateRun(TestRunner.java:782)
	at org.testng.TestRunner.run(TestRunner.java:632)
	at org.testng.SuiteRunner.runTest(SuiteRunner.java:366)
	at org.testng.SuiteRunner.runSequentially(SuiteRunner.java:361)
	at org.testng.SuiteRunner.privateRun(SuiteRunner.java:319)
	at org.testng.SuiteRunner.run(SuiteRunner.java:268)
	at org.testng.SuiteRunnerWorker.runSuite(SuiteRunnerWorker.java:52)
	at org.testng.SuiteRunnerWorker.run(SuiteRunnerWorker.java:86)
	at org.testng.TestNG.runSuitesSequentially(TestNG.java:1244)
	at org.testng.TestNG.runSuitesLocally(TestNG.java:1169)
	at org.testng.TestNG.run(TestNG.java:1064)
	at org.testng.remote.AbstractRemoteTestNG.run(AbstractRemoteTestNG.java:115)
	at org.testng.remote.RemoteTestNG.initAndRun(RemoteTestNG.java:251)
	at org.testng.remote.RemoteTestNG.main(RemoteTestNG.java:77)
</div></td></tr></table><p class="totop"><a href="#summary">back to summary</a></p><h3 id="m21">com.twc.ios.app.testcases.SmokeTest#Validate_Marquee_dnt_Custom_param</h3><table class="result"><tr><th>Exception</th></tr><tr><td><div class="stacktrace">java.lang.AssertionError: Custom Parameter :dnt value: y is not matched with the expected value n
	at org.testng.Assert.fail(Assert.java:94)
	at com.twc.ios.app.general.Utils.validate_custom_param_val_of_gampad(Utils.java:7956)
	at com.twc.ios.app.testcases.SmokeTest.Validate_Marquee_dnt_Custom_param(SmokeTest.java:1635)
	at sun.reflect.NativeMethodAccessorImpl.invoke0(Native Method)
	at sun.reflect.NativeMethodAccessorImpl.invoke(NativeMethodAccessorImpl.java:62)
	at sun.reflect.DelegatingMethodAccessorImpl.invoke(DelegatingMethodAccessorImpl.java:43)
	at java.lang.reflect.Method.invoke(Method.java:498)
	at org.testng.internal.MethodInvocationHelper.invokeMethod(MethodInvocationHelper.java:86)
	at org.testng.internal.Invoker.invokeMethod(Invoker.java:643)
	at org.testng.internal.Invoker.invokeTestMethod(Invoker.java:820)
	at org.testng.internal.Invoker.invokeTestMethods(Invoker.java:1128)
	at org.testng.internal.TestMethodWorker.invokeTestMethods(TestMethodWorker.java:129)
	at org.testng.internal.TestMethodWorker.run(TestMethodWorker.java:112)
	at org.testng.TestRunner.privateRun(TestRunner.java:782)
	at org.testng.TestRunner.run(TestRunner.java:632)
	at org.testng.SuiteRunner.runTest(SuiteRunner.java:366)
	at org.testng.SuiteRunner.runSequentially(SuiteRunner.java:361)
	at org.testng.SuiteRunner.privateRun(SuiteRunner.java:319)
	at org.testng.SuiteRunner.run(SuiteRunner.java:268)
	at org.testng.SuiteRunnerWorker.runSuite(SuiteRunnerWorker.java:52)
	at org.testng.SuiteRunnerWorker.run(SuiteRunnerWorker.java:86)
	at org.testng.TestNG.runSuitesSequentially(TestNG.java:1244)
	at org.testng.TestNG.runSuitesLocally(TestNG.java:1169)
	at org.testng.TestNG.run(TestNG.java:1064)
	at org.testng.remote.AbstractRemoteTestNG.run(AbstractRemoteTestNG.java:115)
	at org.testng.remote.RemoteTestNG.initAndRun(RemoteTestNG.java:251)
	at org.testng.remote.RemoteTestNG.main(RemoteTestNG.java:77)
</div></td></tr></table><p class="totop"><a href="#summary">back to summary</a></p><h3 id="m22">com.twc.ios.app.testcases.SmokeTest#Validate_Marquee_rmid_Custom_param</h3><table class="result"><tr><th>Exception</th></tr><tr><td><div class="stacktrace">java.lang.AssertionError: Custom Parameter :rmid value: nl is not matched with the expected value NotNull
	at org.testng.Assert.fail(Assert.java:94)
	at com.twc.ios.app.general.Utils.validate_custom_param_val_of_gampad(Utils.java:7938)
	at com.twc.ios.app.testcases.SmokeTest.Validate_Marquee_rmid_Custom_param(SmokeTest.java:1026)
	at sun.reflect.NativeMethodAccessorImpl.invoke0(Native Method)
	at sun.reflect.NativeMethodAccessorImpl.invoke(NativeMethodAccessorImpl.java:62)
	at sun.reflect.DelegatingMethodAccessorImpl.invoke(DelegatingMethodAccessorImpl.java:43)
	at java.lang.reflect.Method.invoke(Method.java:498)
	at org.testng.internal.MethodInvocationHelper.invokeMethod(MethodInvocationHelper.java:86)
	at org.testng.internal.Invoker.invokeMethod(Invoker.java:643)
	at org.testng.internal.Invoker.invokeTestMethod(Invoker.java:820)
	at org.testng.internal.Invoker.invokeTestMethods(Invoker.java:1128)
	at org.testng.internal.TestMethodWorker.invokeTestMethods(TestMethodWorker.java:129)
	at org.testng.internal.TestMethodWorker.run(TestMethodWorker.java:112)
	at org.testng.TestRunner.privateRun(TestRunner.java:782)
	at org.testng.TestRunner.run(TestRunner.java:632)
	at org.testng.SuiteRunner.runTest(SuiteRunner.java:366)
	at org.testng.SuiteRunner.runSequentially(SuiteRunner.java:361)
	at org.testng.SuiteRunner.privateRun(SuiteRunner.java:319)
	at org.testng.SuiteRunner.run(SuiteRunner.java:268)
	at org.testng.SuiteRunnerWorker.runSuite(SuiteRunnerWorker.java:52)
	at org.testng.SuiteRunnerWorker.run(SuiteRunnerWorker.java:86)
	at org.testng.TestNG.runSuitesSequentially(TestNG.java:1244)
	at org.testng.TestNG.runSuitesLocally(TestNG.java:1169)
	at org.testng.TestNG.run(TestNG.java:1064)
	at org.testng.remote.AbstractRemoteTestNG.run(AbstractRemoteTestNG.java:115)
	at org.testng.remote.RemoteTestNG.initAndRun(RemoteTestNG.java:251)
	at org.testng.remote.RemoteTestNG.main(RemoteTestNG.java:77)
</div></td></tr></table><p class="totop"><a href="#summary">back to summary</a></p><h3 id="m23">com.twc.ios.app.testcases.SmokeTest#Validate_PreRollVideo_dnt_Custom_param</h3><table class="result"><tr><th>Exception</th></tr><tr><td><div class="stacktrace">java.lang.AssertionError: Custom Parameter :dnt value: y is not matched with the expected value n
	at org.testng.Assert.fail(Assert.java:94)
	at com.twc.ios.app.general.Utils.validate_custom_param_val_of_gampad(Utils.java:7956)
	at com.twc.ios.app.testcases.SmokeTest.Validate_PreRollVideo_dnt_Custom_param(SmokeTest.java:2486)
	at sun.reflect.NativeMethodAccessorImpl.invoke0(Native Method)
	at sun.reflect.NativeMethodAccessorImpl.invoke(NativeMethodAccessorImpl.java:62)
	at sun.reflect.DelegatingMethodAccessorImpl.invoke(DelegatingMethodAccessorImpl.java:43)
	at java.lang.reflect.Method.invoke(Method.java:498)
	at org.testng.internal.MethodInvocationHelper.invokeMethod(MethodInvocationHelper.java:86)
	at org.testng.internal.Invoker.invokeMethod(Invoker.java:643)
	at org.testng.internal.Invoker.invokeTestMethod(Invoker.java:820)
	at org.testng.internal.Invoker.invokeTestMethods(Invoker.java:1128)
	at org.testng.internal.TestMethodWorker.invokeTestMethods(TestMethodWorker.java:129)
	at org.testng.internal.TestMethodWorker.run(TestMethodWorker.java:112)
	at org.testng.TestRunner.privateRun(TestRunner.java:782)
	at org.testng.TestRunner.run(TestRunner.java:632)
	at org.testng.SuiteRunner.runTest(SuiteRunner.java:366)
	at org.testng.SuiteRunner.runSequentially(SuiteRunner.java:361)
	at org.testng.SuiteRunner.privateRun(SuiteRunner.java:319)
	at org.testng.SuiteRunner.run(SuiteRunner.java:268)
	at org.testng.SuiteRunnerWorker.runSuite(SuiteRunnerWorker.java:52)
	at org.testng.SuiteRunnerWorker.run(SuiteRunnerWorker.java:86)
	at org.testng.TestNG.runSuitesSequentially(TestNG.java:1244)
	at org.testng.TestNG.runSuitesLocally(TestNG.java:1169)
	at org.testng.TestNG.run(TestNG.java:1064)
	at org.testng.remote.AbstractRemoteTestNG.run(AbstractRemoteTestNG.java:115)
	at org.testng.remote.RemoteTestNG.initAndRun(RemoteTestNG.java:251)
	at org.testng.remote.RemoteTestNG.main(RemoteTestNG.java:77)
</div></td></tr></table><p class="totop"><a href="#summary">back to summary</a></p><h3 id="m24">com.twc.ios.app.testcases.SmokeTest#Validate_SafetyAndPreparednessCard_Call_Response</h3><table class="result"><tr><th>Exception</th></tr><tr><td><div class="stacktrace">java.lang.AssertionError: SafetyAndPreparedness call response doesn&apos;t contains zMoatAdUnit=/7646/app_iphone_us/db_display/card/sp
	at org.testng.Assert.fail(Assert.java:94)
	at com.twc.ios.app.general.Utils.Verify_Gampad_Call_ByResponseText(Utils.java:2285)
	at com.twc.ios.app.testcases.SmokeTest.Validate_SafetyAndPreparednessCard_Call_Response(SmokeTest.java:329)
	at sun.reflect.NativeMethodAccessorImpl.invoke0(Native Method)
	at sun.reflect.NativeMethodAccessorImpl.invoke(NativeMethodAccessorImpl.java:62)
	at sun.reflect.DelegatingMethodAccessorImpl.invoke(DelegatingMethodAccessorImpl.java:43)
	at java.lang.reflect.Method.invoke(Method.java:498)
	at org.testng.internal.MethodInvocationHelper.invokeMethod(MethodInvocationHelper.java:86)
	at org.testng.internal.Invoker.invokeMethod(Invoker.java:643)
	at org.testng.internal.Invoker.invokeTestMethod(Invoker.java:820)
	at org.testng.internal.Invoker.invokeTestMethods(Invoker.java:1128)
	at org.testng.internal.TestMethodWorker.invokeTestMethods(TestMethodWorker.java:129)
	at org.testng.internal.TestMethodWorker.run(TestMethodWorker.java:112)
	at org.testng.TestRunner.privateRun(TestRunner.java:782)
	at org.testng.TestRunner.run(TestRunner.java:632)
	at org.testng.SuiteRunner.runTest(SuiteRunner.java:366)
	at org.testng.SuiteRunner.runSequentially(SuiteRunner.java:361)
	at org.testng.SuiteRunner.privateRun(SuiteRunner.java:319)
	at org.testng.SuiteRunner.run(SuiteRunner.java:268)
	at org.testng.SuiteRunnerWorker.runSuite(SuiteRunnerWorker.java:52)
	at org.testng.SuiteRunnerWorker.run(SuiteRunnerWorker.java:86)
	at org.testng.TestNG.runSuitesSequentially(TestNG.java:1244)
	at org.testng.TestNG.runSuitesLocally(TestNG.java:1169)
	at org.testng.TestNG.run(TestNG.java:1064)
	at org.testng.remote.AbstractRemoteTestNG.run(AbstractRemoteTestNG.java:115)
	at org.testng.remote.RemoteTestNG.initAndRun(RemoteTestNG.java:251)
	at org.testng.remote.RemoteTestNG.main(RemoteTestNG.java:77)
</div></td></tr></table><p class="totop"><a href="#summary">back to summary</a></p><h3 id="m25">com.twc.ios.app.testcases.SmokeTest#Validate_daily_details_fcnd_Custom_param</h3><table class="result"><tr><th>Exception</th></tr><tr><td><div class="stacktrace">java.lang.AssertionError: Custom Parameter :fcnd value: clr is not matched with the expected value: sun
	at org.testng.Assert.fail(Assert.java:94)
	at com.twc.ios.app.general.Utils.validate_custom_param_val_of_gampad(Utils.java:7817)
	at com.twc.ios.app.testcases.SmokeTest.Validate_daily_details_fcnd_Custom_param(SmokeTest.java:1143)
	at sun.reflect.NativeMethodAccessorImpl.invoke0(Native Method)
	at sun.reflect.NativeMethodAccessorImpl.invoke(NativeMethodAccessorImpl.java:62)
	at sun.reflect.DelegatingMethodAccessorImpl.invoke(DelegatingMethodAccessorImpl.java:43)
	at java.lang.reflect.Method.invoke(Method.java:498)
	at org.testng.internal.MethodInvocationHelper.invokeMethod(MethodInvocationHelper.java:86)
	at org.testng.internal.Invoker.invokeMethod(Invoker.java:643)
	at org.testng.internal.Invoker.invokeTestMethod(Invoker.java:820)
	at org.testng.internal.Invoker.invokeTestMethods(Invoker.java:1128)
	at org.testng.internal.TestMethodWorker.invokeTestMethods(TestMethodWorker.java:129)
	at org.testng.internal.TestMethodWorker.run(TestMethodWorker.java:112)
	at org.testng.TestRunner.privateRun(TestRunner.java:782)
	at org.testng.TestRunner.run(TestRunner.java:632)
	at org.testng.SuiteRunner.runTest(SuiteRunner.java:366)
	at org.testng.SuiteRunner.runSequentially(SuiteRunner.java:361)
	at org.testng.SuiteRunner.privateRun(SuiteRunner.java:319)
	at org.testng.SuiteRunner.run(SuiteRunner.java:268)
	at org.testng.SuiteRunnerWorker.runSuite(SuiteRunnerWorker.java:52)
	at org.testng.SuiteRunnerWorker.run(SuiteRunnerWorker.java:86)
	at org.testng.TestNG.runSuitesSequentially(TestNG.java:1244)
	at org.testng.TestNG.runSuitesLocally(TestNG.java:1169)
	at org.testng.TestNG.run(TestNG.java:1064)
	at org.testng.remote.AbstractRemoteTestNG.run(AbstractRemoteTestNG.java:115)
	at org.testng.remote.RemoteTestNG.initAndRun(RemoteTestNG.java:251)
	at org.testng.remote.RemoteTestNG.main(RemoteTestNG.java:77)
</div></td></tr></table><p class="totop"><a href="#summary">back to summary</a></p><h3 id="m26">com.twc.ios.app.testcases.SmokeTest#Validate_daily_details_fdynght_Custom_param</h3><table class="result"><tr><th>Exception</th></tr><tr><td><div class="stacktrace">java.lang.AssertionError: Custom Parameter :fdynght value: N is not matched with the expected value: D
	at org.testng.Assert.fail(Assert.java:94)
	at com.twc.ios.app.general.Utils.validate_custom_param_val_of_gampad(Utils.java:7817)
	at com.twc.ios.app.testcases.SmokeTest.Validate_daily_details_fdynght_Custom_param(SmokeTest.java:1156)
	at sun.reflect.NativeMethodAccessorImpl.invoke0(Native Method)
	at sun.reflect.NativeMethodAccessorImpl.invoke(NativeMethodAccessorImpl.java:62)
	at sun.reflect.DelegatingMethodAccessorImpl.invoke(DelegatingMethodAccessorImpl.java:43)
	at java.lang.reflect.Method.invoke(Method.java:498)
	at org.testng.internal.MethodInvocationHelper.invokeMethod(MethodInvocationHelper.java:86)
	at org.testng.internal.Invoker.invokeMethod(Invoker.java:643)
	at org.testng.internal.Invoker.invokeTestMethod(Invoker.java:820)
	at org.testng.internal.Invoker.invokeTestMethods(Invoker.java:1128)
	at org.testng.internal.TestMethodWorker.invokeTestMethods(TestMethodWorker.java:129)
	at org.testng.internal.TestMethodWorker.run(TestMethodWorker.java:112)
	at org.testng.TestRunner.privateRun(TestRunner.java:782)
	at org.testng.TestRunner.run(TestRunner.java:632)
	at org.testng.SuiteRunner.runTest(SuiteRunner.java:366)
	at org.testng.SuiteRunner.runSequentially(SuiteRunner.java:361)
	at org.testng.SuiteRunner.privateRun(SuiteRunner.java:319)
	at org.testng.SuiteRunner.run(SuiteRunner.java:268)
	at org.testng.SuiteRunnerWorker.runSuite(SuiteRunnerWorker.java:52)
	at org.testng.SuiteRunnerWorker.run(SuiteRunnerWorker.java:86)
	at org.testng.TestNG.runSuitesSequentially(TestNG.java:1244)
	at org.testng.TestNG.runSuitesLocally(TestNG.java:1169)
	at org.testng.TestNG.run(TestNG.java:1064)
	at org.testng.remote.AbstractRemoteTestNG.run(AbstractRemoteTestNG.java:115)
	at org.testng.remote.RemoteTestNG.initAndRun(RemoteTestNG.java:251)
	at org.testng.remote.RemoteTestNG.main(RemoteTestNG.java:77)
</div></td></tr></table><p class="totop"><a href="#summary">back to summary</a></p><h3 id="m27">com.twc.ios.app.testcases.SmokeTest#Verify_AllergyDetails_Spotlight_AdCall</h3><table class="result"><tr><th>Exception</th></tr><tr><td><div class="stacktrace">java.lang.AssertionError: iu=%2F7646%2Fapp_iphone_us%2Fdb_display%2Fcontent%2Fallergy%2Ftips_sl ad call is not present
	at org.testng.Assert.fail(Assert.java:94)
	at com.twc.ios.app.general.Utils.verifyPubadCal(Utils.java:437)
	at com.twc.ios.app.testcases.SmokeTest.Verify_AllergyDetails_Spotlight_AdCall(SmokeTest.java:1671)
	at sun.reflect.NativeMethodAccessorImpl.invoke0(Native Method)
	at sun.reflect.NativeMethodAccessorImpl.invoke(NativeMethodAccessorImpl.java:62)
	at sun.reflect.DelegatingMethodAccessorImpl.invoke(DelegatingMethodAccessorImpl.java:43)
	at java.lang.reflect.Method.invoke(Method.java:498)
	at org.testng.internal.MethodInvocationHelper.invokeMethod(MethodInvocationHelper.java:86)
	at org.testng.internal.Invoker.invokeMethod(Invoker.java:643)
	at org.testng.internal.Invoker.invokeTestMethod(Invoker.java:820)
	at org.testng.internal.Invoker.invokeTestMethods(Invoker.java:1128)
	at org.testng.internal.TestMethodWorker.invokeTestMethods(TestMethodWorker.java:129)
	at org.testng.internal.TestMethodWorker.run(TestMethodWorker.java:112)
	at org.testng.TestRunner.privateRun(TestRunner.java:782)
	at org.testng.TestRunner.run(TestRunner.java:632)
	at org.testng.SuiteRunner.runTest(SuiteRunner.java:366)
	at org.testng.SuiteRunner.runSequentially(SuiteRunner.java:361)
	at org.testng.SuiteRunner.privateRun(SuiteRunner.java:319)
	at org.testng.SuiteRunner.run(SuiteRunner.java:268)
	at org.testng.SuiteRunnerWorker.runSuite(SuiteRunnerWorker.java:52)
	at org.testng.SuiteRunnerWorker.run(SuiteRunnerWorker.java:86)
	at org.testng.TestNG.runSuitesSequentially(TestNG.java:1244)
	at org.testng.TestNG.runSuitesLocally(TestNG.java:1169)
	at org.testng.TestNG.run(TestNG.java:1064)
	at org.testng.remote.AbstractRemoteTestNG.run(AbstractRemoteTestNG.java:115)
	at org.testng.remote.RemoteTestNG.initAndRun(RemoteTestNG.java:251)
	at org.testng.remote.RemoteTestNG.main(RemoteTestNG.java:77)
</div></td></tr></table><p class="totop"><a href="#summary">back to summary</a></p><h3 id="m28">com.twc.ios.app.testcases.SmokeTest#Verify_Lotame_Call_On_KillAndLaunch</h3><table class="result"><tr><th>Exception</th></tr><tr><td><div class="stacktrace">java.lang.AssertionError: bcp.crwdcntrl.net ad call is not present
	at org.testng.Assert.fail(Assert.java:94)
	at com.twc.ios.app.general.Utils.verifyAPICal(Utils.java:1318)
	at com.twc.ios.app.testcases.SmokeTest.Verify_Lotame_Call_On_KillAndLaunch(SmokeTest.java:2649)
	at sun.reflect.NativeMethodAccessorImpl.invoke0(Native Method)
	at sun.reflect.NativeMethodAccessorImpl.invoke(NativeMethodAccessorImpl.java:62)
	at sun.reflect.DelegatingMethodAccessorImpl.invoke(DelegatingMethodAccessorImpl.java:43)
	at java.lang.reflect.Method.invoke(Method.java:498)
	at org.testng.internal.MethodInvocationHelper.invokeMethod(MethodInvocationHelper.java:86)
	at org.testng.internal.Invoker.invokeMethod(Invoker.java:643)
	at org.testng.internal.Invoker.invokeTestMethod(Invoker.java:820)
	at org.testng.internal.Invoker.invokeTestMethods(Invoker.java:1128)
	at org.testng.internal.TestMethodWorker.invokeTestMethods(TestMethodWorker.java:129)
	at org.testng.internal.TestMethodWorker.run(TestMethodWorker.java:112)
	at org.testng.TestRunner.privateRun(TestRunner.java:782)
	at org.testng.TestRunner.run(TestRunner.java:632)
	at org.testng.SuiteRunner.runTest(SuiteRunner.java:366)
	at org.testng.SuiteRunner.runSequentially(SuiteRunner.java:361)
	at org.testng.SuiteRunner.privateRun(SuiteRunner.java:319)
	at org.testng.SuiteRunner.run(SuiteRunner.java:268)
	at org.testng.SuiteRunnerWorker.runSuite(SuiteRunnerWorker.java:52)
	at org.testng.SuiteRunnerWorker.run(SuiteRunnerWorker.java:86)
	at org.testng.TestNG.runSuitesSequentially(TestNG.java:1244)
	at org.testng.TestNG.runSuitesLocally(TestNG.java:1169)
	at org.testng.TestNG.run(TestNG.java:1064)
	at org.testng.remote.AbstractRemoteTestNG.run(AbstractRemoteTestNG.java:115)
	at org.testng.remote.RemoteTestNG.initAndRun(RemoteTestNG.java:251)
	at org.testng.remote.RemoteTestNG.main(RemoteTestNG.java:77)
</div></td></tr></table><p class="totop"><a href="#summary">back to summary</a></p><h3 id="m29">com.twc.ios.app.testcases.SmokeTest#Validate_DailyDetails_Banner_Ad_cxtg_Custom_param</h3><table class="result"></table><p class="totop"><a href="#summary">back to summary</a></p><h3 id="m30">com.twc.ios.app.testcases.SmokeTest#Validate_DailyDetails_Banner_Ad_hzcs_Custom_param</h3><table class="result"></table><p class="totop"><a href="#summary">back to summary</a></p><h3 id="m31">com.twc.ios.app.testcases.SmokeTest#Validate_DailyDetails_Banner_Ad_nzcs_Custom_param</h3><table class="result"></table><p class="totop"><a href="#summary">back to summary</a></p><h3 id="m32">com.twc.ios.app.testcases.SmokeTest#Validate_DailyDetails_Banner_Ad_wfxtg_Custom_param</h3><table class="result"></table><p class="totop"><a href="#summary">back to summary</a></p><h3 id="m33">com.twc.ios.app.testcases.SmokeTest#Validate_DailyDetails_Banner_Ad_zcs_Custom_param</h3><table class="result"></table><p class="totop"><a href="#summary">back to summary</a></p><h3 id="m34">com.twc.ios.app.testcases.SmokeTest#Validate_DailyDetails_tf_Custom_param</h3><table class="result"></table><p class="totop"><a href="#summary">back to summary</a></p><h3 id="m35">com.twc.ios.app.testcases.SmokeTest#Validate_Feed1_aid_Custom_param</h3><table class="result"></table><p class="totop"><a href="#summary">back to summary</a></p><h3 id="m36">com.twc.ios.app.testcases.SmokeTest#Validate_Feed1_fhic_Custom_param</h3><table class="result"></table><p class="totop"><a href="#summary">back to summary</a></p><h3 id="m37">com.twc.ios.app.testcases.SmokeTest#Validate_Feed1_floc_Custom_param</h3><table class="result"></table><p class="totop"><a href="#summary">back to summary</a></p><h3 id="m38">com.twc.ios.app.testcases.SmokeTest#Validate_Feed1_fltmpc_Custom_param</h3><table class="result"></table><p class="totop"><a href="#summary">back to summary</a></p><h3 id="m39">com.twc.ios.app.testcases.SmokeTest#Validate_Feed1_ftl_Custom_param</h3><table class="result"></table><p class="totop"><a href="#summary">back to summary</a></p><h3 id="m40">com.twc.ios.app.testcases.SmokeTest#Validate_Feed1_h2o_Custom_param</h3><table class="result"></table><p class="totop"><a href="#summary">back to summary</a></p><h3 id="m41">com.twc.ios.app.testcases.SmokeTest#Validate_Feed1_hmid_Custom_param</h3><table class="result"></table><p class="totop"><a href="#summary">back to summary</a></p><h3 id="m42">com.twc.ios.app.testcases.SmokeTest#Validate_Feed1_lang_Custom_param</h3><table class="result"></table><p class="totop"><a href="#summary">back to summary</a></p><h3 id="m43">com.twc.ios.app.testcases.SmokeTest#Validate_Feed1_layer_Custom_param</h3><table class="result"></table><p class="totop"><a href="#summary">back to summary</a></p><h3 id="m44">com.twc.ios.app.testcases.SmokeTest#Validate_Feed1_locale_Custom_param</h3><table class="result"></table><p class="totop"><a href="#summary">back to summary</a></p><h3 id="m45">com.twc.ios.app.testcases.SmokeTest#Validate_Feed1_ltv_Custom_param</h3><table class="result"></table><p class="totop"><a href="#summary">back to summary</a></p><h3 id="m46">com.twc.ios.app.testcases.SmokeTest#Validate_Feed1_mr_Custom_param</h3><table class="result"></table><p class="totop"><a href="#summary">back to summary</a></p><h3 id="m47">com.twc.ios.app.testcases.SmokeTest#Validate_Feed1_ord_Custom_param</h3><table class="result"></table><p class="totop"><a href="#summary">back to summary</a></p><h3 id="m48">com.twc.ios.app.testcases.SmokeTest#Validate_Feed1_plat_Custom_param</h3><table class="result"></table><p class="totop"><a href="#summary">back to summary</a></p><h3 id="m49">com.twc.ios.app.testcases.SmokeTest#Validate_Feed1_sod_Custom_param</h3><table class="result"></table><p class="totop"><a href="#summary">back to summary</a></p><h3 id="m50">com.twc.ios.app.testcases.SmokeTest#Validate_Feed1_tile_Custom_param</h3><table class="result"></table><p class="totop"><a href="#summary">back to summary</a></p><h3 id="m51">com.twc.ios.app.testcases.SmokeTest#Validate_Feed1_tmp_Custom_param</h3><table class="result"></table><p class="totop"><a href="#summary">back to summary</a></p><h3 id="m52">com.twc.ios.app.testcases.SmokeTest#Validate_Feed1_tmpr_Custom_param</h3><table class="result"></table><p class="totop"><a href="#summary">back to summary</a></p><h3 id="m53">com.twc.ios.app.testcases.SmokeTest#Validate_Feed1_uv_Custom_param</h3><table class="result"></table><p class="totop"><a href="#summary">back to summary</a></p><h3 id="m54">com.twc.ios.app.testcases.SmokeTest#Validate_Feed1_ver_Custom_param</h3><table class="result"></table><p class="totop"><a href="#summary">back to summary</a></p><h3 id="m55">com.twc.ios.app.testcases.SmokeTest#Validate_Feed1_wind_Custom_param</h3><table class="result"></table><p class="totop"><a href="#summary">back to summary</a></p><h3 id="m56">com.twc.ios.app.testcases.SmokeTest#Validate_GMA_SDK_version</h3><table class="result"></table><p class="totop"><a href="#summary">back to summary</a></p><h3 id="m57">com.twc.ios.app.testcases.SmokeTest#Validate_HomeScreen_Call_tf_Custom_param</h3><table class="result"></table><p class="totop"><a href="#summary">back to summary</a></p><h3 id="m58">com.twc.ios.app.testcases.SmokeTest#Validate_IMA_SDK_version</h3><table class="result"></table><p class="totop"><a href="#summary">back to summary</a></p><h3 id="m59">com.twc.ios.app.testcases.SmokeTest#Validate_MapDetails_cxtg_Custom_param</h3><table class="result"></table><p class="totop"><a href="#summary">back to summary</a></p><h3 id="m60">com.twc.ios.app.testcases.SmokeTest#Validate_MapDetails_hzcs_Custom_param</h3><table class="result"></table><p class="totop"><a href="#summary">back to summary</a></p><h3 id="m61">com.twc.ios.app.testcases.SmokeTest#Validate_MapDetails_nzcs_Custom_param</h3><table class="result"></table><p class="totop"><a href="#summary">back to summary</a></p><h3 id="m62">com.twc.ios.app.testcases.SmokeTest#Validate_MapDetails_wfxtg_Custom_param</h3><table class="result"></table><p class="totop"><a href="#summary">back to summary</a></p><h3 id="m63">com.twc.ios.app.testcases.SmokeTest#Validate_MapDetails_zcs_Custom_param</h3><table class="result"></table><p class="totop"><a href="#summary">back to summary</a></p><h3 id="m64">com.twc.ios.app.testcases.SmokeTest#Validate_Marquee_aid_Custom_param</h3><table class="result"></table><p class="totop"><a href="#summary">back to summary</a></p><h3 id="m65">com.twc.ios.app.testcases.SmokeTest#Validate_Marquee_cnd_Custom_param</h3><table class="result"></table><p class="totop"><a href="#summary">back to summary</a></p><h3 id="m66">com.twc.ios.app.testcases.SmokeTest#Validate_Marquee_ct_Custom_param</h3><table class="result"></table><p class="totop"><a href="#summary">back to summary</a></p><h3 id="m67">com.twc.ios.app.testcases.SmokeTest#Validate_Marquee_dma_Custom_param</h3><table class="result"></table><p class="totop"><a href="#summary">back to summary</a></p><h3 id="m68">com.twc.ios.app.testcases.SmokeTest#Validate_Marquee_dynght_Custom_param</h3><table class="result"></table><p class="totop"><a href="#summary">back to summary</a></p><h3 id="m69">com.twc.ios.app.testcases.SmokeTest#Validate_Marquee_fhic_Custom_param</h3><table class="result"></table><p class="totop"><a href="#summary">back to summary</a></p><h3 id="m70">com.twc.ios.app.testcases.SmokeTest#Validate_Marquee_floc_Custom_param</h3><table class="result"></table><p class="totop"><a href="#summary">back to summary</a></p><h3 id="m71">com.twc.ios.app.testcases.SmokeTest#Validate_Marquee_fltmpc_Custom_param</h3><table class="result"></table><p class="totop"><a href="#summary">back to summary</a></p><h3 id="m72">com.twc.ios.app.testcases.SmokeTest#Validate_Marquee_ftl_Custom_param</h3><table class="result"></table><p class="totop"><a href="#summary">back to summary</a></p><h3 id="m73">com.twc.ios.app.testcases.SmokeTest#Validate_Marquee_h2o_Custom_param</h3><table class="result"></table><p class="totop"><a href="#summary">back to summary</a></p><h3 id="m74">com.twc.ios.app.testcases.SmokeTest#Validate_Marquee_hmid_Custom_param</h3><table class="result"></table><p class="totop"><a href="#summary">back to summary</a></p><h3 id="m75">com.twc.ios.app.testcases.SmokeTest#Validate_Marquee_lang_Custom_param</h3><table class="result"></table><p class="totop"><a href="#summary">back to summary</a></p><h3 id="m76">com.twc.ios.app.testcases.SmokeTest#Validate_Marquee_layer_Custom_param</h3><table class="result"></table><p class="totop"><a href="#summary">back to summary</a></p><h3 id="m77">com.twc.ios.app.testcases.SmokeTest#Validate_Marquee_locale_Custom_param</h3><table class="result"></table><p class="totop"><a href="#summary">back to summary</a></p><h3 id="m78">com.twc.ios.app.testcases.SmokeTest#Validate_Marquee_ltv_Custom_param</h3><table class="result"></table><p class="totop"><a href="#summary">back to summary</a></p><h3 id="m79">com.twc.ios.app.testcases.SmokeTest#Validate_Marquee_ord_Custom_param</h3><table class="result"></table><p class="totop"><a href="#summary">back to summary</a></p><h3 id="m80">com.twc.ios.app.testcases.SmokeTest#Validate_Marquee_plat_Custom_param</h3><table class="result"></table><p class="totop"><a href="#summary">back to summary</a></p><h3 id="m81">com.twc.ios.app.testcases.SmokeTest#Validate_Marquee_st_Custom_param</h3><table class="result"></table><p class="totop"><a href="#summary">back to summary</a></p><h3 id="m82">com.twc.ios.app.testcases.SmokeTest#Validate_Marquee_tile_Custom_param</h3><table class="result"></table><p class="totop"><a href="#summary">back to summary</a></p><h3 id="m83">com.twc.ios.app.testcases.SmokeTest#Validate_Marquee_tmp_Custom_param</h3><table class="result"></table><p class="totop"><a href="#summary">back to summary</a></p><h3 id="m84">com.twc.ios.app.testcases.SmokeTest#Validate_Marquee_tmpc_Custom_param</h3><table class="result"></table><p class="totop"><a href="#summary">back to summary</a></p><h3 id="m85">com.twc.ios.app.testcases.SmokeTest#Validate_Marquee_tmpr_Custom_param</h3><table class="result"></table><p class="totop"><a href="#summary">back to summary</a></p><h3 id="m86">com.twc.ios.app.testcases.SmokeTest#Validate_Marquee_uv_Custom_param</h3><table class="result"></table><p class="totop"><a href="#summary">back to summary</a></p><h3 id="m87">com.twc.ios.app.testcases.SmokeTest#Validate_Marquee_ver_Custom_param</h3><table class="result"></table><p class="totop"><a href="#summary">back to summary</a></p><h3 id="m88">com.twc.ios.app.testcases.SmokeTest#Validate_Marquee_wind_Custom_param</h3><table class="result"></table><p class="totop"><a href="#summary">back to summary</a></p><h3 id="m89">com.twc.ios.app.testcases.SmokeTest#Validate_Marquee_zip_Custom_param</h3><table class="result"></table><p class="totop"><a href="#summary">back to summary</a></p><h3 id="m90">com.twc.ios.app.testcases.SmokeTest#Validate_PreRollVideo_cmsid_Custom_param</h3><table class="result"></table><p class="totop"><a href="#summary">back to summary</a></p><h3 id="m91">com.twc.ios.app.testcases.SmokeTest#Validate_PreRollVideo_cxtg_Custom_param</h3><table class="result"></table><p class="totop"><a href="#summary">back to summary</a></p><h3 id="m92">com.twc.ios.app.testcases.SmokeTest#Validate_PreRollVideo_description_url_Custom_param</h3><table class="result"></table><p class="totop"><a href="#summary">back to summary</a></p><h3 id="m93">com.twc.ios.app.testcases.SmokeTest#Validate_PreRollVideo_hzcs_Custom_param</h3><table class="result"></table><p class="totop"><a href="#summary">back to summary</a></p><h3 id="m94">com.twc.ios.app.testcases.SmokeTest#Validate_PreRollVideo_nzcs_Custom_param</h3><table class="result"></table><p class="totop"><a href="#summary">back to summary</a></p><h3 id="m95">com.twc.ios.app.testcases.SmokeTest#Validate_PreRollVideo_ref_Custom_param</h3><table class="result"></table><p class="totop"><a href="#summary">back to summary</a></p><h3 id="m96">com.twc.ios.app.testcases.SmokeTest#Validate_PreRollVideo_ttid_Custom_param</h3><table class="result"></table><p class="totop"><a href="#summary">back to summary</a></p><h3 id="m97">com.twc.ios.app.testcases.SmokeTest#Validate_PreRollVideo_vid_Custom_param</h3><table class="result"></table><p class="totop"><a href="#summary">back to summary</a></p><h3 id="m98">com.twc.ios.app.testcases.SmokeTest#Validate_PreRollVideo_wfxtg_Custom_param</h3><table class="result"></table><p class="totop"><a href="#summary">back to summary</a></p><h3 id="m99">com.twc.ios.app.testcases.SmokeTest#Validate_PreRollVideo_zcs_Custom_param</h3><table class="result"></table><p class="totop"><a href="#summary">back to summary</a></p><h3 id="m100">com.twc.ios.app.testcases.SmokeTest#Validate_daily_details_dt_Custom_param</h3><table class="result"></table><p class="totop"><a href="#summary">back to summary</a></p><h3 id="m101">com.twc.ios.app.testcases.SmokeTest#Validate_daily_details_mnth_Custom_param</h3><table class="result"></table><p class="totop"><a href="#summary">back to summary</a></p><h3 id="m102">com.twc.ios.app.testcases.SmokeTest#Verify_Air_Quality_Details_AdCall</h3><table class="result"></table><p class="totop"><a href="#summary">back to summary</a></p><h3 id="m103">com.twc.ios.app.testcases.SmokeTest#Verify_AlertCenterAd</h3><table class="result"></table><p class="totop"><a href="#summary">back to summary</a></p><h3 id="m104">com.twc.ios.app.testcases.SmokeTest#Verify_Daily_Details_AdUnits</h3><table class="result"></table><p class="totop"><a href="#summary">back to summary</a></p><h3 id="m105">com.twc.ios.app.testcases.SmokeTest#Verify_Feed_Calls</h3><table class="result"></table><p class="totop"><a href="#summary">back to summary</a></p><h3 id="m106">com.twc.ios.app.testcases.SmokeTest#Verify_Health_Allergy_ContentPage_AdCall</h3><table class="result"></table><p class="totop"><a href="#summary">back to summary</a></p><h3 id="m107">com.twc.ios.app.testcases.SmokeTest#Verify_Health_Running_ContentPage_AdCall</h3><table class="result"></table><p class="totop"><a href="#summary">back to summary</a></p><h3 id="m108">com.twc.ios.app.testcases.SmokeTest#Verify_Homescreen_Adhesive_AdCall</h3><table class="result"></table><p class="totop"><a href="#summary">back to summary</a></p><h3 id="m109">com.twc.ios.app.testcases.SmokeTest#Verify_HourlyDetails_AdCall</h3><table class="result"></table><p class="totop"><a href="#summary">back to summary</a></p><h3 id="m110">com.twc.ios.app.testcases.SmokeTest#Verify_Hourly_Details_BigAd1_Adcall</h3><table class="result"></table><p class="totop"><a href="#summary">back to summary</a></p><h3 id="m111">com.twc.ios.app.testcases.SmokeTest#Verify_Hourly_Details_BigAd2_Adcall</h3><table class="result"></table><p class="totop"><a href="#summary">back to summary</a></p><h3 id="m112">com.twc.ios.app.testcases.SmokeTest#Verify_Hourly_Details_BigAd3_Adcall</h3><table class="result"></table><p class="totop"><a href="#summary">back to summary</a></p><h3 id="m113">com.twc.ios.app.testcases.SmokeTest#Verify_LocationWFXTriggers_Call_On_KillAndLaunch</h3><table class="result"></table><p class="totop"><a href="#summary">back to summary</a></p><h3 id="m114">com.twc.ios.app.testcases.SmokeTest#Verify_Map_Details_mr_Custom_Parameter</h3><table class="result"></table><p class="totop"><a href="#summary">back to summary</a></p><h3 id="m115">com.twc.ios.app.testcases.SmokeTest#Verify_MapsDetails_AdCall</h3><table class="result"></table><p class="totop"><a href="#summary">back to summary</a></p><h3 id="m116">com.twc.ios.app.testcases.SmokeTest#Verify_NextGen_IM_AdCall</h3><table class="result"></table><p class="totop"><a href="#summary">back to summary</a></p><h3 id="m117">com.twc.ios.app.testcases.SmokeTest#Verify_PrerollAd</h3><table class="result"></table><p class="totop"><a href="#summary">back to summary</a></p><h3 id="m118">com.twc.ios.app.testcases.SmokeTest#Verify_SafetyAndPreparednessCard_AdCall</h3><table class="result"></table><p class="totop"><a href="#summary">back to summary</a></p><h3 id="m119">com.twc.ios.app.testcases.SmokeTest#Verify_Seasonal_Hub_Details_Page_AdCall</h3><table class="result"></table><p class="totop"><a href="#summary">back to summary</a></p><h3 id="m120">com.twc.ios.app.testcases.SmokeTest#Verify_TrendingPage_AdCall</h3><table class="result"></table><p class="totop"><a href="#summary">back to summary</a></p><h3 id="m121">com.twc.ios.app.testcases.SmokeTest#Verify_TurboAPI_Call_On_KillAndLaunch</h3><table class="result"></table><p class="totop"><a href="#summary">back to summary</a></p><h3 id="m122">com.twc.ios.app.testcases.SmokeTest#Verify_WFXTriggers_Call_On_KillAndLaunch</h3><table class="result"></table><p class="totop"><a href="#summary">back to summary</a></p><h3 id="m123">com.twc.ios.app.testcases.SmokeTest#Verify_enable_preConditions_for_WeatherFx_API_Parameters</h3><table class="result"></table><p class="totop"><a href="#summary">back to summary</a></p><h3 id="m124">com.twc.ios.app.testcases.SmokeTest#Verify_enable_preConditions_for_WeatherFx_API_ParametersFromPlanningCard</h3><table class="result"></table><p class="totop"><a href="#summary">back to summary</a></p><h3 id="m125">com.twc.ios.app.testcases.SmokeTest#beforeTest</h3><table class="result"></table><p class="totop"><a href="#summary">back to summary</a></p><h3 id="m126">com.twc.ios.app.testcases.SmokeTest#kill_and_Launch_app_for_api_calls</h3><table class="result"></table><p class="totop"><a href="#summary">back to summary</a></p><h3 id="m127">com.twc.ios.app.testcases.SmokeTest#validate_Marquee_mr_Custom_param</h3><table class="result"></table><p class="totop"><a href="#summary">back to summary</a></p><h3 id="m128">com.twc.ios.app.testcases.SmokeTest#validate_Marquee_sod_Custom_param</h3><table class="result"></table><p class="totop"><a href="#summary">back to summary</a></p></body></html>