<?xml version="1.0" encoding="UTF-8"?>
<testng-results skipped="0" failed="29" total="129" passed="100">
  <reporter-output>
  </reporter-output>
  <suite name="Default suite" duration-ms="4852374" started-at="2022-03-02T15:07:34Z" finished-at="2022-03-02T16:28:27Z">
    <groups>
    </groups>
    <test name="Default test" duration-ms="4852374" started-at="2022-03-02T15:07:34Z" finished-at="2022-03-02T16:28:27Z">
      <class name="com.twc.ios.app.testcases.SmokeTest">
        <test-method status="PASS" signature="beforeClass()[pri:0, instance:com.twc.ios.app.testcases.SmokeTest@63429932]" name="beforeClass" is-config="true" duration-ms="30245" started-at="2022-03-02T20:37:34Z" finished-at="2022-03-02T20:38:05Z">
          <reporter-output>
          </reporter-output>
        </test-method> <!-- beforeClass -->
        <test-method status="PASS" signature="beforeTest()[pri:0, instance:com.twc.ios.app.testcases.SmokeTest@63429932]" name="beforeTest" duration-ms="471744" started-at="2022-03-02T20:38:05Z" finished-at="2022-03-02T20:45:56Z">
          <reporter-output>
          </reporter-output>
        </test-method> <!-- beforeTest -->
        <test-method status="PASS" signature="Verify_Feed_Calls()[pri:100, instance:com.twc.ios.app.testcases.SmokeTest@63429932]" name="Verify_Feed_Calls" duration-ms="1675417" started-at="2022-03-02T20:45:56Z" finished-at="2022-03-02T21:13:52Z">
          <reporter-output>
          </reporter-output>
        </test-method> <!-- Verify_Feed_Calls -->
        <test-method status="PASS" signature="Verify_Homescreen_Adhesive_AdCall()[pri:101, instance:com.twc.ios.app.testcases.SmokeTest@63429932]" name="Verify_Homescreen_Adhesive_AdCall" duration-ms="760" started-at="2022-03-02T21:13:52Z" finished-at="2022-03-02T21:13:53Z">
          <reporter-output>
          </reporter-output>
        </test-method> <!-- Verify_Homescreen_Adhesive_AdCall -->
        <test-method status="PASS" signature="Verify_NextGen_IM_AdCall()[pri:102, instance:com.twc.ios.app.testcases.SmokeTest@63429932]" name="Verify_NextGen_IM_AdCall" duration-ms="759" started-at="2022-03-02T21:13:53Z" finished-at="2022-03-02T21:13:53Z">
          <reporter-output>
          </reporter-output>
        </test-method> <!-- Verify_NextGen_IM_AdCall -->
        <test-method status="PASS" signature="Verify_HourlyDetails_AdCall()[pri:103, instance:com.twc.ios.app.testcases.SmokeTest@63429932]" name="Verify_HourlyDetails_AdCall" duration-ms="784" started-at="2022-03-02T21:13:53Z" finished-at="2022-03-02T21:13:54Z">
          <reporter-output>
          </reporter-output>
        </test-method> <!-- Verify_HourlyDetails_AdCall -->
        <test-method status="PASS" signature="Verify_TrendingPage_AdCall()[pri:104, instance:com.twc.ios.app.testcases.SmokeTest@63429932]" name="Verify_TrendingPage_AdCall" duration-ms="753" started-at="2022-03-02T21:13:54Z" finished-at="2022-03-02T21:13:55Z">
          <reporter-output>
          </reporter-output>
        </test-method> <!-- Verify_TrendingPage_AdCall -->
        <test-method status="PASS" signature="Verify_Air_Quality_Details_AdCall()[pri:105, instance:com.twc.ios.app.testcases.SmokeTest@63429932]" name="Verify_Air_Quality_Details_AdCall" duration-ms="740" started-at="2022-03-02T21:13:55Z" finished-at="2022-03-02T21:13:56Z">
          <reporter-output>
          </reporter-output>
        </test-method> <!-- Verify_Air_Quality_Details_AdCall -->
        <test-method status="PASS" signature="Verify_MapsDetails_AdCall()[pri:106, instance:com.twc.ios.app.testcases.SmokeTest@63429932]" name="Verify_MapsDetails_AdCall" duration-ms="969" started-at="2022-03-02T21:13:56Z" finished-at="2022-03-02T21:13:57Z">
          <reporter-output>
          </reporter-output>
        </test-method> <!-- Verify_MapsDetails_AdCall -->
        <test-method status="PASS" signature="Verify_Health_Allergy_ContentPage_AdCall()[pri:108, instance:com.twc.ios.app.testcases.SmokeTest@63429932]" name="Verify_Health_Allergy_ContentPage_AdCall" duration-ms="778" started-at="2022-03-02T21:13:57Z" finished-at="2022-03-02T21:13:57Z">
          <reporter-output>
          </reporter-output>
        </test-method> <!-- Verify_Health_Allergy_ContentPage_AdCall -->
        <test-method status="PASS" signature="Verify_Health_Running_ContentPage_AdCall()[pri:109, instance:com.twc.ios.app.testcases.SmokeTest@63429932]" name="Verify_Health_Running_ContentPage_AdCall" duration-ms="779" started-at="2022-03-02T21:13:57Z" finished-at="2022-03-02T21:13:58Z">
          <reporter-output>
          </reporter-output>
        </test-method> <!-- Verify_Health_Running_ContentPage_AdCall -->
        <test-method status="PASS" signature="Verify_AlertCenterAd()[pri:111, instance:com.twc.ios.app.testcases.SmokeTest@63429932]" name="Verify_AlertCenterAd" duration-ms="954" started-at="2022-03-02T21:13:58Z" finished-at="2022-03-02T21:13:59Z">
          <reporter-output>
          </reporter-output>
        </test-method> <!-- Verify_AlertCenterAd -->
        <test-method status="PASS" signature="Verify_SafetyAndPreparednessCard_AdCall()[pri:115, instance:com.twc.ios.app.testcases.SmokeTest@63429932]" name="Verify_SafetyAndPreparednessCard_AdCall" duration-ms="735" started-at="2022-03-02T21:13:59Z" finished-at="2022-03-02T21:14:00Z">
          <reporter-output>
          </reporter-output>
        </test-method> <!-- Verify_SafetyAndPreparednessCard_AdCall -->
        <test-method status="FAIL" signature="Validate_SafetyAndPreparednessCard_Call_Response()[pri:116, instance:com.twc.ios.app.testcases.SmokeTest@63429932]" name="Validate_SafetyAndPreparednessCard_Call_Response" duration-ms="831" started-at="2022-03-02T21:14:00Z" finished-at="2022-03-02T21:14:01Z">
          <exception class="java.lang.AssertionError">
            <message>
              <![CDATA[SafetyAndPreparedness call response doesn't contains zMoatAdUnit=/7646/app_iphone_us/db_display/card/sp]]>
            </message>
            <full-stacktrace>
              <![CDATA[java.lang.AssertionError: SafetyAndPreparedness call response doesn't contains zMoatAdUnit=/7646/app_iphone_us/db_display/card/sp
	at org.testng.Assert.fail(Assert.java:94)
	at com.twc.ios.app.general.Utils.Verify_Gampad_Call_ByResponseText(Utils.java:2285)
	at com.twc.ios.app.testcases.SmokeTest.Validate_SafetyAndPreparednessCard_Call_Response(SmokeTest.java:329)
	at sun.reflect.NativeMethodAccessorImpl.invoke0(Native Method)
	at sun.reflect.NativeMethodAccessorImpl.invoke(NativeMethodAccessorImpl.java:62)
	at sun.reflect.DelegatingMethodAccessorImpl.invoke(DelegatingMethodAccessorImpl.java:43)
	at java.lang.reflect.Method.invoke(Method.java:498)
	at org.testng.internal.MethodInvocationHelper.invokeMethod(MethodInvocationHelper.java:86)
	at org.testng.internal.Invoker.invokeMethod(Invoker.java:643)
	at org.testng.internal.Invoker.invokeTestMethod(Invoker.java:820)
	at org.testng.internal.Invoker.invokeTestMethods(Invoker.java:1128)
	at org.testng.internal.TestMethodWorker.invokeTestMethods(TestMethodWorker.java:129)
	at org.testng.internal.TestMethodWorker.run(TestMethodWorker.java:112)
	at org.testng.TestRunner.privateRun(TestRunner.java:782)
	at org.testng.TestRunner.run(TestRunner.java:632)
	at org.testng.SuiteRunner.runTest(SuiteRunner.java:366)
	at org.testng.SuiteRunner.runSequentially(SuiteRunner.java:361)
	at org.testng.SuiteRunner.privateRun(SuiteRunner.java:319)
	at org.testng.SuiteRunner.run(SuiteRunner.java:268)
	at org.testng.SuiteRunnerWorker.runSuite(SuiteRunnerWorker.java:52)
	at org.testng.SuiteRunnerWorker.run(SuiteRunnerWorker.java:86)
	at org.testng.TestNG.runSuitesSequentially(TestNG.java:1244)
	at org.testng.TestNG.runSuitesLocally(TestNG.java:1169)
	at org.testng.TestNG.run(TestNG.java:1064)
	at org.testng.remote.AbstractRemoteTestNG.run(AbstractRemoteTestNG.java:115)
	at org.testng.remote.RemoteTestNG.initAndRun(RemoteTestNG.java:251)
	at org.testng.remote.RemoteTestNG.main(RemoteTestNG.java:77)
]]>
            </full-stacktrace>
          </exception> <!-- java.lang.AssertionError -->
          <reporter-output>
          </reporter-output>
        </test-method> <!-- Validate_SafetyAndPreparednessCard_Call_Response -->
        <test-method status="PASS" signature="validate_Marquee_sod_Custom_param()[pri:201, instance:com.twc.ios.app.testcases.SmokeTest@63429932]" name="validate_Marquee_sod_Custom_param" duration-ms="755" started-at="2022-03-02T21:14:01Z" finished-at="2022-03-02T21:14:02Z">
          <reporter-output>
          </reporter-output>
        </test-method> <!-- validate_Marquee_sod_Custom_param -->
        <test-method status="PASS" signature="Validate_Feed1_sod_Custom_param()[pri:202, instance:com.twc.ios.app.testcases.SmokeTest@63429932]" name="Validate_Feed1_sod_Custom_param" duration-ms="759" started-at="2022-03-02T21:14:02Z" finished-at="2022-03-02T21:14:02Z">
          <reporter-output>
          </reporter-output>
        </test-method> <!-- Validate_Feed1_sod_Custom_param -->
        <test-method status="PASS" signature="Validate_Marquee_zip_Custom_param()[pri:205, instance:com.twc.ios.app.testcases.SmokeTest@63429932]" name="Validate_Marquee_zip_Custom_param" duration-ms="1519" started-at="2022-03-02T21:14:02Z" finished-at="2022-03-02T21:14:04Z">
          <reporter-output>
          </reporter-output>
        </test-method> <!-- Validate_Marquee_zip_Custom_param -->
        <test-method status="FAIL" signature="Validate_Feed1_zip_Custom_param()[pri:206, instance:com.twc.ios.app.testcases.SmokeTest@63429932]" name="Validate_Feed1_zip_Custom_param" duration-ms="1622" started-at="2022-03-02T21:14:04Z" finished-at="2022-03-02T21:14:05Z">
          <exception class="java.lang.AssertionError">
            <message>
              <![CDATA[Custom Parameter :zip value: 500045 is not matched with the expected value: 30303]]>
            </message>
            <full-stacktrace>
              <![CDATA[java.lang.AssertionError: Custom Parameter :zip value: 500045 is not matched with the expected value: 30303
	at org.testng.Assert.fail(Assert.java:94)
	at com.twc.ios.app.general.Utils.validate_custom_param_val_of_gampad(Utils.java:7817)
	at com.twc.ios.app.testcases.SmokeTest.Validate_Feed1_zip_Custom_param(SmokeTest.java:412)
	at sun.reflect.NativeMethodAccessorImpl.invoke0(Native Method)
	at sun.reflect.NativeMethodAccessorImpl.invoke(NativeMethodAccessorImpl.java:62)
	at sun.reflect.DelegatingMethodAccessorImpl.invoke(DelegatingMethodAccessorImpl.java:43)
	at java.lang.reflect.Method.invoke(Method.java:498)
	at org.testng.internal.MethodInvocationHelper.invokeMethod(MethodInvocationHelper.java:86)
	at org.testng.internal.Invoker.invokeMethod(Invoker.java:643)
	at org.testng.internal.Invoker.invokeTestMethod(Invoker.java:820)
	at org.testng.internal.Invoker.invokeTestMethods(Invoker.java:1128)
	at org.testng.internal.TestMethodWorker.invokeTestMethods(TestMethodWorker.java:129)
	at org.testng.internal.TestMethodWorker.run(TestMethodWorker.java:112)
	at org.testng.TestRunner.privateRun(TestRunner.java:782)
	at org.testng.TestRunner.run(TestRunner.java:632)
	at org.testng.SuiteRunner.runTest(SuiteRunner.java:366)
	at org.testng.SuiteRunner.runSequentially(SuiteRunner.java:361)
	at org.testng.SuiteRunner.privateRun(SuiteRunner.java:319)
	at org.testng.SuiteRunner.run(SuiteRunner.java:268)
	at org.testng.SuiteRunnerWorker.runSuite(SuiteRunnerWorker.java:52)
	at org.testng.SuiteRunnerWorker.run(SuiteRunnerWorker.java:86)
	at org.testng.TestNG.runSuitesSequentially(TestNG.java:1244)
	at org.testng.TestNG.runSuitesLocally(TestNG.java:1169)
	at org.testng.TestNG.run(TestNG.java:1064)
	at org.testng.remote.AbstractRemoteTestNG.run(AbstractRemoteTestNG.java:115)
	at org.testng.remote.RemoteTestNG.initAndRun(RemoteTestNG.java:251)
	at org.testng.remote.RemoteTestNG.main(RemoteTestNG.java:77)
]]>
            </full-stacktrace>
          </exception> <!-- java.lang.AssertionError -->
          <reporter-output>
          </reporter-output>
        </test-method> <!-- Validate_Feed1_zip_Custom_param -->
        <test-method status="PASS" signature="Validate_Marquee_plat_Custom_param()[pri:208, instance:com.twc.ios.app.testcases.SmokeTest@63429932]" name="Validate_Marquee_plat_Custom_param" duration-ms="811" started-at="2022-03-02T21:14:05Z" finished-at="2022-03-02T21:14:06Z">
          <reporter-output>
          </reporter-output>
        </test-method> <!-- Validate_Marquee_plat_Custom_param -->
        <test-method status="PASS" signature="Validate_Feed1_plat_Custom_param()[pri:209, instance:com.twc.ios.app.testcases.SmokeTest@63429932]" name="Validate_Feed1_plat_Custom_param" duration-ms="736" started-at="2022-03-02T21:14:06Z" finished-at="2022-03-02T21:14:07Z">
          <reporter-output>
          </reporter-output>
        </test-method> <!-- Validate_Feed1_plat_Custom_param -->
        <test-method status="FAIL" signature="Validate_Marquee_adid_Custom_param()[pri:211, instance:com.twc.ios.app.testcases.SmokeTest@63429932]" name="Validate_Marquee_adid_Custom_param" duration-ms="726" started-at="2022-03-02T21:14:07Z" finished-at="2022-03-02T21:14:08Z">
          <exception class="java.lang.AssertionError">
            <message>
              <![CDATA[Custom Parameter :adid value: nl is not matched with the expected value NotNull]]>
            </message>
            <full-stacktrace>
              <![CDATA[java.lang.AssertionError: Custom Parameter :adid value: nl is not matched with the expected value NotNull
	at org.testng.Assert.fail(Assert.java:94)
	at com.twc.ios.app.general.Utils.validate_custom_param_val_of_gampad(Utils.java:7938)
	at com.twc.ios.app.testcases.SmokeTest.Validate_Marquee_adid_Custom_param(SmokeTest.java:477)
	at sun.reflect.NativeMethodAccessorImpl.invoke0(Native Method)
	at sun.reflect.NativeMethodAccessorImpl.invoke(NativeMethodAccessorImpl.java:62)
	at sun.reflect.DelegatingMethodAccessorImpl.invoke(DelegatingMethodAccessorImpl.java:43)
	at java.lang.reflect.Method.invoke(Method.java:498)
	at org.testng.internal.MethodInvocationHelper.invokeMethod(MethodInvocationHelper.java:86)
	at org.testng.internal.Invoker.invokeMethod(Invoker.java:643)
	at org.testng.internal.Invoker.invokeTestMethod(Invoker.java:820)
	at org.testng.internal.Invoker.invokeTestMethods(Invoker.java:1128)
	at org.testng.internal.TestMethodWorker.invokeTestMethods(TestMethodWorker.java:129)
	at org.testng.internal.TestMethodWorker.run(TestMethodWorker.java:112)
	at org.testng.TestRunner.privateRun(TestRunner.java:782)
	at org.testng.TestRunner.run(TestRunner.java:632)
	at org.testng.SuiteRunner.runTest(SuiteRunner.java:366)
	at org.testng.SuiteRunner.runSequentially(SuiteRunner.java:361)
	at org.testng.SuiteRunner.privateRun(SuiteRunner.java:319)
	at org.testng.SuiteRunner.run(SuiteRunner.java:268)
	at org.testng.SuiteRunnerWorker.runSuite(SuiteRunnerWorker.java:52)
	at org.testng.SuiteRunnerWorker.run(SuiteRunnerWorker.java:86)
	at org.testng.TestNG.runSuitesSequentially(TestNG.java:1244)
	at org.testng.TestNG.runSuitesLocally(TestNG.java:1169)
	at org.testng.TestNG.run(TestNG.java:1064)
	at org.testng.remote.AbstractRemoteTestNG.run(AbstractRemoteTestNG.java:115)
	at org.testng.remote.RemoteTestNG.initAndRun(RemoteTestNG.java:251)
	at org.testng.remote.RemoteTestNG.main(RemoteTestNG.java:77)
]]>
            </full-stacktrace>
          </exception> <!-- java.lang.AssertionError -->
          <reporter-output>
          </reporter-output>
        </test-method> <!-- Validate_Marquee_adid_Custom_param -->
        <test-method status="FAIL" signature="Validate_Feed1_adid_Custom_param()[pri:212, instance:com.twc.ios.app.testcases.SmokeTest@63429932]" name="Validate_Feed1_adid_Custom_param" duration-ms="811" started-at="2022-03-02T21:14:08Z" finished-at="2022-03-02T21:14:09Z">
          <exception class="java.lang.AssertionError">
            <message>
              <![CDATA[Custom Parameter :adid value: nl is not matched with the expected value NotNull]]>
            </message>
            <full-stacktrace>
              <![CDATA[java.lang.AssertionError: Custom Parameter :adid value: nl is not matched with the expected value NotNull
	at org.testng.Assert.fail(Assert.java:94)
	at com.twc.ios.app.general.Utils.validate_custom_param_val_of_gampad(Utils.java:7938)
	at com.twc.ios.app.testcases.SmokeTest.Validate_Feed1_adid_Custom_param(SmokeTest.java:490)
	at sun.reflect.NativeMethodAccessorImpl.invoke0(Native Method)
	at sun.reflect.NativeMethodAccessorImpl.invoke(NativeMethodAccessorImpl.java:62)
	at sun.reflect.DelegatingMethodAccessorImpl.invoke(DelegatingMethodAccessorImpl.java:43)
	at java.lang.reflect.Method.invoke(Method.java:498)
	at org.testng.internal.MethodInvocationHelper.invokeMethod(MethodInvocationHelper.java:86)
	at org.testng.internal.Invoker.invokeMethod(Invoker.java:643)
	at org.testng.internal.Invoker.invokeTestMethod(Invoker.java:820)
	at org.testng.internal.Invoker.invokeTestMethods(Invoker.java:1128)
	at org.testng.internal.TestMethodWorker.invokeTestMethods(TestMethodWorker.java:129)
	at org.testng.internal.TestMethodWorker.run(TestMethodWorker.java:112)
	at org.testng.TestRunner.privateRun(TestRunner.java:782)
	at org.testng.TestRunner.run(TestRunner.java:632)
	at org.testng.SuiteRunner.runTest(SuiteRunner.java:366)
	at org.testng.SuiteRunner.runSequentially(SuiteRunner.java:361)
	at org.testng.SuiteRunner.privateRun(SuiteRunner.java:319)
	at org.testng.SuiteRunner.run(SuiteRunner.java:268)
	at org.testng.SuiteRunnerWorker.runSuite(SuiteRunnerWorker.java:52)
	at org.testng.SuiteRunnerWorker.run(SuiteRunnerWorker.java:86)
	at org.testng.TestNG.runSuitesSequentially(TestNG.java:1244)
	at org.testng.TestNG.runSuitesLocally(TestNG.java:1169)
	at org.testng.TestNG.run(TestNG.java:1064)
	at org.testng.remote.AbstractRemoteTestNG.run(AbstractRemoteTestNG.java:115)
	at org.testng.remote.RemoteTestNG.initAndRun(RemoteTestNG.java:251)
	at org.testng.remote.RemoteTestNG.main(RemoteTestNG.java:77)
]]>
            </full-stacktrace>
          </exception> <!-- java.lang.AssertionError -->
          <reporter-output>
          </reporter-output>
        </test-method> <!-- Validate_Feed1_adid_Custom_param -->
        <test-method status="PASS" signature="Validate_Marquee_cnd_Custom_param()[pri:214, instance:com.twc.ios.app.testcases.SmokeTest@63429932]" name="Validate_Marquee_cnd_Custom_param" duration-ms="1571" started-at="2022-03-02T21:14:09Z" finished-at="2022-03-02T21:14:10Z">
          <reporter-output>
          </reporter-output>
        </test-method> <!-- Validate_Marquee_cnd_Custom_param -->
        <test-method status="FAIL" signature="Validate_Feed1_cnd_Custom_param()[pri:215, instance:com.twc.ios.app.testcases.SmokeTest@63429932]" name="Validate_Feed1_cnd_Custom_param" duration-ms="1733" started-at="2022-03-02T21:14:10Z" finished-at="2022-03-02T21:14:12Z">
          <exception class="java.lang.AssertionError">
            <message>
              <![CDATA[Custom Parameter :cnd value: clr is not matched with the expected value: sun]]>
            </message>
            <full-stacktrace>
              <![CDATA[java.lang.AssertionError: Custom Parameter :cnd value: clr is not matched with the expected value: sun
	at org.testng.Assert.fail(Assert.java:94)
	at com.twc.ios.app.general.Utils.validate_custom_param_val_of_gampad(Utils.java:7817)
	at com.twc.ios.app.testcases.SmokeTest.Validate_Feed1_cnd_Custom_param(SmokeTest.java:529)
	at sun.reflect.NativeMethodAccessorImpl.invoke0(Native Method)
	at sun.reflect.NativeMethodAccessorImpl.invoke(NativeMethodAccessorImpl.java:62)
	at sun.reflect.DelegatingMethodAccessorImpl.invoke(DelegatingMethodAccessorImpl.java:43)
	at java.lang.reflect.Method.invoke(Method.java:498)
	at org.testng.internal.MethodInvocationHelper.invokeMethod(MethodInvocationHelper.java:86)
	at org.testng.internal.Invoker.invokeMethod(Invoker.java:643)
	at org.testng.internal.Invoker.invokeTestMethod(Invoker.java:820)
	at org.testng.internal.Invoker.invokeTestMethods(Invoker.java:1128)
	at org.testng.internal.TestMethodWorker.invokeTestMethods(TestMethodWorker.java:129)
	at org.testng.internal.TestMethodWorker.run(TestMethodWorker.java:112)
	at org.testng.TestRunner.privateRun(TestRunner.java:782)
	at org.testng.TestRunner.run(TestRunner.java:632)
	at org.testng.SuiteRunner.runTest(SuiteRunner.java:366)
	at org.testng.SuiteRunner.runSequentially(SuiteRunner.java:361)
	at org.testng.SuiteRunner.privateRun(SuiteRunner.java:319)
	at org.testng.SuiteRunner.run(SuiteRunner.java:268)
	at org.testng.SuiteRunnerWorker.runSuite(SuiteRunnerWorker.java:52)
	at org.testng.SuiteRunnerWorker.run(SuiteRunnerWorker.java:86)
	at org.testng.TestNG.runSuitesSequentially(TestNG.java:1244)
	at org.testng.TestNG.runSuitesLocally(TestNG.java:1169)
	at org.testng.TestNG.run(TestNG.java:1064)
	at org.testng.remote.AbstractRemoteTestNG.run(AbstractRemoteTestNG.java:115)
	at org.testng.remote.RemoteTestNG.initAndRun(RemoteTestNG.java:251)
	at org.testng.remote.RemoteTestNG.main(RemoteTestNG.java:77)
]]>
            </full-stacktrace>
          </exception> <!-- java.lang.AssertionError -->
          <reporter-output>
          </reporter-output>
        </test-method> <!-- Validate_Feed1_cnd_Custom_param -->
        <test-method status="PASS" signature="Validate_Marquee_dma_Custom_param()[pri:217, instance:com.twc.ios.app.testcases.SmokeTest@63429932]" name="Validate_Marquee_dma_Custom_param" duration-ms="1605" started-at="2022-03-02T21:14:12Z" finished-at="2022-03-02T21:14:13Z">
          <reporter-output>
          </reporter-output>
        </test-method> <!-- Validate_Marquee_dma_Custom_param -->
        <test-method status="FAIL" signature="Validate_Feed1_dma_Custom_param()[pri:218, instance:com.twc.ios.app.testcases.SmokeTest@63429932]" name="Validate_Feed1_dma_Custom_param" duration-ms="1576" started-at="2022-03-02T21:14:13Z" finished-at="2022-03-02T21:14:15Z">
          <exception class="java.lang.AssertionError">
            <message>
              <![CDATA[Custom Parameter :dma value: nl is not matched with the expected value: 524]]>
            </message>
            <full-stacktrace>
              <![CDATA[java.lang.AssertionError: Custom Parameter :dma value: nl is not matched with the expected value: 524
	at org.testng.Assert.fail(Assert.java:94)
	at com.twc.ios.app.general.Utils.validate_custom_param_val_of_gampad(Utils.java:7817)
	at com.twc.ios.app.testcases.SmokeTest.Validate_Feed1_dma_Custom_param(SmokeTest.java:568)
	at sun.reflect.NativeMethodAccessorImpl.invoke0(Native Method)
	at sun.reflect.NativeMethodAccessorImpl.invoke(NativeMethodAccessorImpl.java:62)
	at sun.reflect.DelegatingMethodAccessorImpl.invoke(DelegatingMethodAccessorImpl.java:43)
	at java.lang.reflect.Method.invoke(Method.java:498)
	at org.testng.internal.MethodInvocationHelper.invokeMethod(MethodInvocationHelper.java:86)
	at org.testng.internal.Invoker.invokeMethod(Invoker.java:643)
	at org.testng.internal.Invoker.invokeTestMethod(Invoker.java:820)
	at org.testng.internal.Invoker.invokeTestMethods(Invoker.java:1128)
	at org.testng.internal.TestMethodWorker.invokeTestMethods(TestMethodWorker.java:129)
	at org.testng.internal.TestMethodWorker.run(TestMethodWorker.java:112)
	at org.testng.TestRunner.privateRun(TestRunner.java:782)
	at org.testng.TestRunner.run(TestRunner.java:632)
	at org.testng.SuiteRunner.runTest(SuiteRunner.java:366)
	at org.testng.SuiteRunner.runSequentially(SuiteRunner.java:361)
	at org.testng.SuiteRunner.privateRun(SuiteRunner.java:319)
	at org.testng.SuiteRunner.run(SuiteRunner.java:268)
	at org.testng.SuiteRunnerWorker.runSuite(SuiteRunnerWorker.java:52)
	at org.testng.SuiteRunnerWorker.run(SuiteRunnerWorker.java:86)
	at org.testng.TestNG.runSuitesSequentially(TestNG.java:1244)
	at org.testng.TestNG.runSuitesLocally(TestNG.java:1169)
	at org.testng.TestNG.run(TestNG.java:1064)
	at org.testng.remote.AbstractRemoteTestNG.run(AbstractRemoteTestNG.java:115)
	at org.testng.remote.RemoteTestNG.initAndRun(RemoteTestNG.java:251)
	at org.testng.remote.RemoteTestNG.main(RemoteTestNG.java:77)
]]>
            </full-stacktrace>
          </exception> <!-- java.lang.AssertionError -->
          <reporter-output>
          </reporter-output>
        </test-method> <!-- Validate_Feed1_dma_Custom_param -->
        <test-method status="PASS" signature="Validate_Marquee_tmp_Custom_param()[pri:220, instance:com.twc.ios.app.testcases.SmokeTest@63429932]" name="Validate_Marquee_tmp_Custom_param" duration-ms="780" started-at="2022-03-02T21:14:15Z" finished-at="2022-03-02T21:14:16Z">
          <reporter-output>
          </reporter-output>
        </test-method> <!-- Validate_Marquee_tmp_Custom_param -->
        <test-method status="PASS" signature="Validate_Feed1_tmp_Custom_param()[pri:221, instance:com.twc.ios.app.testcases.SmokeTest@63429932]" name="Validate_Feed1_tmp_Custom_param" duration-ms="704" started-at="2022-03-02T21:14:16Z" finished-at="2022-03-02T21:14:16Z">
          <reporter-output>
          </reporter-output>
        </test-method> <!-- Validate_Feed1_tmp_Custom_param -->
        <test-method status="PASS" signature="Validate_Marquee_tmpc_Custom_param()[pri:223, instance:com.twc.ios.app.testcases.SmokeTest@63429932]" name="Validate_Marquee_tmpc_Custom_param" duration-ms="1399" started-at="2022-03-02T21:14:16Z" finished-at="2022-03-02T21:14:18Z">
          <reporter-output>
          </reporter-output>
        </test-method> <!-- Validate_Marquee_tmpc_Custom_param -->
        <test-method status="FAIL" signature="Validate_Feed1_tmpc_Custom_param()[pri:224, instance:com.twc.ios.app.testcases.SmokeTest@63429932]" name="Validate_Feed1_tmpc_Custom_param" duration-ms="1521" started-at="2022-03-02T21:14:18Z" finished-at="2022-03-02T21:14:19Z">
          <exception class="java.lang.AssertionError">
            <message>
              <![CDATA[Custom Parameter :tmpc value: 25 is not matched with the expected value: 15]]>
            </message>
            <full-stacktrace>
              <![CDATA[java.lang.AssertionError: Custom Parameter :tmpc value: 25 is not matched with the expected value: 15
	at org.testng.Assert.fail(Assert.java:94)
	at com.twc.ios.app.general.Utils.validate_custom_param_val_of_gampad(Utils.java:7817)
	at com.twc.ios.app.testcases.SmokeTest.Validate_Feed1_tmpc_Custom_param(SmokeTest.java:646)
	at sun.reflect.NativeMethodAccessorImpl.invoke0(Native Method)
	at sun.reflect.NativeMethodAccessorImpl.invoke(NativeMethodAccessorImpl.java:62)
	at sun.reflect.DelegatingMethodAccessorImpl.invoke(DelegatingMethodAccessorImpl.java:43)
	at java.lang.reflect.Method.invoke(Method.java:498)
	at org.testng.internal.MethodInvocationHelper.invokeMethod(MethodInvocationHelper.java:86)
	at org.testng.internal.Invoker.invokeMethod(Invoker.java:643)
	at org.testng.internal.Invoker.invokeTestMethod(Invoker.java:820)
	at org.testng.internal.Invoker.invokeTestMethods(Invoker.java:1128)
	at org.testng.internal.TestMethodWorker.invokeTestMethods(TestMethodWorker.java:129)
	at org.testng.internal.TestMethodWorker.run(TestMethodWorker.java:112)
	at org.testng.TestRunner.privateRun(TestRunner.java:782)
	at org.testng.TestRunner.run(TestRunner.java:632)
	at org.testng.SuiteRunner.runTest(SuiteRunner.java:366)
	at org.testng.SuiteRunner.runSequentially(SuiteRunner.java:361)
	at org.testng.SuiteRunner.privateRun(SuiteRunner.java:319)
	at org.testng.SuiteRunner.run(SuiteRunner.java:268)
	at org.testng.SuiteRunnerWorker.runSuite(SuiteRunnerWorker.java:52)
	at org.testng.SuiteRunnerWorker.run(SuiteRunnerWorker.java:86)
	at org.testng.TestNG.runSuitesSequentially(TestNG.java:1244)
	at org.testng.TestNG.runSuitesLocally(TestNG.java:1169)
	at org.testng.TestNG.run(TestNG.java:1064)
	at org.testng.remote.AbstractRemoteTestNG.run(AbstractRemoteTestNG.java:115)
	at org.testng.remote.RemoteTestNG.initAndRun(RemoteTestNG.java:251)
	at org.testng.remote.RemoteTestNG.main(RemoteTestNG.java:77)
]]>
            </full-stacktrace>
          </exception> <!-- java.lang.AssertionError -->
          <reporter-output>
          </reporter-output>
        </test-method> <!-- Validate_Feed1_tmpc_Custom_param -->
        <test-method status="PASS" signature="Validate_Marquee_tmpr_Custom_param()[pri:226, instance:com.twc.ios.app.testcases.SmokeTest@63429932]" name="Validate_Marquee_tmpr_Custom_param" duration-ms="742" started-at="2022-03-02T21:14:19Z" finished-at="2022-03-02T21:14:20Z">
          <reporter-output>
          </reporter-output>
        </test-method> <!-- Validate_Marquee_tmpr_Custom_param -->
        <test-method status="PASS" signature="Validate_Feed1_tmpr_Custom_param()[pri:227, instance:com.twc.ios.app.testcases.SmokeTest@63429932]" name="Validate_Feed1_tmpr_Custom_param" duration-ms="685" started-at="2022-03-02T21:14:20Z" finished-at="2022-03-02T21:14:21Z">
          <reporter-output>
          </reporter-output>
        </test-method> <!-- Validate_Feed1_tmpr_Custom_param -->
        <test-method status="PASS" signature="Validate_Marquee_ct_Custom_param()[pri:229, instance:com.twc.ios.app.testcases.SmokeTest@63429932]" name="Validate_Marquee_ct_Custom_param" duration-ms="1718" started-at="2022-03-02T21:14:21Z" finished-at="2022-03-02T21:14:23Z">
          <reporter-output>
          </reporter-output>
        </test-method> <!-- Validate_Marquee_ct_Custom_param -->
        <test-method status="FAIL" signature="Validate_Feed1_ct_Custom_param()[pri:230, instance:com.twc.ios.app.testcases.SmokeTest@63429932]" name="Validate_Feed1_ct_Custom_param" duration-ms="2072" started-at="2022-03-02T21:14:23Z" finished-at="2022-03-02T21:14:25Z">
          <exception class="java.lang.AssertionError">
            <message>
              <![CDATA[Custom Parameter :ct value: Hyderabad is not matched with the expected value: Atlanta]]>
            </message>
            <full-stacktrace>
              <![CDATA[java.lang.AssertionError: Custom Parameter :ct value: Hyderabad is not matched with the expected value: Atlanta
	at org.testng.Assert.fail(Assert.java:94)
	at com.twc.ios.app.general.Utils.validate_custom_param_val_of_gampad(Utils.java:7817)
	at com.twc.ios.app.testcases.SmokeTest.Validate_Feed1_ct_Custom_param(SmokeTest.java:724)
	at sun.reflect.NativeMethodAccessorImpl.invoke0(Native Method)
	at sun.reflect.NativeMethodAccessorImpl.invoke(NativeMethodAccessorImpl.java:62)
	at sun.reflect.DelegatingMethodAccessorImpl.invoke(DelegatingMethodAccessorImpl.java:43)
	at java.lang.reflect.Method.invoke(Method.java:498)
	at org.testng.internal.MethodInvocationHelper.invokeMethod(MethodInvocationHelper.java:86)
	at org.testng.internal.Invoker.invokeMethod(Invoker.java:643)
	at org.testng.internal.Invoker.invokeTestMethod(Invoker.java:820)
	at org.testng.internal.Invoker.invokeTestMethods(Invoker.java:1128)
	at org.testng.internal.TestMethodWorker.invokeTestMethods(TestMethodWorker.java:129)
	at org.testng.internal.TestMethodWorker.run(TestMethodWorker.java:112)
	at org.testng.TestRunner.privateRun(TestRunner.java:782)
	at org.testng.TestRunner.run(TestRunner.java:632)
	at org.testng.SuiteRunner.runTest(SuiteRunner.java:366)
	at org.testng.SuiteRunner.runSequentially(SuiteRunner.java:361)
	at org.testng.SuiteRunner.privateRun(SuiteRunner.java:319)
	at org.testng.SuiteRunner.run(SuiteRunner.java:268)
	at org.testng.SuiteRunnerWorker.runSuite(SuiteRunnerWorker.java:52)
	at org.testng.SuiteRunnerWorker.run(SuiteRunnerWorker.java:86)
	at org.testng.TestNG.runSuitesSequentially(TestNG.java:1244)
	at org.testng.TestNG.runSuitesLocally(TestNG.java:1169)
	at org.testng.TestNG.run(TestNG.java:1064)
	at org.testng.remote.AbstractRemoteTestNG.run(AbstractRemoteTestNG.java:115)
	at org.testng.remote.RemoteTestNG.initAndRun(RemoteTestNG.java:251)
	at org.testng.remote.RemoteTestNG.main(RemoteTestNG.java:77)
]]>
            </full-stacktrace>
          </exception> <!-- java.lang.AssertionError -->
          <reporter-output>
          </reporter-output>
        </test-method> <!-- Validate_Feed1_ct_Custom_param -->
        <test-method status="PASS" signature="Validate_Marquee_lang_Custom_param()[pri:232, instance:com.twc.ios.app.testcases.SmokeTest@63429932]" name="Validate_Marquee_lang_Custom_param" duration-ms="843" started-at="2022-03-02T21:14:25Z" finished-at="2022-03-02T21:14:25Z">
          <reporter-output>
          </reporter-output>
        </test-method> <!-- Validate_Marquee_lang_Custom_param -->
        <test-method status="PASS" signature="Validate_Feed1_lang_Custom_param()[pri:233, instance:com.twc.ios.app.testcases.SmokeTest@63429932]" name="Validate_Feed1_lang_Custom_param" duration-ms="735" started-at="2022-03-02T21:14:25Z" finished-at="2022-03-02T21:14:26Z">
          <reporter-output>
          </reporter-output>
        </test-method> <!-- Validate_Feed1_lang_Custom_param -->
        <test-method status="PASS" signature="Validate_Marquee_aid_Custom_param()[pri:235, instance:com.twc.ios.app.testcases.SmokeTest@63429932]" name="Validate_Marquee_aid_Custom_param" duration-ms="806" started-at="2022-03-02T21:14:26Z" finished-at="2022-03-02T21:14:27Z">
          <reporter-output>
          </reporter-output>
        </test-method> <!-- Validate_Marquee_aid_Custom_param -->
        <test-method status="PASS" signature="Validate_Feed1_aid_Custom_param()[pri:236, instance:com.twc.ios.app.testcases.SmokeTest@63429932]" name="Validate_Feed1_aid_Custom_param" duration-ms="718" started-at="2022-03-02T21:14:27Z" finished-at="2022-03-02T21:14:28Z">
          <reporter-output>
          </reporter-output>
        </test-method> <!-- Validate_Feed1_aid_Custom_param -->
        <test-method status="PASS" signature="Validate_Marquee_dynght_Custom_param()[pri:238, instance:com.twc.ios.app.testcases.SmokeTest@63429932]" name="Validate_Marquee_dynght_Custom_param" duration-ms="1801" started-at="2022-03-02T21:14:28Z" finished-at="2022-03-02T21:14:30Z">
          <reporter-output>
          </reporter-output>
        </test-method> <!-- Validate_Marquee_dynght_Custom_param -->
        <test-method status="FAIL" signature="Validate_Feed1_dynght_Custom_param()[pri:239, instance:com.twc.ios.app.testcases.SmokeTest@63429932]" name="Validate_Feed1_dynght_Custom_param" duration-ms="1531" started-at="2022-03-02T21:14:30Z" finished-at="2022-03-02T21:14:31Z">
          <exception class="java.lang.AssertionError">
            <message>
              <![CDATA[Custom Parameter :dynght value: N is not matched with the expected value: D]]>
            </message>
            <full-stacktrace>
              <![CDATA[java.lang.AssertionError: Custom Parameter :dynght value: N is not matched with the expected value: D
	at org.testng.Assert.fail(Assert.java:94)
	at com.twc.ios.app.general.Utils.validate_custom_param_val_of_gampad(Utils.java:7817)
	at com.twc.ios.app.testcases.SmokeTest.Validate_Feed1_dynght_Custom_param(SmokeTest.java:844)
	at sun.reflect.NativeMethodAccessorImpl.invoke0(Native Method)
	at sun.reflect.NativeMethodAccessorImpl.invoke(NativeMethodAccessorImpl.java:62)
	at sun.reflect.DelegatingMethodAccessorImpl.invoke(DelegatingMethodAccessorImpl.java:43)
	at java.lang.reflect.Method.invoke(Method.java:498)
	at org.testng.internal.MethodInvocationHelper.invokeMethod(MethodInvocationHelper.java:86)
	at org.testng.internal.Invoker.invokeMethod(Invoker.java:643)
	at org.testng.internal.Invoker.invokeTestMethod(Invoker.java:820)
	at org.testng.internal.Invoker.invokeTestMethods(Invoker.java:1128)
	at org.testng.internal.TestMethodWorker.invokeTestMethods(TestMethodWorker.java:129)
	at org.testng.internal.TestMethodWorker.run(TestMethodWorker.java:112)
	at org.testng.TestRunner.privateRun(TestRunner.java:782)
	at org.testng.TestRunner.run(TestRunner.java:632)
	at org.testng.SuiteRunner.runTest(SuiteRunner.java:366)
	at org.testng.SuiteRunner.runSequentially(SuiteRunner.java:361)
	at org.testng.SuiteRunner.privateRun(SuiteRunner.java:319)
	at org.testng.SuiteRunner.run(SuiteRunner.java:268)
	at org.testng.SuiteRunnerWorker.runSuite(SuiteRunnerWorker.java:52)
	at org.testng.SuiteRunnerWorker.run(SuiteRunnerWorker.java:86)
	at org.testng.TestNG.runSuitesSequentially(TestNG.java:1244)
	at org.testng.TestNG.runSuitesLocally(TestNG.java:1169)
	at org.testng.TestNG.run(TestNG.java:1064)
	at org.testng.remote.AbstractRemoteTestNG.run(AbstractRemoteTestNG.java:115)
	at org.testng.remote.RemoteTestNG.initAndRun(RemoteTestNG.java:251)
	at org.testng.remote.RemoteTestNG.main(RemoteTestNG.java:77)
]]>
            </full-stacktrace>
          </exception> <!-- java.lang.AssertionError -->
          <reporter-output>
          </reporter-output>
        </test-method> <!-- Validate_Feed1_dynght_Custom_param -->
        <test-method status="PASS" signature="Validate_Marquee_locale_Custom_param()[pri:241, instance:com.twc.ios.app.testcases.SmokeTest@63429932]" name="Validate_Marquee_locale_Custom_param" duration-ms="1613" started-at="2022-03-02T21:14:31Z" finished-at="2022-03-02T21:14:33Z">
          <reporter-output>
          </reporter-output>
        </test-method> <!-- Validate_Marquee_locale_Custom_param -->
        <test-method status="PASS" signature="Validate_Feed1_locale_Custom_param()[pri:242, instance:com.twc.ios.app.testcases.SmokeTest@63429932]" name="Validate_Feed1_locale_Custom_param" duration-ms="1498" started-at="2022-03-02T21:14:33Z" finished-at="2022-03-02T21:14:34Z">
          <reporter-output>
          </reporter-output>
        </test-method> <!-- Validate_Feed1_locale_Custom_param -->
        <test-method status="PASS" signature="Validate_Marquee_tile_Custom_param()[pri:244, instance:com.twc.ios.app.testcases.SmokeTest@63429932]" name="Validate_Marquee_tile_Custom_param" duration-ms="753" started-at="2022-03-02T21:14:34Z" finished-at="2022-03-02T21:14:35Z">
          <reporter-output>
          </reporter-output>
        </test-method> <!-- Validate_Marquee_tile_Custom_param -->
        <test-method status="PASS" signature="Validate_Feed1_tile_Custom_param()[pri:245, instance:com.twc.ios.app.testcases.SmokeTest@63429932]" name="Validate_Feed1_tile_Custom_param" duration-ms="704" started-at="2022-03-02T21:14:35Z" finished-at="2022-03-02T21:14:36Z">
          <reporter-output>
          </reporter-output>
        </test-method> <!-- Validate_Feed1_tile_Custom_param -->
        <test-method status="PASS" signature="Validate_Marquee_ver_Custom_param()[pri:248, instance:com.twc.ios.app.testcases.SmokeTest@63429932]" name="Validate_Marquee_ver_Custom_param" duration-ms="726" started-at="2022-03-02T21:14:36Z" finished-at="2022-03-02T21:14:36Z">
          <reporter-output>
          </reporter-output>
        </test-method> <!-- Validate_Marquee_ver_Custom_param -->
        <test-method status="PASS" signature="Validate_Feed1_ver_Custom_param()[pri:249, instance:com.twc.ios.app.testcases.SmokeTest@63429932]" name="Validate_Feed1_ver_Custom_param" duration-ms="732" started-at="2022-03-02T21:14:36Z" finished-at="2022-03-02T21:14:37Z">
          <reporter-output>
          </reporter-output>
        </test-method> <!-- Validate_Feed1_ver_Custom_param -->
        <test-method status="PASS" signature="Validate_Marquee_ord_Custom_param()[pri:251, instance:com.twc.ios.app.testcases.SmokeTest@63429932]" name="Validate_Marquee_ord_Custom_param" duration-ms="720" started-at="2022-03-02T21:14:37Z" finished-at="2022-03-02T21:14:38Z">
          <reporter-output>
          </reporter-output>
        </test-method> <!-- Validate_Marquee_ord_Custom_param -->
        <test-method status="PASS" signature="Validate_Feed1_ord_Custom_param()[pri:252, instance:com.twc.ios.app.testcases.SmokeTest@63429932]" name="Validate_Feed1_ord_Custom_param" duration-ms="714" started-at="2022-03-02T21:14:38Z" finished-at="2022-03-02T21:14:39Z">
          <reporter-output>
          </reporter-output>
        </test-method> <!-- Validate_Feed1_ord_Custom_param -->
        <test-method status="FAIL" signature="Validate_Marquee_rmid_Custom_param()[pri:254, instance:com.twc.ios.app.testcases.SmokeTest@63429932]" name="Validate_Marquee_rmid_Custom_param" duration-ms="699" started-at="2022-03-02T21:14:39Z" finished-at="2022-03-02T21:14:39Z">
          <exception class="java.lang.AssertionError">
            <message>
              <![CDATA[Custom Parameter :rmid value: nl is not matched with the expected value NotNull]]>
            </message>
            <full-stacktrace>
              <![CDATA[java.lang.AssertionError: Custom Parameter :rmid value: nl is not matched with the expected value NotNull
	at org.testng.Assert.fail(Assert.java:94)
	at com.twc.ios.app.general.Utils.validate_custom_param_val_of_gampad(Utils.java:7938)
	at com.twc.ios.app.testcases.SmokeTest.Validate_Marquee_rmid_Custom_param(SmokeTest.java:1026)
	at sun.reflect.NativeMethodAccessorImpl.invoke0(Native Method)
	at sun.reflect.NativeMethodAccessorImpl.invoke(NativeMethodAccessorImpl.java:62)
	at sun.reflect.DelegatingMethodAccessorImpl.invoke(DelegatingMethodAccessorImpl.java:43)
	at java.lang.reflect.Method.invoke(Method.java:498)
	at org.testng.internal.MethodInvocationHelper.invokeMethod(MethodInvocationHelper.java:86)
	at org.testng.internal.Invoker.invokeMethod(Invoker.java:643)
	at org.testng.internal.Invoker.invokeTestMethod(Invoker.java:820)
	at org.testng.internal.Invoker.invokeTestMethods(Invoker.java:1128)
	at org.testng.internal.TestMethodWorker.invokeTestMethods(TestMethodWorker.java:129)
	at org.testng.internal.TestMethodWorker.run(TestMethodWorker.java:112)
	at org.testng.TestRunner.privateRun(TestRunner.java:782)
	at org.testng.TestRunner.run(TestRunner.java:632)
	at org.testng.SuiteRunner.runTest(SuiteRunner.java:366)
	at org.testng.SuiteRunner.runSequentially(SuiteRunner.java:361)
	at org.testng.SuiteRunner.privateRun(SuiteRunner.java:319)
	at org.testng.SuiteRunner.run(SuiteRunner.java:268)
	at org.testng.SuiteRunnerWorker.runSuite(SuiteRunnerWorker.java:52)
	at org.testng.SuiteRunnerWorker.run(SuiteRunnerWorker.java:86)
	at org.testng.TestNG.runSuitesSequentially(TestNG.java:1244)
	at org.testng.TestNG.runSuitesLocally(TestNG.java:1169)
	at org.testng.TestNG.run(TestNG.java:1064)
	at org.testng.remote.AbstractRemoteTestNG.run(AbstractRemoteTestNG.java:115)
	at org.testng.remote.RemoteTestNG.initAndRun(RemoteTestNG.java:251)
	at org.testng.remote.RemoteTestNG.main(RemoteTestNG.java:77)
]]>
            </full-stacktrace>
          </exception> <!-- java.lang.AssertionError -->
          <reporter-output>
          </reporter-output>
        </test-method> <!-- Validate_Marquee_rmid_Custom_param -->
        <test-method status="FAIL" signature="Validate_Feed1_rmid_Custom_param()[pri:255, instance:com.twc.ios.app.testcases.SmokeTest@63429932]" name="Validate_Feed1_rmid_Custom_param" duration-ms="701" started-at="2022-03-02T21:14:39Z" finished-at="2022-03-02T21:14:40Z">
          <exception class="java.lang.AssertionError">
            <message>
              <![CDATA[Custom Parameter :rmid value: nl is not matched with the expected value NotNull]]>
            </message>
            <full-stacktrace>
              <![CDATA[java.lang.AssertionError: Custom Parameter :rmid value: nl is not matched with the expected value NotNull
	at org.testng.Assert.fail(Assert.java:94)
	at com.twc.ios.app.general.Utils.validate_custom_param_val_of_gampad(Utils.java:7938)
	at com.twc.ios.app.testcases.SmokeTest.Validate_Feed1_rmid_Custom_param(SmokeTest.java:1039)
	at sun.reflect.NativeMethodAccessorImpl.invoke0(Native Method)
	at sun.reflect.NativeMethodAccessorImpl.invoke(NativeMethodAccessorImpl.java:62)
	at sun.reflect.DelegatingMethodAccessorImpl.invoke(DelegatingMethodAccessorImpl.java:43)
	at java.lang.reflect.Method.invoke(Method.java:498)
	at org.testng.internal.MethodInvocationHelper.invokeMethod(MethodInvocationHelper.java:86)
	at org.testng.internal.Invoker.invokeMethod(Invoker.java:643)
	at org.testng.internal.Invoker.invokeTestMethod(Invoker.java:820)
	at org.testng.internal.Invoker.invokeTestMethods(Invoker.java:1128)
	at org.testng.internal.TestMethodWorker.invokeTestMethods(TestMethodWorker.java:129)
	at org.testng.internal.TestMethodWorker.run(TestMethodWorker.java:112)
	at org.testng.TestRunner.privateRun(TestRunner.java:782)
	at org.testng.TestRunner.run(TestRunner.java:632)
	at org.testng.SuiteRunner.runTest(SuiteRunner.java:366)
	at org.testng.SuiteRunner.runSequentially(SuiteRunner.java:361)
	at org.testng.SuiteRunner.privateRun(SuiteRunner.java:319)
	at org.testng.SuiteRunner.run(SuiteRunner.java:268)
	at org.testng.SuiteRunnerWorker.runSuite(SuiteRunnerWorker.java:52)
	at org.testng.SuiteRunnerWorker.run(SuiteRunnerWorker.java:86)
	at org.testng.TestNG.runSuitesSequentially(TestNG.java:1244)
	at org.testng.TestNG.runSuitesLocally(TestNG.java:1169)
	at org.testng.TestNG.run(TestNG.java:1064)
	at org.testng.remote.AbstractRemoteTestNG.run(AbstractRemoteTestNG.java:115)
	at org.testng.remote.RemoteTestNG.initAndRun(RemoteTestNG.java:251)
	at org.testng.remote.RemoteTestNG.main(RemoteTestNG.java:77)
]]>
            </full-stacktrace>
          </exception> <!-- java.lang.AssertionError -->
          <reporter-output>
          </reporter-output>
        </test-method> <!-- Validate_Feed1_rmid_Custom_param -->
        <test-method status="PASS" signature="Validate_Marquee_st_Custom_param()[pri:257, instance:com.twc.ios.app.testcases.SmokeTest@63429932]" name="Validate_Marquee_st_Custom_param" duration-ms="1445" started-at="2022-03-02T21:14:40Z" finished-at="2022-03-02T21:14:41Z">
          <reporter-output>
          </reporter-output>
        </test-method> <!-- Validate_Marquee_st_Custom_param -->
        <test-method status="FAIL" signature="Validate_Feed1_st_Custom_param()[pri:258, instance:com.twc.ios.app.testcases.SmokeTest@63429932]" name="Validate_Feed1_st_Custom_param" duration-ms="1637" started-at="2022-03-02T21:14:41Z" finished-at="2022-03-02T21:14:43Z">
          <exception class="java.lang.AssertionError">
            <message>
              <![CDATA[Custom Parameter :st value: nl is not matched with the expected value: GA]]>
            </message>
            <full-stacktrace>
              <![CDATA[java.lang.AssertionError: Custom Parameter :st value: nl is not matched with the expected value: GA
	at org.testng.Assert.fail(Assert.java:94)
	at com.twc.ios.app.general.Utils.validate_custom_param_val_of_gampad(Utils.java:7817)
	at com.twc.ios.app.testcases.SmokeTest.Validate_Feed1_st_Custom_param(SmokeTest.java:1078)
	at sun.reflect.NativeMethodAccessorImpl.invoke0(Native Method)
	at sun.reflect.NativeMethodAccessorImpl.invoke(NativeMethodAccessorImpl.java:62)
	at sun.reflect.DelegatingMethodAccessorImpl.invoke(DelegatingMethodAccessorImpl.java:43)
	at java.lang.reflect.Method.invoke(Method.java:498)
	at org.testng.internal.MethodInvocationHelper.invokeMethod(MethodInvocationHelper.java:86)
	at org.testng.internal.Invoker.invokeMethod(Invoker.java:643)
	at org.testng.internal.Invoker.invokeTestMethod(Invoker.java:820)
	at org.testng.internal.Invoker.invokeTestMethods(Invoker.java:1128)
	at org.testng.internal.TestMethodWorker.invokeTestMethods(TestMethodWorker.java:129)
	at org.testng.internal.TestMethodWorker.run(TestMethodWorker.java:112)
	at org.testng.TestRunner.privateRun(TestRunner.java:782)
	at org.testng.TestRunner.run(TestRunner.java:632)
	at org.testng.SuiteRunner.runTest(SuiteRunner.java:366)
	at org.testng.SuiteRunner.runSequentially(SuiteRunner.java:361)
	at org.testng.SuiteRunner.privateRun(SuiteRunner.java:319)
	at org.testng.SuiteRunner.run(SuiteRunner.java:268)
	at org.testng.SuiteRunnerWorker.runSuite(SuiteRunnerWorker.java:52)
	at org.testng.SuiteRunnerWorker.run(SuiteRunnerWorker.java:86)
	at org.testng.TestNG.runSuitesSequentially(TestNG.java:1244)
	at org.testng.TestNG.runSuitesLocally(TestNG.java:1169)
	at org.testng.TestNG.run(TestNG.java:1064)
	at org.testng.remote.AbstractRemoteTestNG.run(AbstractRemoteTestNG.java:115)
	at org.testng.remote.RemoteTestNG.initAndRun(RemoteTestNG.java:251)
	at org.testng.remote.RemoteTestNG.main(RemoteTestNG.java:77)
]]>
            </full-stacktrace>
          </exception> <!-- java.lang.AssertionError -->
          <reporter-output>
          </reporter-output>
        </test-method> <!-- Validate_Feed1_st_Custom_param -->
        <test-method status="PASS" signature="Validate_HomeScreen_Call_tf_Custom_param()[pri:260, instance:com.twc.ios.app.testcases.SmokeTest@63429932]" name="Validate_HomeScreen_Call_tf_Custom_param" duration-ms="785" started-at="2022-03-02T21:14:43Z" finished-at="2022-03-02T21:14:44Z">
          <reporter-output>
          </reporter-output>
        </test-method> <!-- Validate_HomeScreen_Call_tf_Custom_param -->
        <test-method status="PASS" signature="Validate_DailyDetails_tf_Custom_param()[pri:262, instance:com.twc.ios.app.testcases.SmokeTest@63429932]" name="Validate_DailyDetails_tf_Custom_param" duration-ms="727" started-at="2022-03-02T21:14:44Z" finished-at="2022-03-02T21:14:45Z">
          <reporter-output>
          </reporter-output>
        </test-method> <!-- Validate_DailyDetails_tf_Custom_param -->
        <test-method status="FAIL" signature="Validate_daily_details_fcnd_Custom_param()[pri:264, instance:com.twc.ios.app.testcases.SmokeTest@63429932]" name="Validate_daily_details_fcnd_Custom_param" duration-ms="1687" started-at="2022-03-02T21:14:45Z" finished-at="2022-03-02T21:14:46Z">
          <exception class="java.lang.AssertionError">
            <message>
              <![CDATA[Custom Parameter :fcnd value: clr is not matched with the expected value: sun]]>
            </message>
            <full-stacktrace>
              <![CDATA[java.lang.AssertionError: Custom Parameter :fcnd value: clr is not matched with the expected value: sun
	at org.testng.Assert.fail(Assert.java:94)
	at com.twc.ios.app.general.Utils.validate_custom_param_val_of_gampad(Utils.java:7817)
	at com.twc.ios.app.testcases.SmokeTest.Validate_daily_details_fcnd_Custom_param(SmokeTest.java:1143)
	at sun.reflect.NativeMethodAccessorImpl.invoke0(Native Method)
	at sun.reflect.NativeMethodAccessorImpl.invoke(NativeMethodAccessorImpl.java:62)
	at sun.reflect.DelegatingMethodAccessorImpl.invoke(DelegatingMethodAccessorImpl.java:43)
	at java.lang.reflect.Method.invoke(Method.java:498)
	at org.testng.internal.MethodInvocationHelper.invokeMethod(MethodInvocationHelper.java:86)
	at org.testng.internal.Invoker.invokeMethod(Invoker.java:643)
	at org.testng.internal.Invoker.invokeTestMethod(Invoker.java:820)
	at org.testng.internal.Invoker.invokeTestMethods(Invoker.java:1128)
	at org.testng.internal.TestMethodWorker.invokeTestMethods(TestMethodWorker.java:129)
	at org.testng.internal.TestMethodWorker.run(TestMethodWorker.java:112)
	at org.testng.TestRunner.privateRun(TestRunner.java:782)
	at org.testng.TestRunner.run(TestRunner.java:632)
	at org.testng.SuiteRunner.runTest(SuiteRunner.java:366)
	at org.testng.SuiteRunner.runSequentially(SuiteRunner.java:361)
	at org.testng.SuiteRunner.privateRun(SuiteRunner.java:319)
	at org.testng.SuiteRunner.run(SuiteRunner.java:268)
	at org.testng.SuiteRunnerWorker.runSuite(SuiteRunnerWorker.java:52)
	at org.testng.SuiteRunnerWorker.run(SuiteRunnerWorker.java:86)
	at org.testng.TestNG.runSuitesSequentially(TestNG.java:1244)
	at org.testng.TestNG.runSuitesLocally(TestNG.java:1169)
	at org.testng.TestNG.run(TestNG.java:1064)
	at org.testng.remote.AbstractRemoteTestNG.run(AbstractRemoteTestNG.java:115)
	at org.testng.remote.RemoteTestNG.initAndRun(RemoteTestNG.java:251)
	at org.testng.remote.RemoteTestNG.main(RemoteTestNG.java:77)
]]>
            </full-stacktrace>
          </exception> <!-- java.lang.AssertionError -->
          <reporter-output>
          </reporter-output>
        </test-method> <!-- Validate_daily_details_fcnd_Custom_param -->
        <test-method status="FAIL" signature="Validate_daily_details_fdynght_Custom_param()[pri:265, instance:com.twc.ios.app.testcases.SmokeTest@63429932]" name="Validate_daily_details_fdynght_Custom_param" duration-ms="1579" started-at="2022-03-02T21:14:46Z" finished-at="2022-03-02T21:14:48Z">
          <exception class="java.lang.AssertionError">
            <message>
              <![CDATA[Custom Parameter :fdynght value: N is not matched with the expected value: D]]>
            </message>
            <full-stacktrace>
              <![CDATA[java.lang.AssertionError: Custom Parameter :fdynght value: N is not matched with the expected value: D
	at org.testng.Assert.fail(Assert.java:94)
	at com.twc.ios.app.general.Utils.validate_custom_param_val_of_gampad(Utils.java:7817)
	at com.twc.ios.app.testcases.SmokeTest.Validate_daily_details_fdynght_Custom_param(SmokeTest.java:1156)
	at sun.reflect.NativeMethodAccessorImpl.invoke0(Native Method)
	at sun.reflect.NativeMethodAccessorImpl.invoke(NativeMethodAccessorImpl.java:62)
	at sun.reflect.DelegatingMethodAccessorImpl.invoke(DelegatingMethodAccessorImpl.java:43)
	at java.lang.reflect.Method.invoke(Method.java:498)
	at org.testng.internal.MethodInvocationHelper.invokeMethod(MethodInvocationHelper.java:86)
	at org.testng.internal.Invoker.invokeMethod(Invoker.java:643)
	at org.testng.internal.Invoker.invokeTestMethod(Invoker.java:820)
	at org.testng.internal.Invoker.invokeTestMethods(Invoker.java:1128)
	at org.testng.internal.TestMethodWorker.invokeTestMethods(TestMethodWorker.java:129)
	at org.testng.internal.TestMethodWorker.run(TestMethodWorker.java:112)
	at org.testng.TestRunner.privateRun(TestRunner.java:782)
	at org.testng.TestRunner.run(TestRunner.java:632)
	at org.testng.SuiteRunner.runTest(SuiteRunner.java:366)
	at org.testng.SuiteRunner.runSequentially(SuiteRunner.java:361)
	at org.testng.SuiteRunner.privateRun(SuiteRunner.java:319)
	at org.testng.SuiteRunner.run(SuiteRunner.java:268)
	at org.testng.SuiteRunnerWorker.runSuite(SuiteRunnerWorker.java:52)
	at org.testng.SuiteRunnerWorker.run(SuiteRunnerWorker.java:86)
	at org.testng.TestNG.runSuitesSequentially(TestNG.java:1244)
	at org.testng.TestNG.runSuitesLocally(TestNG.java:1169)
	at org.testng.TestNG.run(TestNG.java:1064)
	at org.testng.remote.AbstractRemoteTestNG.run(AbstractRemoteTestNG.java:115)
	at org.testng.remote.RemoteTestNG.initAndRun(RemoteTestNG.java:251)
	at org.testng.remote.RemoteTestNG.main(RemoteTestNG.java:77)
]]>
            </full-stacktrace>
          </exception> <!-- java.lang.AssertionError -->
          <reporter-output>
          </reporter-output>
        </test-method> <!-- Validate_daily_details_fdynght_Custom_param -->
        <test-method status="PASS" signature="Validate_daily_details_dt_Custom_param()[pri:266, instance:com.twc.ios.app.testcases.SmokeTest@63429932]" name="Validate_daily_details_dt_Custom_param" duration-ms="749" started-at="2022-03-02T21:14:48Z" finished-at="2022-03-02T21:14:49Z">
          <reporter-output>
          </reporter-output>
        </test-method> <!-- Validate_daily_details_dt_Custom_param -->
        <test-method status="PASS" signature="Validate_daily_details_mnth_Custom_param()[pri:267, instance:com.twc.ios.app.testcases.SmokeTest@63429932]" name="Validate_daily_details_mnth_Custom_param" duration-ms="730" started-at="2022-03-02T21:14:49Z" finished-at="2022-03-02T21:14:49Z">
          <reporter-output>
          </reporter-output>
        </test-method> <!-- Validate_daily_details_mnth_Custom_param -->
        <test-method status="PASS" signature="Validate_Marquee_ltv_Custom_param()[pri:270, instance:com.twc.ios.app.testcases.SmokeTest@63429932]" name="Validate_Marquee_ltv_Custom_param" duration-ms="723" started-at="2022-03-02T21:14:49Z" finished-at="2022-03-02T21:14:50Z">
          <reporter-output>
          </reporter-output>
        </test-method> <!-- Validate_Marquee_ltv_Custom_param -->
        <test-method status="PASS" signature="Validate_Feed1_ltv_Custom_param()[pri:271, instance:com.twc.ios.app.testcases.SmokeTest@63429932]" name="Validate_Feed1_ltv_Custom_param" duration-ms="737" started-at="2022-03-02T21:14:50Z" finished-at="2022-03-02T21:14:51Z">
          <reporter-output>
          </reporter-output>
        </test-method> <!-- Validate_Feed1_ltv_Custom_param -->
        <test-method status="PASS" signature="Validate_Marquee_fhic_Custom_param()[pri:273, instance:com.twc.ios.app.testcases.SmokeTest@63429932]" name="Validate_Marquee_fhic_Custom_param" duration-ms="715" started-at="2022-03-02T21:14:51Z" finished-at="2022-03-02T21:14:51Z">
          <reporter-output>
          </reporter-output>
        </test-method> <!-- Validate_Marquee_fhic_Custom_param -->
        <test-method status="PASS" signature="Validate_Feed1_fhic_Custom_param()[pri:274, instance:com.twc.ios.app.testcases.SmokeTest@63429932]" name="Validate_Feed1_fhic_Custom_param" duration-ms="739" started-at="2022-03-02T21:14:51Z" finished-at="2022-03-02T21:14:52Z">
          <reporter-output>
          </reporter-output>
        </test-method> <!-- Validate_Feed1_fhic_Custom_param -->
        <test-method status="PASS" signature="Validate_Marquee_floc_Custom_param()[pri:276, instance:com.twc.ios.app.testcases.SmokeTest@63429932]" name="Validate_Marquee_floc_Custom_param" duration-ms="731" started-at="2022-03-02T21:14:52Z" finished-at="2022-03-02T21:14:53Z">
          <reporter-output>
          </reporter-output>
        </test-method> <!-- Validate_Marquee_floc_Custom_param -->
        <test-method status="PASS" signature="Validate_Feed1_floc_Custom_param()[pri:277, instance:com.twc.ios.app.testcases.SmokeTest@63429932]" name="Validate_Feed1_floc_Custom_param" duration-ms="712" started-at="2022-03-02T21:14:53Z" finished-at="2022-03-02T21:14:54Z">
          <reporter-output>
          </reporter-output>
        </test-method> <!-- Validate_Feed1_floc_Custom_param -->
        <test-method status="PASS" signature="Validate_Marquee_fltmpc_Custom_param()[pri:279, instance:com.twc.ios.app.testcases.SmokeTest@63429932]" name="Validate_Marquee_fltmpc_Custom_param" duration-ms="704" started-at="2022-03-02T21:14:54Z" finished-at="2022-03-02T21:14:54Z">
          <reporter-output>
          </reporter-output>
        </test-method> <!-- Validate_Marquee_fltmpc_Custom_param -->
        <test-method status="PASS" signature="Validate_Feed1_fltmpc_Custom_param()[pri:280, instance:com.twc.ios.app.testcases.SmokeTest@63429932]" name="Validate_Feed1_fltmpc_Custom_param" duration-ms="710" started-at="2022-03-02T21:14:54Z" finished-at="2022-03-02T21:14:55Z">
          <reporter-output>
          </reporter-output>
        </test-method> <!-- Validate_Feed1_fltmpc_Custom_param -->
        <test-method status="PASS" signature="Validate_Marquee_ftl_Custom_param()[pri:282, instance:com.twc.ios.app.testcases.SmokeTest@63429932]" name="Validate_Marquee_ftl_Custom_param" duration-ms="680" started-at="2022-03-02T21:14:55Z" finished-at="2022-03-02T21:14:56Z">
          <reporter-output>
          </reporter-output>
        </test-method> <!-- Validate_Marquee_ftl_Custom_param -->
        <test-method status="PASS" signature="Validate_Feed1_ftl_Custom_param()[pri:283, instance:com.twc.ios.app.testcases.SmokeTest@63429932]" name="Validate_Feed1_ftl_Custom_param" duration-ms="677" started-at="2022-03-02T21:14:56Z" finished-at="2022-03-02T21:14:56Z">
          <reporter-output>
          </reporter-output>
        </test-method> <!-- Validate_Feed1_ftl_Custom_param -->
        <test-method status="PASS" signature="Validate_Marquee_h2o_Custom_param()[pri:285, instance:com.twc.ios.app.testcases.SmokeTest@63429932]" name="Validate_Marquee_h2o_Custom_param" duration-ms="675" started-at="2022-03-02T21:14:56Z" finished-at="2022-03-02T21:14:57Z">
          <reporter-output>
          </reporter-output>
        </test-method> <!-- Validate_Marquee_h2o_Custom_param -->
        <test-method status="PASS" signature="Validate_Feed1_h2o_Custom_param()[pri:286, instance:com.twc.ios.app.testcases.SmokeTest@63429932]" name="Validate_Feed1_h2o_Custom_param" duration-ms="676" started-at="2022-03-02T21:14:57Z" finished-at="2022-03-02T21:14:58Z">
          <reporter-output>
          </reporter-output>
        </test-method> <!-- Validate_Feed1_h2o_Custom_param -->
        <test-method status="PASS" signature="Validate_Marquee_hmid_Custom_param()[pri:288, instance:com.twc.ios.app.testcases.SmokeTest@63429932]" name="Validate_Marquee_hmid_Custom_param" duration-ms="674" started-at="2022-03-02T21:14:58Z" finished-at="2022-03-02T21:14:58Z">
          <reporter-output>
          </reporter-output>
        </test-method> <!-- Validate_Marquee_hmid_Custom_param -->
        <test-method status="PASS" signature="Validate_Feed1_hmid_Custom_param()[pri:289, instance:com.twc.ios.app.testcases.SmokeTest@63429932]" name="Validate_Feed1_hmid_Custom_param" duration-ms="663" started-at="2022-03-02T21:14:58Z" finished-at="2022-03-02T21:14:59Z">
          <reporter-output>
          </reporter-output>
        </test-method> <!-- Validate_Feed1_hmid_Custom_param -->
        <test-method status="PASS" signature="Validate_Marquee_layer_Custom_param()[pri:291, instance:com.twc.ios.app.testcases.SmokeTest@63429932]" name="Validate_Marquee_layer_Custom_param" duration-ms="668" started-at="2022-03-02T21:14:59Z" finished-at="2022-03-02T21:15:00Z">
          <reporter-output>
          </reporter-output>
        </test-method> <!-- Validate_Marquee_layer_Custom_param -->
        <test-method status="PASS" signature="Validate_Feed1_layer_Custom_param()[pri:292, instance:com.twc.ios.app.testcases.SmokeTest@63429932]" name="Validate_Feed1_layer_Custom_param" duration-ms="667" started-at="2022-03-02T21:15:00Z" finished-at="2022-03-02T21:15:00Z">
          <reporter-output>
          </reporter-output>
        </test-method> <!-- Validate_Feed1_layer_Custom_param -->
        <test-method status="PASS" signature="Validate_Marquee_uv_Custom_param()[pri:294, instance:com.twc.ios.app.testcases.SmokeTest@63429932]" name="Validate_Marquee_uv_Custom_param" duration-ms="664" started-at="2022-03-02T21:15:00Z" finished-at="2022-03-02T21:15:01Z">
          <reporter-output>
          </reporter-output>
        </test-method> <!-- Validate_Marquee_uv_Custom_param -->
        <test-method status="PASS" signature="Validate_Feed1_uv_Custom_param()[pri:295, instance:com.twc.ios.app.testcases.SmokeTest@63429932]" name="Validate_Feed1_uv_Custom_param" duration-ms="675" started-at="2022-03-02T21:15:01Z" finished-at="2022-03-02T21:15:02Z">
          <reporter-output>
          </reporter-output>
        </test-method> <!-- Validate_Feed1_uv_Custom_param -->
        <test-method status="PASS" signature="Validate_Marquee_wind_Custom_param()[pri:297, instance:com.twc.ios.app.testcases.SmokeTest@63429932]" name="Validate_Marquee_wind_Custom_param" duration-ms="668" started-at="2022-03-02T21:15:02Z" finished-at="2022-03-02T21:15:02Z">
          <reporter-output>
          </reporter-output>
        </test-method> <!-- Validate_Marquee_wind_Custom_param -->
        <test-method status="PASS" signature="Validate_Feed1_wind_Custom_param()[pri:298, instance:com.twc.ios.app.testcases.SmokeTest@63429932]" name="Validate_Feed1_wind_Custom_param" duration-ms="660" started-at="2022-03-02T21:15:02Z" finished-at="2022-03-02T21:15:03Z">
          <reporter-output>
          </reporter-output>
        </test-method> <!-- Validate_Feed1_wind_Custom_param -->
        <test-method status="PASS" signature="validate_Marquee_mr_Custom_param()[pri:300, instance:com.twc.ios.app.testcases.SmokeTest@63429932]" name="validate_Marquee_mr_Custom_param" duration-ms="656" started-at="2022-03-02T21:15:03Z" finished-at="2022-03-02T21:15:04Z">
          <reporter-output>
          </reporter-output>
        </test-method> <!-- validate_Marquee_mr_Custom_param -->
        <test-method status="PASS" signature="Validate_Feed1_mr_Custom_param()[pri:301, instance:com.twc.ios.app.testcases.SmokeTest@63429932]" name="Validate_Feed1_mr_Custom_param" duration-ms="750" started-at="2022-03-02T21:15:04Z" finished-at="2022-03-02T21:15:05Z">
          <reporter-output>
          </reporter-output>
        </test-method> <!-- Validate_Feed1_mr_Custom_param -->
        <test-method status="FAIL" signature="Validate_Marquee_dnt_Custom_param()[pri:303, instance:com.twc.ios.app.testcases.SmokeTest@63429932]" name="Validate_Marquee_dnt_Custom_param" duration-ms="729" started-at="2022-03-02T21:15:05Z" finished-at="2022-03-02T21:15:05Z">
          <exception class="java.lang.AssertionError">
            <message>
              <![CDATA[Custom Parameter :dnt value: y is not matched with the expected value n]]>
            </message>
            <full-stacktrace>
              <![CDATA[java.lang.AssertionError: Custom Parameter :dnt value: y is not matched with the expected value n
	at org.testng.Assert.fail(Assert.java:94)
	at com.twc.ios.app.general.Utils.validate_custom_param_val_of_gampad(Utils.java:7956)
	at com.twc.ios.app.testcases.SmokeTest.Validate_Marquee_dnt_Custom_param(SmokeTest.java:1635)
	at sun.reflect.NativeMethodAccessorImpl.invoke0(Native Method)
	at sun.reflect.NativeMethodAccessorImpl.invoke(NativeMethodAccessorImpl.java:62)
	at sun.reflect.DelegatingMethodAccessorImpl.invoke(DelegatingMethodAccessorImpl.java:43)
	at java.lang.reflect.Method.invoke(Method.java:498)
	at org.testng.internal.MethodInvocationHelper.invokeMethod(MethodInvocationHelper.java:86)
	at org.testng.internal.Invoker.invokeMethod(Invoker.java:643)
	at org.testng.internal.Invoker.invokeTestMethod(Invoker.java:820)
	at org.testng.internal.Invoker.invokeTestMethods(Invoker.java:1128)
	at org.testng.internal.TestMethodWorker.invokeTestMethods(TestMethodWorker.java:129)
	at org.testng.internal.TestMethodWorker.run(TestMethodWorker.java:112)
	at org.testng.TestRunner.privateRun(TestRunner.java:782)
	at org.testng.TestRunner.run(TestRunner.java:632)
	at org.testng.SuiteRunner.runTest(SuiteRunner.java:366)
	at org.testng.SuiteRunner.runSequentially(SuiteRunner.java:361)
	at org.testng.SuiteRunner.privateRun(SuiteRunner.java:319)
	at org.testng.SuiteRunner.run(SuiteRunner.java:268)
	at org.testng.SuiteRunnerWorker.runSuite(SuiteRunnerWorker.java:52)
	at org.testng.SuiteRunnerWorker.run(SuiteRunnerWorker.java:86)
	at org.testng.TestNG.runSuitesSequentially(TestNG.java:1244)
	at org.testng.TestNG.runSuitesLocally(TestNG.java:1169)
	at org.testng.TestNG.run(TestNG.java:1064)
	at org.testng.remote.AbstractRemoteTestNG.run(AbstractRemoteTestNG.java:115)
	at org.testng.remote.RemoteTestNG.initAndRun(RemoteTestNG.java:251)
	at org.testng.remote.RemoteTestNG.main(RemoteTestNG.java:77)
]]>
            </full-stacktrace>
          </exception> <!-- java.lang.AssertionError -->
          <reporter-output>
          </reporter-output>
        </test-method> <!-- Validate_Marquee_dnt_Custom_param -->
        <test-method status="FAIL" signature="Validate_Feed1_dnt_Custom_param()[pri:304, instance:com.twc.ios.app.testcases.SmokeTest@63429932]" name="Validate_Feed1_dnt_Custom_param" duration-ms="705" started-at="2022-03-02T21:15:05Z" finished-at="2022-03-02T21:15:06Z">
          <exception class="java.lang.AssertionError">
            <message>
              <![CDATA[Custom Parameter :dnt value: y is not matched with the expected value n]]>
            </message>
            <full-stacktrace>
              <![CDATA[java.lang.AssertionError: Custom Parameter :dnt value: y is not matched with the expected value n
	at org.testng.Assert.fail(Assert.java:94)
	at com.twc.ios.app.general.Utils.validate_custom_param_val_of_gampad(Utils.java:7956)
	at com.twc.ios.app.testcases.SmokeTest.Validate_Feed1_dnt_Custom_param(SmokeTest.java:1648)
	at sun.reflect.NativeMethodAccessorImpl.invoke0(Native Method)
	at sun.reflect.NativeMethodAccessorImpl.invoke(NativeMethodAccessorImpl.java:62)
	at sun.reflect.DelegatingMethodAccessorImpl.invoke(DelegatingMethodAccessorImpl.java:43)
	at java.lang.reflect.Method.invoke(Method.java:498)
	at org.testng.internal.MethodInvocationHelper.invokeMethod(MethodInvocationHelper.java:86)
	at org.testng.internal.Invoker.invokeMethod(Invoker.java:643)
	at org.testng.internal.Invoker.invokeTestMethod(Invoker.java:820)
	at org.testng.internal.Invoker.invokeTestMethods(Invoker.java:1128)
	at org.testng.internal.TestMethodWorker.invokeTestMethods(TestMethodWorker.java:129)
	at org.testng.internal.TestMethodWorker.run(TestMethodWorker.java:112)
	at org.testng.TestRunner.privateRun(TestRunner.java:782)
	at org.testng.TestRunner.run(TestRunner.java:632)
	at org.testng.SuiteRunner.runTest(SuiteRunner.java:366)
	at org.testng.SuiteRunner.runSequentially(SuiteRunner.java:361)
	at org.testng.SuiteRunner.privateRun(SuiteRunner.java:319)
	at org.testng.SuiteRunner.run(SuiteRunner.java:268)
	at org.testng.SuiteRunnerWorker.runSuite(SuiteRunnerWorker.java:52)
	at org.testng.SuiteRunnerWorker.run(SuiteRunnerWorker.java:86)
	at org.testng.TestNG.runSuitesSequentially(TestNG.java:1244)
	at org.testng.TestNG.runSuitesLocally(TestNG.java:1169)
	at org.testng.TestNG.run(TestNG.java:1064)
	at org.testng.remote.AbstractRemoteTestNG.run(AbstractRemoteTestNG.java:115)
	at org.testng.remote.RemoteTestNG.initAndRun(RemoteTestNG.java:251)
	at org.testng.remote.RemoteTestNG.main(RemoteTestNG.java:77)
]]>
            </full-stacktrace>
          </exception> <!-- java.lang.AssertionError -->
          <reporter-output>
          </reporter-output>
        </test-method> <!-- Validate_Feed1_dnt_Custom_param -->
        <test-method status="FAIL" signature="Verify_AllergyDetails_Spotlight_AdCall()[pri:310, instance:com.twc.ios.app.testcases.SmokeTest@63429932]" name="Verify_AllergyDetails_Spotlight_AdCall" duration-ms="711" started-at="2022-03-02T21:15:06Z" finished-at="2022-03-02T21:15:07Z">
          <exception class="java.lang.AssertionError">
            <message>
              <![CDATA[iu=%2F7646%2Fapp_iphone_us%2Fdb_display%2Fcontent%2Fallergy%2Ftips_sl ad call is not present]]>
            </message>
            <full-stacktrace>
              <![CDATA[java.lang.AssertionError: iu=%2F7646%2Fapp_iphone_us%2Fdb_display%2Fcontent%2Fallergy%2Ftips_sl ad call is not present
	at org.testng.Assert.fail(Assert.java:94)
	at com.twc.ios.app.general.Utils.verifyPubadCal(Utils.java:437)
	at com.twc.ios.app.testcases.SmokeTest.Verify_AllergyDetails_Spotlight_AdCall(SmokeTest.java:1671)
	at sun.reflect.NativeMethodAccessorImpl.invoke0(Native Method)
	at sun.reflect.NativeMethodAccessorImpl.invoke(NativeMethodAccessorImpl.java:62)
	at sun.reflect.DelegatingMethodAccessorImpl.invoke(DelegatingMethodAccessorImpl.java:43)
	at java.lang.reflect.Method.invoke(Method.java:498)
	at org.testng.internal.MethodInvocationHelper.invokeMethod(MethodInvocationHelper.java:86)
	at org.testng.internal.Invoker.invokeMethod(Invoker.java:643)
	at org.testng.internal.Invoker.invokeTestMethod(Invoker.java:820)
	at org.testng.internal.Invoker.invokeTestMethods(Invoker.java:1128)
	at org.testng.internal.TestMethodWorker.invokeTestMethods(TestMethodWorker.java:129)
	at org.testng.internal.TestMethodWorker.run(TestMethodWorker.java:112)
	at org.testng.TestRunner.privateRun(TestRunner.java:782)
	at org.testng.TestRunner.run(TestRunner.java:632)
	at org.testng.SuiteRunner.runTest(SuiteRunner.java:366)
	at org.testng.SuiteRunner.runSequentially(SuiteRunner.java:361)
	at org.testng.SuiteRunner.privateRun(SuiteRunner.java:319)
	at org.testng.SuiteRunner.run(SuiteRunner.java:268)
	at org.testng.SuiteRunnerWorker.runSuite(SuiteRunnerWorker.java:52)
	at org.testng.SuiteRunnerWorker.run(SuiteRunnerWorker.java:86)
	at org.testng.TestNG.runSuitesSequentially(TestNG.java:1244)
	at org.testng.TestNG.runSuitesLocally(TestNG.java:1169)
	at org.testng.TestNG.run(TestNG.java:1064)
	at org.testng.remote.AbstractRemoteTestNG.run(AbstractRemoteTestNG.java:115)
	at org.testng.remote.RemoteTestNG.initAndRun(RemoteTestNG.java:251)
	at org.testng.remote.RemoteTestNG.main(RemoteTestNG.java:77)
]]>
            </full-stacktrace>
          </exception> <!-- java.lang.AssertionError -->
          <reporter-output>
          </reporter-output>
        </test-method> <!-- Verify_AllergyDetails_Spotlight_AdCall -->
        <test-method status="FAIL" signature="Validate_AllergyDetails_Spotlight_pos_Custom_param()[pri:311, instance:com.twc.ios.app.testcases.SmokeTest@63429932]" name="Validate_AllergyDetails_Spotlight_pos_Custom_param" duration-ms="718" started-at="2022-03-02T21:15:07Z" finished-at="2022-03-02T21:15:07Z">
          <exception class="java.lang.AssertionError">
            <message>
              <![CDATA[Ad Call :iu=%2F7646%2Fapp_iphone_us%2Fdb_display%2Fcontent%2Fallergy%2Ftips_sl not found in charles session, hence Custom Parameter: pos validation skipped]]>
            </message>
            <full-stacktrace>
              <![CDATA[java.lang.AssertionError: Ad Call :iu=%2F7646%2Fapp_iphone_us%2Fdb_display%2Fcontent%2Fallergy%2Ftips_sl not found in charles session, hence Custom Parameter: pos validation skipped
	at org.testng.Assert.fail(Assert.java:94)
	at com.twc.ios.app.general.Utils.validate_custom_param_val_of_gampad(Utils.java:7919)
	at com.twc.ios.app.testcases.SmokeTest.Validate_AllergyDetails_Spotlight_pos_Custom_param(SmokeTest.java:1683)
	at sun.reflect.NativeMethodAccessorImpl.invoke0(Native Method)
	at sun.reflect.NativeMethodAccessorImpl.invoke(NativeMethodAccessorImpl.java:62)
	at sun.reflect.DelegatingMethodAccessorImpl.invoke(DelegatingMethodAccessorImpl.java:43)
	at java.lang.reflect.Method.invoke(Method.java:498)
	at org.testng.internal.MethodInvocationHelper.invokeMethod(MethodInvocationHelper.java:86)
	at org.testng.internal.Invoker.invokeMethod(Invoker.java:643)
	at org.testng.internal.Invoker.invokeTestMethod(Invoker.java:820)
	at org.testng.internal.Invoker.invokeTestMethods(Invoker.java:1128)
	at org.testng.internal.TestMethodWorker.invokeTestMethods(TestMethodWorker.java:129)
	at org.testng.internal.TestMethodWorker.run(TestMethodWorker.java:112)
	at org.testng.TestRunner.privateRun(TestRunner.java:782)
	at org.testng.TestRunner.run(TestRunner.java:632)
	at org.testng.SuiteRunner.runTest(SuiteRunner.java:366)
	at org.testng.SuiteRunner.runSequentially(SuiteRunner.java:361)
	at org.testng.SuiteRunner.privateRun(SuiteRunner.java:319)
	at org.testng.SuiteRunner.run(SuiteRunner.java:268)
	at org.testng.SuiteRunnerWorker.runSuite(SuiteRunnerWorker.java:52)
	at org.testng.SuiteRunnerWorker.run(SuiteRunnerWorker.java:86)
	at org.testng.TestNG.runSuitesSequentially(TestNG.java:1244)
	at org.testng.TestNG.runSuitesLocally(TestNG.java:1169)
	at org.testng.TestNG.run(TestNG.java:1064)
	at org.testng.remote.AbstractRemoteTestNG.run(AbstractRemoteTestNG.java:115)
	at org.testng.remote.RemoteTestNG.initAndRun(RemoteTestNG.java:251)
	at org.testng.remote.RemoteTestNG.main(RemoteTestNG.java:77)
]]>
            </full-stacktrace>
          </exception> <!-- java.lang.AssertionError -->
          <reporter-output>
          </reporter-output>
        </test-method> <!-- Validate_AllergyDetails_Spotlight_pos_Custom_param -->
        <test-method status="FAIL" signature="Validate_AllergyDetails_Spotlight_Ad_Size()[pri:312, instance:com.twc.ios.app.testcases.SmokeTest@63429932]" name="Validate_AllergyDetails_Spotlight_Ad_Size" duration-ms="701" started-at="2022-03-02T21:15:07Z" finished-at="2022-03-02T21:15:08Z">
          <exception class="java.lang.AssertionError">
            <message>
              <![CDATA[iu=%2F7646%2Fapp_iphone_us%2Fdb_display%2Fcontent%2Fallergy%2Ftips_sl ad call is not present]]>
            </message>
            <full-stacktrace>
              <![CDATA[java.lang.AssertionError: iu=%2F7646%2Fapp_iphone_us%2Fdb_display%2Fcontent%2Fallergy%2Ftips_sl ad call is not present
	at org.testng.Assert.fail(Assert.java:94)
	at com.twc.ios.app.general.Utils.verify_Ad_Size(Utils.java:1900)
	at com.twc.ios.app.testcases.SmokeTest.Validate_AllergyDetails_Spotlight_Ad_Size(SmokeTest.java:1693)
	at sun.reflect.NativeMethodAccessorImpl.invoke0(Native Method)
	at sun.reflect.NativeMethodAccessorImpl.invoke(NativeMethodAccessorImpl.java:62)
	at sun.reflect.DelegatingMethodAccessorImpl.invoke(DelegatingMethodAccessorImpl.java:43)
	at java.lang.reflect.Method.invoke(Method.java:498)
	at org.testng.internal.MethodInvocationHelper.invokeMethod(MethodInvocationHelper.java:86)
	at org.testng.internal.Invoker.invokeMethod(Invoker.java:643)
	at org.testng.internal.Invoker.invokeTestMethod(Invoker.java:820)
	at org.testng.internal.Invoker.invokeTestMethods(Invoker.java:1128)
	at org.testng.internal.TestMethodWorker.invokeTestMethods(TestMethodWorker.java:129)
	at org.testng.internal.TestMethodWorker.run(TestMethodWorker.java:112)
	at org.testng.TestRunner.privateRun(TestRunner.java:782)
	at org.testng.TestRunner.run(TestRunner.java:632)
	at org.testng.SuiteRunner.runTest(SuiteRunner.java:366)
	at org.testng.SuiteRunner.runSequentially(SuiteRunner.java:361)
	at org.testng.SuiteRunner.privateRun(SuiteRunner.java:319)
	at org.testng.SuiteRunner.run(SuiteRunner.java:268)
	at org.testng.SuiteRunnerWorker.runSuite(SuiteRunnerWorker.java:52)
	at org.testng.SuiteRunnerWorker.run(SuiteRunnerWorker.java:86)
	at org.testng.TestNG.runSuitesSequentially(TestNG.java:1244)
	at org.testng.TestNG.runSuitesLocally(TestNG.java:1169)
	at org.testng.TestNG.run(TestNG.java:1064)
	at org.testng.remote.AbstractRemoteTestNG.run(AbstractRemoteTestNG.java:115)
	at org.testng.remote.RemoteTestNG.initAndRun(RemoteTestNG.java:251)
	at org.testng.remote.RemoteTestNG.main(RemoteTestNG.java:77)
]]>
            </full-stacktrace>
          </exception> <!-- java.lang.AssertionError -->
          <reporter-output>
          </reporter-output>
        </test-method> <!-- Validate_AllergyDetails_Spotlight_Ad_Size -->
        <test-method status="PASS" signature="Verify_Daily_Details_AdUnits()[pri:326, instance:com.twc.ios.app.testcases.SmokeTest@63429932]" name="Verify_Daily_Details_AdUnits" duration-ms="297945" started-at="2022-03-02T21:15:08Z" finished-at="2022-03-02T21:20:06Z">
          <reporter-output>
          </reporter-output>
        </test-method> <!-- Verify_Daily_Details_AdUnits -->
        <test-method status="PASS" signature="Verify_Map_Details_mr_Custom_Parameter()[pri:328, instance:com.twc.ios.app.testcases.SmokeTest@63429932]" name="Verify_Map_Details_mr_Custom_Parameter" duration-ms="113504" started-at="2022-03-02T21:20:06Z" finished-at="2022-03-02T21:22:00Z">
          <reporter-output>
          </reporter-output>
        </test-method> <!-- Verify_Map_Details_mr_Custom_Parameter -->
        <test-method status="PASS" signature="Verify_enable_preConditions_for_WeatherFx_API_Parameters()[pri:351, instance:com.twc.ios.app.testcases.SmokeTest@63429932]" name="Verify_enable_preConditions_for_WeatherFx_API_Parameters" duration-ms="591648" started-at="2022-03-02T21:22:00Z" finished-at="2022-03-02T21:31:51Z">
          <reporter-output>
          </reporter-output>
        </test-method> <!-- Verify_enable_preConditions_for_WeatherFx_API_Parameters -->
        <test-method status="PASS" signature="Validate_MapDetails_wfxtg_Custom_param()[pri:354, instance:com.twc.ios.app.testcases.SmokeTest@63429932]" name="Validate_MapDetails_wfxtg_Custom_param" duration-ms="1100" started-at="2022-03-02T21:31:51Z" finished-at="2022-03-02T21:31:52Z">
          <reporter-output>
          </reporter-output>
        </test-method> <!-- Validate_MapDetails_wfxtg_Custom_param -->
        <test-method status="PASS" signature="Validate_MapDetails_cxtg_Custom_param()[pri:357, instance:com.twc.ios.app.testcases.SmokeTest@63429932]" name="Validate_MapDetails_cxtg_Custom_param" duration-ms="846" started-at="2022-03-02T21:31:52Z" finished-at="2022-03-02T21:31:53Z">
          <reporter-output>
          </reporter-output>
        </test-method> <!-- Validate_MapDetails_cxtg_Custom_param -->
        <test-method status="PASS" signature="Validate_MapDetails_zcs_Custom_param()[pri:360, instance:com.twc.ios.app.testcases.SmokeTest@63429932]" name="Validate_MapDetails_zcs_Custom_param" duration-ms="890" started-at="2022-03-02T21:31:53Z" finished-at="2022-03-02T21:31:54Z">
          <reporter-output>
          </reporter-output>
        </test-method> <!-- Validate_MapDetails_zcs_Custom_param -->
        <test-method status="PASS" signature="Validate_MapDetails_hzcs_Custom_param()[pri:363, instance:com.twc.ios.app.testcases.SmokeTest@63429932]" name="Validate_MapDetails_hzcs_Custom_param" duration-ms="941" started-at="2022-03-02T21:31:54Z" finished-at="2022-03-02T21:31:55Z">
          <reporter-output>
          </reporter-output>
        </test-method> <!-- Validate_MapDetails_hzcs_Custom_param -->
        <test-method status="PASS" signature="Validate_MapDetails_nzcs_Custom_param()[pri:366, instance:com.twc.ios.app.testcases.SmokeTest@63429932]" name="Validate_MapDetails_nzcs_Custom_param" duration-ms="829" started-at="2022-03-02T21:31:55Z" finished-at="2022-03-02T21:31:56Z">
          <reporter-output>
          </reporter-output>
        </test-method> <!-- Validate_MapDetails_nzcs_Custom_param -->
        <test-method status="PASS" signature="Verify_enable_preConditions_for_WeatherFx_API_ParametersFromPlanningCard()[pri:401, instance:com.twc.ios.app.testcases.SmokeTest@63429932]" name="Verify_enable_preConditions_for_WeatherFx_API_ParametersFromPlanningCard" duration-ms="327658" started-at="2022-03-02T21:31:56Z" finished-at="2022-03-02T21:37:24Z">
          <reporter-output>
          </reporter-output>
        </test-method> <!-- Verify_enable_preConditions_for_WeatherFx_API_ParametersFromPlanningCard -->
        <test-method status="PASS" signature="Validate_DailyDetails_Banner_Ad_wfxtg_Custom_param()[pri:404, instance:com.twc.ios.app.testcases.SmokeTest@63429932]" name="Validate_DailyDetails_Banner_Ad_wfxtg_Custom_param" duration-ms="931" started-at="2022-03-02T21:37:24Z" finished-at="2022-03-02T21:37:24Z">
          <reporter-output>
          </reporter-output>
        </test-method> <!-- Validate_DailyDetails_Banner_Ad_wfxtg_Custom_param -->
        <test-method status="PASS" signature="Validate_DailyDetails_Banner_Ad_cxtg_Custom_param()[pri:407, instance:com.twc.ios.app.testcases.SmokeTest@63429932]" name="Validate_DailyDetails_Banner_Ad_cxtg_Custom_param" duration-ms="807" started-at="2022-03-02T21:37:24Z" finished-at="2022-03-02T21:37:25Z">
          <reporter-output>
          </reporter-output>
        </test-method> <!-- Validate_DailyDetails_Banner_Ad_cxtg_Custom_param -->
        <test-method status="PASS" signature="Validate_DailyDetails_Banner_Ad_zcs_Custom_param()[pri:410, instance:com.twc.ios.app.testcases.SmokeTest@63429932]" name="Validate_DailyDetails_Banner_Ad_zcs_Custom_param" duration-ms="762" started-at="2022-03-02T21:37:25Z" finished-at="2022-03-02T21:37:26Z">
          <reporter-output>
          </reporter-output>
        </test-method> <!-- Validate_DailyDetails_Banner_Ad_zcs_Custom_param -->
        <test-method status="PASS" signature="Validate_DailyDetails_Banner_Ad_hzcs_Custom_param()[pri:413, instance:com.twc.ios.app.testcases.SmokeTest@63429932]" name="Validate_DailyDetails_Banner_Ad_hzcs_Custom_param" duration-ms="762" started-at="2022-03-02T21:37:26Z" finished-at="2022-03-02T21:37:27Z">
          <reporter-output>
          </reporter-output>
        </test-method> <!-- Validate_DailyDetails_Banner_Ad_hzcs_Custom_param -->
        <test-method status="PASS" signature="Validate_DailyDetails_Banner_Ad_nzcs_Custom_param()[pri:416, instance:com.twc.ios.app.testcases.SmokeTest@63429932]" name="Validate_DailyDetails_Banner_Ad_nzcs_Custom_param" duration-ms="797" started-at="2022-03-02T21:37:27Z" finished-at="2022-03-02T21:37:28Z">
          <reporter-output>
          </reporter-output>
        </test-method> <!-- Validate_DailyDetails_Banner_Ad_nzcs_Custom_param -->
        <test-method status="PASS" signature="Verify_PrerollAd()[pri:451, instance:com.twc.ios.app.testcases.SmokeTest@63429932]" name="Verify_PrerollAd" duration-ms="200612" started-at="2022-03-02T21:37:28Z" finished-at="2022-03-02T21:40:48Z">
          <reporter-output>
          </reporter-output>
        </test-method> <!-- Verify_PrerollAd -->
        <test-method status="PASS" signature="Validate_PreRollVideo_cmsid_Custom_param()[pri:452, instance:com.twc.ios.app.testcases.SmokeTest@63429932]" name="Validate_PreRollVideo_cmsid_Custom_param" duration-ms="304" started-at="2022-03-02T21:40:48Z" finished-at="2022-03-02T21:40:48Z">
          <reporter-output>
          </reporter-output>
        </test-method> <!-- Validate_PreRollVideo_cmsid_Custom_param -->
        <test-method status="PASS" signature="Validate_PreRollVideo_ttid_Custom_param()[pri:453, instance:com.twc.ios.app.testcases.SmokeTest@63429932]" name="Validate_PreRollVideo_ttid_Custom_param" duration-ms="156" started-at="2022-03-02T21:40:48Z" finished-at="2022-03-02T21:40:49Z">
          <reporter-output>
          </reporter-output>
        </test-method> <!-- Validate_PreRollVideo_ttid_Custom_param -->
        <test-method status="PASS" signature="Validate_PreRollVideo_vid_Custom_param()[pri:454, instance:com.twc.ios.app.testcases.SmokeTest@63429932]" name="Validate_PreRollVideo_vid_Custom_param" duration-ms="177" started-at="2022-03-02T21:40:49Z" finished-at="2022-03-02T21:40:49Z">
          <reporter-output>
          </reporter-output>
        </test-method> <!-- Validate_PreRollVideo_vid_Custom_param -->
        <test-method status="PASS" signature="Validate_PreRollVideo_description_url_Custom_param()[pri:455, instance:com.twc.ios.app.testcases.SmokeTest@63429932]" name="Validate_PreRollVideo_description_url_Custom_param" duration-ms="150" started-at="2022-03-02T21:40:49Z" finished-at="2022-03-02T21:40:49Z">
          <reporter-output>
          </reporter-output>
        </test-method> <!-- Validate_PreRollVideo_description_url_Custom_param -->
        <test-method status="PASS" signature="Validate_PreRollVideo_ref_Custom_param()[pri:456, instance:com.twc.ios.app.testcases.SmokeTest@63429932]" name="Validate_PreRollVideo_ref_Custom_param" duration-ms="159" started-at="2022-03-02T21:40:49Z" finished-at="2022-03-02T21:40:49Z">
          <reporter-output>
          </reporter-output>
        </test-method> <!-- Validate_PreRollVideo_ref_Custom_param -->
        <test-method status="FAIL" signature="Validate_PreRollVideo_dnt_Custom_param()[pri:457, instance:com.twc.ios.app.testcases.SmokeTest@63429932]" name="Validate_PreRollVideo_dnt_Custom_param" duration-ms="146" started-at="2022-03-02T21:40:49Z" finished-at="2022-03-02T21:40:49Z">
          <exception class="java.lang.AssertionError">
            <message>
              <![CDATA[Custom Parameter :dnt value: y is not matched with the expected value n]]>
            </message>
            <full-stacktrace>
              <![CDATA[java.lang.AssertionError: Custom Parameter :dnt value: y is not matched with the expected value n
	at org.testng.Assert.fail(Assert.java:94)
	at com.twc.ios.app.general.Utils.validate_custom_param_val_of_gampad(Utils.java:7956)
	at com.twc.ios.app.testcases.SmokeTest.Validate_PreRollVideo_dnt_Custom_param(SmokeTest.java:2486)
	at sun.reflect.NativeMethodAccessorImpl.invoke0(Native Method)
	at sun.reflect.NativeMethodAccessorImpl.invoke(NativeMethodAccessorImpl.java:62)
	at sun.reflect.DelegatingMethodAccessorImpl.invoke(DelegatingMethodAccessorImpl.java:43)
	at java.lang.reflect.Method.invoke(Method.java:498)
	at org.testng.internal.MethodInvocationHelper.invokeMethod(MethodInvocationHelper.java:86)
	at org.testng.internal.Invoker.invokeMethod(Invoker.java:643)
	at org.testng.internal.Invoker.invokeTestMethod(Invoker.java:820)
	at org.testng.internal.Invoker.invokeTestMethods(Invoker.java:1128)
	at org.testng.internal.TestMethodWorker.invokeTestMethods(TestMethodWorker.java:129)
	at org.testng.internal.TestMethodWorker.run(TestMethodWorker.java:112)
	at org.testng.TestRunner.privateRun(TestRunner.java:782)
	at org.testng.TestRunner.run(TestRunner.java:632)
	at org.testng.SuiteRunner.runTest(SuiteRunner.java:366)
	at org.testng.SuiteRunner.runSequentially(SuiteRunner.java:361)
	at org.testng.SuiteRunner.privateRun(SuiteRunner.java:319)
	at org.testng.SuiteRunner.run(SuiteRunner.java:268)
	at org.testng.SuiteRunnerWorker.runSuite(SuiteRunnerWorker.java:52)
	at org.testng.SuiteRunnerWorker.run(SuiteRunnerWorker.java:86)
	at org.testng.TestNG.runSuitesSequentially(TestNG.java:1244)
	at org.testng.TestNG.runSuitesLocally(TestNG.java:1169)
	at org.testng.TestNG.run(TestNG.java:1064)
	at org.testng.remote.AbstractRemoteTestNG.run(AbstractRemoteTestNG.java:115)
	at org.testng.remote.RemoteTestNG.initAndRun(RemoteTestNG.java:251)
	at org.testng.remote.RemoteTestNG.main(RemoteTestNG.java:77)
]]>
            </full-stacktrace>
          </exception> <!-- java.lang.AssertionError -->
          <reporter-output>
          </reporter-output>
        </test-method> <!-- Validate_PreRollVideo_dnt_Custom_param -->
        <test-method status="PASS" signature="Validate_PreRollVideo_wfxtg_Custom_param()[pri:460, instance:com.twc.ios.app.testcases.SmokeTest@63429932]" name="Validate_PreRollVideo_wfxtg_Custom_param" duration-ms="154" started-at="2022-03-02T21:40:49Z" finished-at="2022-03-02T21:40:49Z">
          <reporter-output>
          </reporter-output>
        </test-method> <!-- Validate_PreRollVideo_wfxtg_Custom_param -->
        <test-method status="PASS" signature="Validate_PreRollVideo_cxtg_Custom_param()[pri:461, instance:com.twc.ios.app.testcases.SmokeTest@63429932]" name="Validate_PreRollVideo_cxtg_Custom_param" duration-ms="144" started-at="2022-03-02T21:40:49Z" finished-at="2022-03-02T21:40:50Z">
          <reporter-output>
          </reporter-output>
        </test-method> <!-- Validate_PreRollVideo_cxtg_Custom_param -->
        <test-method status="PASS" signature="Validate_PreRollVideo_zcs_Custom_param()[pri:462, instance:com.twc.ios.app.testcases.SmokeTest@63429932]" name="Validate_PreRollVideo_zcs_Custom_param" duration-ms="153" started-at="2022-03-02T21:40:50Z" finished-at="2022-03-02T21:40:50Z">
          <reporter-output>
          </reporter-output>
        </test-method> <!-- Validate_PreRollVideo_zcs_Custom_param -->
        <test-method status="PASS" signature="Validate_PreRollVideo_hzcs_Custom_param()[pri:463, instance:com.twc.ios.app.testcases.SmokeTest@63429932]" name="Validate_PreRollVideo_hzcs_Custom_param" duration-ms="147" started-at="2022-03-02T21:40:50Z" finished-at="2022-03-02T21:40:50Z">
          <reporter-output>
          </reporter-output>
        </test-method> <!-- Validate_PreRollVideo_hzcs_Custom_param -->
        <test-method status="PASS" signature="Validate_PreRollVideo_nzcs_Custom_param()[pri:464, instance:com.twc.ios.app.testcases.SmokeTest@63429932]" name="Validate_PreRollVideo_nzcs_Custom_param" duration-ms="139" started-at="2022-03-02T21:40:50Z" finished-at="2022-03-02T21:40:50Z">
          <reporter-output>
          </reporter-output>
        </test-method> <!-- Validate_PreRollVideo_nzcs_Custom_param -->
        <test-method status="PASS" signature="Validate_IMA_SDK_version()[pri:475, instance:com.twc.ios.app.testcases.SmokeTest@63429932]" name="Validate_IMA_SDK_version" duration-ms="142" started-at="2022-03-02T21:40:50Z" finished-at="2022-03-02T21:40:50Z">
          <reporter-output>
          </reporter-output>
        </test-method> <!-- Validate_IMA_SDK_version -->
        <test-method status="PASS" signature="Verify_Hourly_Details_BigAd1_Adcall()[pri:501, instance:com.twc.ios.app.testcases.SmokeTest@63429932]" name="Verify_Hourly_Details_BigAd1_Adcall" duration-ms="166278" started-at="2022-03-02T21:40:50Z" finished-at="2022-03-02T21:43:36Z">
          <reporter-output>
          </reporter-output>
        </test-method> <!-- Verify_Hourly_Details_BigAd1_Adcall -->
        <test-method status="PASS" signature="Verify_Hourly_Details_BigAd2_Adcall()[pri:502, instance:com.twc.ios.app.testcases.SmokeTest@63429932]" name="Verify_Hourly_Details_BigAd2_Adcall" duration-ms="188" started-at="2022-03-02T21:43:36Z" finished-at="2022-03-02T21:43:37Z">
          <reporter-output>
          </reporter-output>
        </test-method> <!-- Verify_Hourly_Details_BigAd2_Adcall -->
        <test-method status="PASS" signature="Verify_Hourly_Details_BigAd3_Adcall()[pri:503, instance:com.twc.ios.app.testcases.SmokeTest@63429932]" name="Verify_Hourly_Details_BigAd3_Adcall" duration-ms="67" started-at="2022-03-02T21:43:37Z" finished-at="2022-03-02T21:43:37Z">
          <reporter-output>
          </reporter-output>
        </test-method> <!-- Verify_Hourly_Details_BigAd3_Adcall -->
        <test-method status="PASS" signature="kill_and_Launch_app_for_api_calls()[pri:600, instance:com.twc.ios.app.testcases.SmokeTest@63429932]" name="kill_and_Launch_app_for_api_calls" duration-ms="111139" started-at="2022-03-02T21:43:37Z" finished-at="2022-03-02T21:45:28Z">
          <reporter-output>
          </reporter-output>
        </test-method> <!-- kill_and_Launch_app_for_api_calls -->
        <test-method status="FAIL" signature="Verify_Lotame_Call_On_KillAndLaunch()[pri:601, instance:com.twc.ios.app.testcases.SmokeTest@63429932]" name="Verify_Lotame_Call_On_KillAndLaunch" duration-ms="169" started-at="2022-03-02T21:45:28Z" finished-at="2022-03-02T21:45:28Z">
          <exception class="java.lang.AssertionError">
            <message>
              <![CDATA[bcp.crwdcntrl.net ad call is not present]]>
            </message>
            <full-stacktrace>
              <![CDATA[java.lang.AssertionError: bcp.crwdcntrl.net ad call is not present
	at org.testng.Assert.fail(Assert.java:94)
	at com.twc.ios.app.general.Utils.verifyAPICal(Utils.java:1318)
	at com.twc.ios.app.testcases.SmokeTest.Verify_Lotame_Call_On_KillAndLaunch(SmokeTest.java:2649)
	at sun.reflect.NativeMethodAccessorImpl.invoke0(Native Method)
	at sun.reflect.NativeMethodAccessorImpl.invoke(NativeMethodAccessorImpl.java:62)
	at sun.reflect.DelegatingMethodAccessorImpl.invoke(DelegatingMethodAccessorImpl.java:43)
	at java.lang.reflect.Method.invoke(Method.java:498)
	at org.testng.internal.MethodInvocationHelper.invokeMethod(MethodInvocationHelper.java:86)
	at org.testng.internal.Invoker.invokeMethod(Invoker.java:643)
	at org.testng.internal.Invoker.invokeTestMethod(Invoker.java:820)
	at org.testng.internal.Invoker.invokeTestMethods(Invoker.java:1128)
	at org.testng.internal.TestMethodWorker.invokeTestMethods(TestMethodWorker.java:129)
	at org.testng.internal.TestMethodWorker.run(TestMethodWorker.java:112)
	at org.testng.TestRunner.privateRun(TestRunner.java:782)
	at org.testng.TestRunner.run(TestRunner.java:632)
	at org.testng.SuiteRunner.runTest(SuiteRunner.java:366)
	at org.testng.SuiteRunner.runSequentially(SuiteRunner.java:361)
	at org.testng.SuiteRunner.privateRun(SuiteRunner.java:319)
	at org.testng.SuiteRunner.run(SuiteRunner.java:268)
	at org.testng.SuiteRunnerWorker.runSuite(SuiteRunnerWorker.java:52)
	at org.testng.SuiteRunnerWorker.run(SuiteRunnerWorker.java:86)
	at org.testng.TestNG.runSuitesSequentially(TestNG.java:1244)
	at org.testng.TestNG.runSuitesLocally(TestNG.java:1169)
	at org.testng.TestNG.run(TestNG.java:1064)
	at org.testng.remote.AbstractRemoteTestNG.run(AbstractRemoteTestNG.java:115)
	at org.testng.remote.RemoteTestNG.initAndRun(RemoteTestNG.java:251)
	at org.testng.remote.RemoteTestNG.main(RemoteTestNG.java:77)
]]>
            </full-stacktrace>
          </exception> <!-- java.lang.AssertionError -->
          <reporter-output>
          </reporter-output>
        </test-method> <!-- Verify_Lotame_Call_On_KillAndLaunch -->
        <test-method status="PASS" signature="Verify_TurboAPI_Call_On_KillAndLaunch()[pri:602, instance:com.twc.ios.app.testcases.SmokeTest@63429932]" name="Verify_TurboAPI_Call_On_KillAndLaunch" duration-ms="166" started-at="2022-03-02T21:45:28Z" finished-at="2022-03-02T21:45:28Z">
          <reporter-output>
          </reporter-output>
        </test-method> <!-- Verify_TurboAPI_Call_On_KillAndLaunch -->
        <test-method status="PASS" signature="Verify_WFXTriggers_Call_On_KillAndLaunch()[pri:603, instance:com.twc.ios.app.testcases.SmokeTest@63429932]" name="Verify_WFXTriggers_Call_On_KillAndLaunch" duration-ms="156" started-at="2022-03-02T21:45:28Z" finished-at="2022-03-02T21:45:28Z">
          <reporter-output>
          </reporter-output>
        </test-method> <!-- Verify_WFXTriggers_Call_On_KillAndLaunch -->
        <test-method status="PASS" signature="Verify_LocationWFXTriggers_Call_On_KillAndLaunch()[pri:604, instance:com.twc.ios.app.testcases.SmokeTest@63429932]" name="Verify_LocationWFXTriggers_Call_On_KillAndLaunch" duration-ms="158" started-at="2022-03-02T21:45:28Z" finished-at="2022-03-02T21:45:29Z">
          <reporter-output>
          </reporter-output>
        </test-method> <!-- Verify_LocationWFXTriggers_Call_On_KillAndLaunch -->
        <test-method status="FAIL" signature="Validate_Amazon_SDK_adsdk_parameter()[pri:625, instance:com.twc.ios.app.testcases.SmokeTest@63429932]" name="Validate_Amazon_SDK_adsdk_parameter" duration-ms="151" started-at="2022-03-02T21:45:29Z" finished-at="2022-03-02T21:45:29Z">
          <exception class="java.lang.AssertionError">
            <message>
              <![CDATA[amazon-adsystem.com/e/msdk/ads? call is not present in Charles session, hence Custom Parameter: adsdk validation skipped]]>
            </message>
            <full-stacktrace>
              <![CDATA[java.lang.AssertionError: amazon-adsystem.com/e/msdk/ads? call is not present in Charles session, hence Custom Parameter: adsdk validation skipped
	at org.testng.Assert.fail(Assert.java:94)
	at com.twc.ios.app.general.Utils.validate_Amazon_aax_call_parameter(Utils.java:10961)
	at com.twc.ios.app.testcases.SmokeTest.Validate_Amazon_SDK_adsdk_parameter(SmokeTest.java:2702)
	at sun.reflect.NativeMethodAccessorImpl.invoke0(Native Method)
	at sun.reflect.NativeMethodAccessorImpl.invoke(NativeMethodAccessorImpl.java:62)
	at sun.reflect.DelegatingMethodAccessorImpl.invoke(DelegatingMethodAccessorImpl.java:43)
	at java.lang.reflect.Method.invoke(Method.java:498)
	at org.testng.internal.MethodInvocationHelper.invokeMethod(MethodInvocationHelper.java:86)
	at org.testng.internal.Invoker.invokeMethod(Invoker.java:643)
	at org.testng.internal.Invoker.invokeTestMethod(Invoker.java:820)
	at org.testng.internal.Invoker.invokeTestMethods(Invoker.java:1128)
	at org.testng.internal.TestMethodWorker.invokeTestMethods(TestMethodWorker.java:129)
	at org.testng.internal.TestMethodWorker.run(TestMethodWorker.java:112)
	at org.testng.TestRunner.privateRun(TestRunner.java:782)
	at org.testng.TestRunner.run(TestRunner.java:632)
	at org.testng.SuiteRunner.runTest(SuiteRunner.java:366)
	at org.testng.SuiteRunner.runSequentially(SuiteRunner.java:361)
	at org.testng.SuiteRunner.privateRun(SuiteRunner.java:319)
	at org.testng.SuiteRunner.run(SuiteRunner.java:268)
	at org.testng.SuiteRunnerWorker.runSuite(SuiteRunnerWorker.java:52)
	at org.testng.SuiteRunnerWorker.run(SuiteRunnerWorker.java:86)
	at org.testng.TestNG.runSuitesSequentially(TestNG.java:1244)
	at org.testng.TestNG.runSuitesLocally(TestNG.java:1169)
	at org.testng.TestNG.run(TestNG.java:1064)
	at org.testng.remote.AbstractRemoteTestNG.run(AbstractRemoteTestNG.java:115)
	at org.testng.remote.RemoteTestNG.initAndRun(RemoteTestNG.java:251)
	at org.testng.remote.RemoteTestNG.main(RemoteTestNG.java:77)
]]>
            </full-stacktrace>
          </exception> <!-- java.lang.AssertionError -->
          <reporter-output>
          </reporter-output>
        </test-method> <!-- Validate_Amazon_SDK_adsdk_parameter -->
        <test-method status="PASS" signature="Validate_GMA_SDK_version()[pri:626, instance:com.twc.ios.app.testcases.SmokeTest@63429932]" name="Validate_GMA_SDK_version" duration-ms="157" started-at="2022-03-02T21:45:29Z" finished-at="2022-03-02T21:45:29Z">
          <reporter-output>
          </reporter-output>
        </test-method> <!-- Validate_GMA_SDK_version -->
        <test-method status="FAIL" signature="Validate_Criteo_SDK_config_app_Call_sdkVersion_parameter()[pri:627, instance:com.twc.ios.app.testcases.SmokeTest@63429932]" name="Validate_Criteo_SDK_config_app_Call_sdkVersion_parameter" duration-ms="152" started-at="2022-03-02T21:45:29Z" finished-at="2022-03-02T21:45:29Z">
          <exception class="java.lang.AssertionError">
            <message>
              <![CDATA[bidder.criteo.com/config/app call is not present in Charles session, hence Custom Parameter: sdkVersion validation skipped]]>
            </message>
            <full-stacktrace>
              <![CDATA[java.lang.AssertionError: bidder.criteo.com/config/app call is not present in Charles session, hence Custom Parameter: sdkVersion validation skipped
	at org.testng.Assert.fail(Assert.java:94)
	at com.twc.ios.app.general.Utils.validate_Criteo_SDK_config_app_call_parameter(Utils.java:9082)
	at com.twc.ios.app.testcases.SmokeTest.Validate_Criteo_SDK_config_app_Call_sdkVersion_parameter(SmokeTest.java:2729)
	at sun.reflect.NativeMethodAccessorImpl.invoke0(Native Method)
	at sun.reflect.NativeMethodAccessorImpl.invoke(NativeMethodAccessorImpl.java:62)
	at sun.reflect.DelegatingMethodAccessorImpl.invoke(DelegatingMethodAccessorImpl.java:43)
	at java.lang.reflect.Method.invoke(Method.java:498)
	at org.testng.internal.MethodInvocationHelper.invokeMethod(MethodInvocationHelper.java:86)
	at org.testng.internal.Invoker.invokeMethod(Invoker.java:643)
	at org.testng.internal.Invoker.invokeTestMethod(Invoker.java:820)
	at org.testng.internal.Invoker.invokeTestMethods(Invoker.java:1128)
	at org.testng.internal.TestMethodWorker.invokeTestMethods(TestMethodWorker.java:129)
	at org.testng.internal.TestMethodWorker.run(TestMethodWorker.java:112)
	at org.testng.TestRunner.privateRun(TestRunner.java:782)
	at org.testng.TestRunner.run(TestRunner.java:632)
	at org.testng.SuiteRunner.runTest(SuiteRunner.java:366)
	at org.testng.SuiteRunner.runSequentially(SuiteRunner.java:361)
	at org.testng.SuiteRunner.privateRun(SuiteRunner.java:319)
	at org.testng.SuiteRunner.run(SuiteRunner.java:268)
	at org.testng.SuiteRunnerWorker.runSuite(SuiteRunnerWorker.java:52)
	at org.testng.SuiteRunnerWorker.run(SuiteRunnerWorker.java:86)
	at org.testng.TestNG.runSuitesSequentially(TestNG.java:1244)
	at org.testng.TestNG.runSuitesLocally(TestNG.java:1169)
	at org.testng.TestNG.run(TestNG.java:1064)
	at org.testng.remote.AbstractRemoteTestNG.run(AbstractRemoteTestNG.java:115)
	at org.testng.remote.RemoteTestNG.initAndRun(RemoteTestNG.java:251)
	at org.testng.remote.RemoteTestNG.main(RemoteTestNG.java:77)
]]>
            </full-stacktrace>
          </exception> <!-- java.lang.AssertionError -->
          <reporter-output>
          </reporter-output>
        </test-method> <!-- Validate_Criteo_SDK_config_app_Call_sdkVersion_parameter -->
        <test-method status="FAIL" signature="Validate_Criteo_SDK_Bidder_API_Call_Response_Code()[pri:651, instance:com.twc.ios.app.testcases.SmokeTest@63429932]" name="Validate_Criteo_SDK_Bidder_API_Call_Response_Code" duration-ms="154" started-at="2022-03-02T21:45:29Z" finished-at="2022-03-02T21:45:29Z">
          <exception class="java.lang.AssertionError">
            <message>
              <![CDATA[bidder.criteo.com/inapp/v2 call is not present in Charles session, hence response code validation is failed]]>
            </message>
            <full-stacktrace>
              <![CDATA[java.lang.AssertionError: bidder.criteo.com/inapp/v2 call is not present in Charles session, hence response code validation is failed
	at org.testng.Assert.fail(Assert.java:94)
	at com.twc.ios.app.general.Utils.verifyCriteo_inapp_v2_Call_ReponseStatusCode(Utils.java:11251)
	at com.twc.ios.app.testcases.SmokeTest.Validate_Criteo_SDK_Bidder_API_Call_Response_Code(SmokeTest.java:2742)
	at sun.reflect.NativeMethodAccessorImpl.invoke0(Native Method)
	at sun.reflect.NativeMethodAccessorImpl.invoke(NativeMethodAccessorImpl.java:62)
	at sun.reflect.DelegatingMethodAccessorImpl.invoke(DelegatingMethodAccessorImpl.java:43)
	at java.lang.reflect.Method.invoke(Method.java:498)
	at org.testng.internal.MethodInvocationHelper.invokeMethod(MethodInvocationHelper.java:86)
	at org.testng.internal.Invoker.invokeMethod(Invoker.java:643)
	at org.testng.internal.Invoker.invokeTestMethod(Invoker.java:820)
	at org.testng.internal.Invoker.invokeTestMethods(Invoker.java:1128)
	at org.testng.internal.TestMethodWorker.invokeTestMethods(TestMethodWorker.java:129)
	at org.testng.internal.TestMethodWorker.run(TestMethodWorker.java:112)
	at org.testng.TestRunner.privateRun(TestRunner.java:782)
	at org.testng.TestRunner.run(TestRunner.java:632)
	at org.testng.SuiteRunner.runTest(SuiteRunner.java:366)
	at org.testng.SuiteRunner.runSequentially(SuiteRunner.java:361)
	at org.testng.SuiteRunner.privateRun(SuiteRunner.java:319)
	at org.testng.SuiteRunner.run(SuiteRunner.java:268)
	at org.testng.SuiteRunnerWorker.runSuite(SuiteRunnerWorker.java:52)
	at org.testng.SuiteRunnerWorker.run(SuiteRunnerWorker.java:86)
	at org.testng.TestNG.runSuitesSequentially(TestNG.java:1244)
	at org.testng.TestNG.runSuitesLocally(TestNG.java:1169)
	at org.testng.TestNG.run(TestNG.java:1064)
	at org.testng.remote.AbstractRemoteTestNG.run(AbstractRemoteTestNG.java:115)
	at org.testng.remote.RemoteTestNG.initAndRun(RemoteTestNG.java:251)
	at org.testng.remote.RemoteTestNG.main(RemoteTestNG.java:77)
]]>
            </full-stacktrace>
          </exception> <!-- java.lang.AssertionError -->
          <reporter-output>
          </reporter-output>
        </test-method> <!-- Validate_Criteo_SDK_Bidder_API_Call_Response_Code -->
        <test-method status="FAIL" signature="Validate_Criteo_SDK_Initialization_API_Call_Response_Code()[pri:652, instance:com.twc.ios.app.testcases.SmokeTest@63429932]" name="Validate_Criteo_SDK_Initialization_API_Call_Response_Code" duration-ms="164" started-at="2022-03-02T21:45:29Z" finished-at="2022-03-02T21:45:29Z">
          <exception class="java.lang.AssertionError">
            <message>
              <![CDATA[bidder.criteo.com/config/app call is not present in Charles session, hence response code validation is failed]]>
            </message>
            <full-stacktrace>
              <![CDATA[java.lang.AssertionError: bidder.criteo.com/config/app call is not present in Charles session, hence response code validation is failed
	at org.testng.Assert.fail(Assert.java:94)
	at com.twc.ios.app.general.Utils.verifyCriteo_config_app_Call_ReponseStatusCode(Utils.java:11295)
	at com.twc.ios.app.testcases.SmokeTest.Validate_Criteo_SDK_Initialization_API_Call_Response_Code(SmokeTest.java:2755)
	at sun.reflect.NativeMethodAccessorImpl.invoke0(Native Method)
	at sun.reflect.NativeMethodAccessorImpl.invoke(NativeMethodAccessorImpl.java:62)
	at sun.reflect.DelegatingMethodAccessorImpl.invoke(DelegatingMethodAccessorImpl.java:43)
	at java.lang.reflect.Method.invoke(Method.java:498)
	at org.testng.internal.MethodInvocationHelper.invokeMethod(MethodInvocationHelper.java:86)
	at org.testng.internal.Invoker.invokeMethod(Invoker.java:643)
	at org.testng.internal.Invoker.invokeTestMethod(Invoker.java:820)
	at org.testng.internal.Invoker.invokeTestMethods(Invoker.java:1128)
	at org.testng.internal.TestMethodWorker.invokeTestMethods(TestMethodWorker.java:129)
	at org.testng.internal.TestMethodWorker.run(TestMethodWorker.java:112)
	at org.testng.TestRunner.privateRun(TestRunner.java:782)
	at org.testng.TestRunner.run(TestRunner.java:632)
	at org.testng.SuiteRunner.runTest(SuiteRunner.java:366)
	at org.testng.SuiteRunner.runSequentially(SuiteRunner.java:361)
	at org.testng.SuiteRunner.privateRun(SuiteRunner.java:319)
	at org.testng.SuiteRunner.run(SuiteRunner.java:268)
	at org.testng.SuiteRunnerWorker.runSuite(SuiteRunnerWorker.java:52)
	at org.testng.SuiteRunnerWorker.run(SuiteRunnerWorker.java:86)
	at org.testng.TestNG.runSuitesSequentially(TestNG.java:1244)
	at org.testng.TestNG.runSuitesLocally(TestNG.java:1169)
	at org.testng.TestNG.run(TestNG.java:1064)
	at org.testng.remote.AbstractRemoteTestNG.run(AbstractRemoteTestNG.java:115)
	at org.testng.remote.RemoteTestNG.initAndRun(RemoteTestNG.java:251)
	at org.testng.remote.RemoteTestNG.main(RemoteTestNG.java:77)
]]>
            </full-stacktrace>
          </exception> <!-- java.lang.AssertionError -->
          <reporter-output>
          </reporter-output>
        </test-method> <!-- Validate_Criteo_SDK_Initialization_API_Call_Response_Code -->
        <test-method status="FAIL" signature="Validate_Criteo_SDK_Initialization_API_Call_Response_Parameter_csmEnabled()[pri:653, instance:com.twc.ios.app.testcases.SmokeTest@63429932]" name="Validate_Criteo_SDK_Initialization_API_Call_Response_Parameter_csmEnabled" duration-ms="175" started-at="2022-03-02T21:45:29Z" finished-at="2022-03-02T21:45:29Z">
          <exception class="java.lang.AssertionError">
            <message>
              <![CDATA[bidder.criteo.com/config/app call is not present in Charles session, hence Custom Parameter: csmEnabled validation skipped]]>
            </message>
            <full-stacktrace>
              <![CDATA[java.lang.AssertionError: bidder.criteo.com/config/app call is not present in Charles session, hence Custom Parameter: csmEnabled validation skipped
	at org.testng.Assert.fail(Assert.java:94)
	at com.twc.ios.app.general.Utils.validate_Criteo_SDK_config_app_call_response_parameter(Utils.java:11549)
	at com.twc.ios.app.testcases.SmokeTest.Validate_Criteo_SDK_Initialization_API_Call_Response_Parameter_csmEnabled(SmokeTest.java:2770)
	at sun.reflect.NativeMethodAccessorImpl.invoke0(Native Method)
	at sun.reflect.NativeMethodAccessorImpl.invoke(NativeMethodAccessorImpl.java:62)
	at sun.reflect.DelegatingMethodAccessorImpl.invoke(DelegatingMethodAccessorImpl.java:43)
	at java.lang.reflect.Method.invoke(Method.java:498)
	at org.testng.internal.MethodInvocationHelper.invokeMethod(MethodInvocationHelper.java:86)
	at org.testng.internal.Invoker.invokeMethod(Invoker.java:643)
	at org.testng.internal.Invoker.invokeTestMethod(Invoker.java:820)
	at org.testng.internal.Invoker.invokeTestMethods(Invoker.java:1128)
	at org.testng.internal.TestMethodWorker.invokeTestMethods(TestMethodWorker.java:129)
	at org.testng.internal.TestMethodWorker.run(TestMethodWorker.java:112)
	at org.testng.TestRunner.privateRun(TestRunner.java:782)
	at org.testng.TestRunner.run(TestRunner.java:632)
	at org.testng.SuiteRunner.runTest(SuiteRunner.java:366)
	at org.testng.SuiteRunner.runSequentially(SuiteRunner.java:361)
	at org.testng.SuiteRunner.privateRun(SuiteRunner.java:319)
	at org.testng.SuiteRunner.run(SuiteRunner.java:268)
	at org.testng.SuiteRunnerWorker.runSuite(SuiteRunnerWorker.java:52)
	at org.testng.SuiteRunnerWorker.run(SuiteRunnerWorker.java:86)
	at org.testng.TestNG.runSuitesSequentially(TestNG.java:1244)
	at org.testng.TestNG.runSuitesLocally(TestNG.java:1169)
	at org.testng.TestNG.run(TestNG.java:1064)
	at org.testng.remote.AbstractRemoteTestNG.run(AbstractRemoteTestNG.java:115)
	at org.testng.remote.RemoteTestNG.initAndRun(RemoteTestNG.java:251)
	at org.testng.remote.RemoteTestNG.main(RemoteTestNG.java:77)
]]>
            </full-stacktrace>
          </exception> <!-- java.lang.AssertionError -->
          <reporter-output>
          </reporter-output>
        </test-method> <!-- Validate_Criteo_SDK_Initialization_API_Call_Response_Parameter_csmEnabled -->
        <test-method status="FAIL" signature="Validate_Criteo_SDK_Initialization_API_Call_Response_Parameter_liveBiddingEnabled()[pri:654, instance:com.twc.ios.app.testcases.SmokeTest@63429932]" name="Validate_Criteo_SDK_Initialization_API_Call_Response_Parameter_liveBiddingEnabled" duration-ms="151" started-at="2022-03-02T21:45:29Z" finished-at="2022-03-02T21:45:30Z">
          <exception class="java.lang.AssertionError">
            <message>
              <![CDATA[bidder.criteo.com/config/app call is not present in Charles session, hence Custom Parameter: liveBiddingEnabled validation skipped]]>
            </message>
            <full-stacktrace>
              <![CDATA[java.lang.AssertionError: bidder.criteo.com/config/app call is not present in Charles session, hence Custom Parameter: liveBiddingEnabled validation skipped
	at org.testng.Assert.fail(Assert.java:94)
	at com.twc.ios.app.general.Utils.validate_Criteo_SDK_config_app_call_response_parameter(Utils.java:11549)
	at com.twc.ios.app.testcases.SmokeTest.Validate_Criteo_SDK_Initialization_API_Call_Response_Parameter_liveBiddingEnabled(SmokeTest.java:2785)
	at sun.reflect.NativeMethodAccessorImpl.invoke0(Native Method)
	at sun.reflect.NativeMethodAccessorImpl.invoke(NativeMethodAccessorImpl.java:62)
	at sun.reflect.DelegatingMethodAccessorImpl.invoke(DelegatingMethodAccessorImpl.java:43)
	at java.lang.reflect.Method.invoke(Method.java:498)
	at org.testng.internal.MethodInvocationHelper.invokeMethod(MethodInvocationHelper.java:86)
	at org.testng.internal.Invoker.invokeMethod(Invoker.java:643)
	at org.testng.internal.Invoker.invokeTestMethod(Invoker.java:820)
	at org.testng.internal.Invoker.invokeTestMethods(Invoker.java:1128)
	at org.testng.internal.TestMethodWorker.invokeTestMethods(TestMethodWorker.java:129)
	at org.testng.internal.TestMethodWorker.run(TestMethodWorker.java:112)
	at org.testng.TestRunner.privateRun(TestRunner.java:782)
	at org.testng.TestRunner.run(TestRunner.java:632)
	at org.testng.SuiteRunner.runTest(SuiteRunner.java:366)
	at org.testng.SuiteRunner.runSequentially(SuiteRunner.java:361)
	at org.testng.SuiteRunner.privateRun(SuiteRunner.java:319)
	at org.testng.SuiteRunner.run(SuiteRunner.java:268)
	at org.testng.SuiteRunnerWorker.runSuite(SuiteRunnerWorker.java:52)
	at org.testng.SuiteRunnerWorker.run(SuiteRunnerWorker.java:86)
	at org.testng.TestNG.runSuitesSequentially(TestNG.java:1244)
	at org.testng.TestNG.runSuitesLocally(TestNG.java:1169)
	at org.testng.TestNG.run(TestNG.java:1064)
	at org.testng.remote.AbstractRemoteTestNG.run(AbstractRemoteTestNG.java:115)
	at org.testng.remote.RemoteTestNG.initAndRun(RemoteTestNG.java:251)
	at org.testng.remote.RemoteTestNG.main(RemoteTestNG.java:77)
]]>
            </full-stacktrace>
          </exception> <!-- java.lang.AssertionError -->
          <reporter-output>
          </reporter-output>
        </test-method> <!-- Validate_Criteo_SDK_Initialization_API_Call_Response_Parameter_liveBiddingEnabled -->
        <test-method status="FAIL" signature="Validate_Criteo_SDK_Initialization_API_Call_Response_Parameter_prefetchOnInitEnabled()[pri:656, instance:com.twc.ios.app.testcases.SmokeTest@63429932]" name="Validate_Criteo_SDK_Initialization_API_Call_Response_Parameter_prefetchOnInitEnabled" duration-ms="150" started-at="2022-03-02T21:45:30Z" finished-at="2022-03-02T21:45:30Z">
          <exception class="java.lang.AssertionError">
            <message>
              <![CDATA[bidder.criteo.com/config/app call is not present in Charles session, hence Custom Parameter: prefetchOnInitEnabled validation skipped]]>
            </message>
            <full-stacktrace>
              <![CDATA[java.lang.AssertionError: bidder.criteo.com/config/app call is not present in Charles session, hence Custom Parameter: prefetchOnInitEnabled validation skipped
	at org.testng.Assert.fail(Assert.java:94)
	at com.twc.ios.app.general.Utils.validate_Criteo_SDK_config_app_call_response_parameter(Utils.java:11549)
	at com.twc.ios.app.testcases.SmokeTest.Validate_Criteo_SDK_Initialization_API_Call_Response_Parameter_prefetchOnInitEnabled(SmokeTest.java:2820)
	at sun.reflect.NativeMethodAccessorImpl.invoke0(Native Method)
	at sun.reflect.NativeMethodAccessorImpl.invoke(NativeMethodAccessorImpl.java:62)
	at sun.reflect.DelegatingMethodAccessorImpl.invoke(DelegatingMethodAccessorImpl.java:43)
	at java.lang.reflect.Method.invoke(Method.java:498)
	at org.testng.internal.MethodInvocationHelper.invokeMethod(MethodInvocationHelper.java:86)
	at org.testng.internal.Invoker.invokeMethod(Invoker.java:643)
	at org.testng.internal.Invoker.invokeTestMethod(Invoker.java:820)
	at org.testng.internal.Invoker.invokeTestMethods(Invoker.java:1128)
	at org.testng.internal.TestMethodWorker.invokeTestMethods(TestMethodWorker.java:129)
	at org.testng.internal.TestMethodWorker.run(TestMethodWorker.java:112)
	at org.testng.TestRunner.privateRun(TestRunner.java:782)
	at org.testng.TestRunner.run(TestRunner.java:632)
	at org.testng.SuiteRunner.runTest(SuiteRunner.java:366)
	at org.testng.SuiteRunner.runSequentially(SuiteRunner.java:361)
	at org.testng.SuiteRunner.privateRun(SuiteRunner.java:319)
	at org.testng.SuiteRunner.run(SuiteRunner.java:268)
	at org.testng.SuiteRunnerWorker.runSuite(SuiteRunnerWorker.java:52)
	at org.testng.SuiteRunnerWorker.run(SuiteRunnerWorker.java:86)
	at org.testng.TestNG.runSuitesSequentially(TestNG.java:1244)
	at org.testng.TestNG.runSuitesLocally(TestNG.java:1169)
	at org.testng.TestNG.run(TestNG.java:1064)
	at org.testng.remote.AbstractRemoteTestNG.run(AbstractRemoteTestNG.java:115)
	at org.testng.remote.RemoteTestNG.initAndRun(RemoteTestNG.java:251)
	at org.testng.remote.RemoteTestNG.main(RemoteTestNG.java:77)
]]>
            </full-stacktrace>
          </exception> <!-- java.lang.AssertionError -->
          <reporter-output>
          </reporter-output>
        </test-method> <!-- Validate_Criteo_SDK_Initialization_API_Call_Response_Parameter_prefetchOnInitEnabled -->
        <test-method status="FAIL" signature="Validate_Criteo_SDK_Initialization_API_Call_Response_Parameter_remoteLogLevel()[pri:657, instance:com.twc.ios.app.testcases.SmokeTest@63429932]" name="Validate_Criteo_SDK_Initialization_API_Call_Response_Parameter_remoteLogLevel" duration-ms="148" started-at="2022-03-02T21:45:30Z" finished-at="2022-03-02T21:45:30Z">
          <exception class="java.lang.AssertionError">
            <message>
              <![CDATA[bidder.criteo.com/config/app call is not present in Charles session, hence Custom Parameter: remoteLogLevel validation skipped]]>
            </message>
            <full-stacktrace>
              <![CDATA[java.lang.AssertionError: bidder.criteo.com/config/app call is not present in Charles session, hence Custom Parameter: remoteLogLevel validation skipped
	at org.testng.Assert.fail(Assert.java:94)
	at com.twc.ios.app.general.Utils.validate_Criteo_SDK_config_app_call_response_parameter(Utils.java:11549)
	at com.twc.ios.app.testcases.SmokeTest.Validate_Criteo_SDK_Initialization_API_Call_Response_Parameter_remoteLogLevel(SmokeTest.java:2835)
	at sun.reflect.NativeMethodAccessorImpl.invoke0(Native Method)
	at sun.reflect.NativeMethodAccessorImpl.invoke(NativeMethodAccessorImpl.java:62)
	at sun.reflect.DelegatingMethodAccessorImpl.invoke(DelegatingMethodAccessorImpl.java:43)
	at java.lang.reflect.Method.invoke(Method.java:498)
	at org.testng.internal.MethodInvocationHelper.invokeMethod(MethodInvocationHelper.java:86)
	at org.testng.internal.Invoker.invokeMethod(Invoker.java:643)
	at org.testng.internal.Invoker.invokeTestMethod(Invoker.java:820)
	at org.testng.internal.Invoker.invokeTestMethods(Invoker.java:1128)
	at org.testng.internal.TestMethodWorker.invokeTestMethods(TestMethodWorker.java:129)
	at org.testng.internal.TestMethodWorker.run(TestMethodWorker.java:112)
	at org.testng.TestRunner.privateRun(TestRunner.java:782)
	at org.testng.TestRunner.run(TestRunner.java:632)
	at org.testng.SuiteRunner.runTest(SuiteRunner.java:366)
	at org.testng.SuiteRunner.runSequentially(SuiteRunner.java:361)
	at org.testng.SuiteRunner.privateRun(SuiteRunner.java:319)
	at org.testng.SuiteRunner.run(SuiteRunner.java:268)
	at org.testng.SuiteRunnerWorker.runSuite(SuiteRunnerWorker.java:52)
	at org.testng.SuiteRunnerWorker.run(SuiteRunnerWorker.java:86)
	at org.testng.TestNG.runSuitesSequentially(TestNG.java:1244)
	at org.testng.TestNG.runSuitesLocally(TestNG.java:1169)
	at org.testng.TestNG.run(TestNG.java:1064)
	at org.testng.remote.AbstractRemoteTestNG.run(AbstractRemoteTestNG.java:115)
	at org.testng.remote.RemoteTestNG.initAndRun(RemoteTestNG.java:251)
	at org.testng.remote.RemoteTestNG.main(RemoteTestNG.java:77)
]]>
            </full-stacktrace>
          </exception> <!-- java.lang.AssertionError -->
          <reporter-output>
          </reporter-output>
        </test-method> <!-- Validate_Criteo_SDK_Initialization_API_Call_Response_Parameter_remoteLogLevel -->
        <test-method status="PASS" signature="Verify_Seasonal_Hub_Details_Page_AdCall()[pri:700, instance:com.twc.ios.app.testcases.SmokeTest@63429932]" name="Verify_Seasonal_Hub_Details_Page_AdCall" duration-ms="755807" started-at="2022-03-02T21:45:30Z" finished-at="2022-03-02T21:58:06Z">
          <reporter-output>
          </reporter-output>
        </test-method> <!-- Verify_Seasonal_Hub_Details_Page_AdCall -->
        <test-method status="PASS" signature="afterClass()[pri:0, instance:com.twc.ios.app.testcases.SmokeTest@63429932]" name="afterClass" is-config="true" duration-ms="20967" started-at="2022-03-02T21:58:06Z" finished-at="2022-03-02T21:58:27Z">
          <reporter-output>
          </reporter-output>
        </test-method> <!-- afterClass -->
      </class> <!-- com.twc.ios.app.testcases.SmokeTest -->
    </test> <!-- Default test -->
  </suite> <!-- Default suite -->
</testng-results>
